[inst #1] lui $1,-21846
Register Write to Reg: 0x01 Val: 0xAAAA0000
[inst #2] ori $1,$1,43690
Register Write to Reg: 0x01 Val: 0xAAAAAAAA
[inst #3] nor $1,$0,$1
Register Write to Reg: 0x01 Val: 0x55555555
[inst #4] nor $2,$2,$1
Register Write to Reg: 0x02 Val: 0xAAAAAAAA
[inst #5] nor $3,$3,$1
Register Write to Reg: 0x03 Val: 0xAAAAAAAA
[inst #6] nor $4,$4,$1
Register Write to Reg: 0x04 Val: 0xAAAAAAAA
[inst #7] nor $5,$4,$1
Register Write to Reg: 0x05 Val: 0x00000000
[inst #8] nor $6,$5,$1
Register Write to Reg: 0x06 Val: 0xAAAAAAAA
[inst #9] nor $7,$6,$1
Register Write to Reg: 0x07 Val: 0x00000000
[inst #10] nor $8,$7,$1
Register Write to Reg: 0x08 Val: 0xAAAAAAAA
[inst #11] nor $9,$8,$1
Register Write to Reg: 0x09 Val: 0x00000000
[inst #12] nor $10,$9,$1
Register Write to Reg: 0x0A Val: 0xAAAAAAAA
[inst #13] nor $11,$10,$1
Register Write to Reg: 0x0B Val: 0x00000000
[inst #14] nor $12,$11,$1
Register Write to Reg: 0x0C Val: 0xAAAAAAAA
[inst #15] nor $13,$12,$1
Register Write to Reg: 0x0D Val: 0x00000000
[inst #16] nor $14,$13,$1
Register Write to Reg: 0x0E Val: 0xAAAAAAAA
[inst #17] nor $15,$13,$1
Register Write to Reg: 0x0F Val: 0xAAAAAAAA
[inst #18] nor $16,$15,$1
Register Write to Reg: 0x10 Val: 0x00000000
[inst #19] nor $17,$16,$1
Register Write to Reg: 0x11 Val: 0xAAAAAAAA
[inst #20] nor $18,$17,$1
Register Write to Reg: 0x12 Val: 0x00000000
[inst #21] nor $19,$18,$1
Register Write to Reg: 0x13 Val: 0xAAAAAAAA
[inst #22] nor $20,$19,$1
Register Write to Reg: 0x14 Val: 0x00000000
[inst #23] nor $21,$20,$1
Register Write to Reg: 0x15 Val: 0xAAAAAAAA
[inst #24] nor $22,$21,$1
Register Write to Reg: 0x16 Val: 0x00000000
[inst #25] nor $23,$22,$1
Register Write to Reg: 0x17 Val: 0xAAAAAAAA
[inst #26] nor $24,$23,$1
Register Write to Reg: 0x18 Val: 0x00000000
[inst #27] nor $25,$24,$1
Register Write to Reg: 0x19 Val: 0xAAAAAAAA
[inst #28] nor $26,$25,$1
Register Write to Reg: 0x1A Val: 0x00000000
[inst #29] nor $27,$26,$1
Register Write to Reg: 0x1B Val: 0xAAAAAAAA
[inst #30] nor $28,$27,$1
Register Write to Reg: 0x1C Val: 0x00000000
[inst #31] nor $29,$28,$1
Register Write to Reg: 0x1D Val: 0xAAAAAAAA
[inst #32] nor $30,$29,$1
Register Write to Reg: 0x1E Val: 0x00000000
[inst #33] nor $31,$30,$1
Register Write to Reg: 0x1F Val: 0xAAAAAAAA
[inst #34] lui $1,21845
Register Write to Reg: 0x01 Val: 0x55550000
[inst #35] ori $1,$1,21845
Register Write to Reg: 0x01 Val: 0x55555555
[inst #36] nor $1,$0,$1
Register Write to Reg: 0x01 Val: 0xAAAAAAAA
[inst #37] nor $2,$2,$1
Register Write to Reg: 0x02 Val: 0x55555555
[inst #38] nor $3,$3,$1
Register Write to Reg: 0x03 Val: 0x55555555
[inst #39] nor $4,$4,$1
Register Write to Reg: 0x04 Val: 0x55555555
[inst #40] nor $5,$4,$1
Register Write to Reg: 0x05 Val: 0x00000000
[inst #41] nor $6,$5,$1
Register Write to Reg: 0x06 Val: 0x55555555
[inst #42] nor $7,$6,$1
Register Write to Reg: 0x07 Val: 0x00000000
[inst #43] nor $8,$7,$1
Register Write to Reg: 0x08 Val: 0x55555555
[inst #44] nor $9,$8,$1
Register Write to Reg: 0x09 Val: 0x00000000
[inst #45] nor $10,$9,$1
Register Write to Reg: 0x0A Val: 0x55555555
[inst #46] nor $11,$10,$1
Register Write to Reg: 0x0B Val: 0x00000000
[inst #47] nor $12,$11,$1
Register Write to Reg: 0x0C Val: 0x55555555
[inst #48] nor $13,$12,$1
Register Write to Reg: 0x0D Val: 0x00000000
[inst #49] nor $14,$13,$1
Register Write to Reg: 0x0E Val: 0x55555555
[inst #50] nor $15,$13,$1
Register Write to Reg: 0x0F Val: 0x55555555
[inst #51] nor $16,$15,$1
Register Write to Reg: 0x10 Val: 0x00000000
[inst #52] nor $17,$16,$1
Register Write to Reg: 0x11 Val: 0x55555555
[inst #53] nor $18,$17,$1
Register Write to Reg: 0x12 Val: 0x00000000
[inst #54] nor $19,$18,$1
Register Write to Reg: 0x13 Val: 0x55555555
[inst #55] nor $20,$19,$1
Register Write to Reg: 0x14 Val: 0x00000000
[inst #56] nor $21,$20,$1
Register Write to Reg: 0x15 Val: 0x55555555
[inst #57] nor $22,$21,$1
Register Write to Reg: 0x16 Val: 0x00000000
[inst #58] nor $23,$22,$1
Register Write to Reg: 0x17 Val: 0x55555555
[inst #59] nor $24,$23,$1
Register Write to Reg: 0x18 Val: 0x00000000
[inst #60] nor $25,$24,$1
Register Write to Reg: 0x19 Val: 0x55555555
[inst #61] nor $26,$25,$1
Register Write to Reg: 0x1A Val: 0x00000000
[inst #62] nor $27,$26,$1
Register Write to Reg: 0x1B Val: 0x55555555
[inst #63] nor $28,$27,$1
Register Write to Reg: 0x1C Val: 0x00000000
[inst #64] nor $29,$28,$1
Register Write to Reg: 0x1D Val: 0x55555555
[inst #65] nor $30,$29,$1
Register Write to Reg: 0x1E Val: 0x00000000
[inst #66] nor $31,$30,$1
Register Write to Reg: 0x1F Val: 0x55555555
[inst #67] halt 

