[inst #1] addi $1,$0,0
Register Write to Reg: 0x01 Val: 0x00000000
[inst #2] lui $1,0
Register Write to Reg: 0x01 Val: 0x00000000
[inst #3] ori $1,$1,0
Register Write to Reg: 0x01 Val: 0x00000000
[inst #4] addu $1,$1,$1
Register Write to Reg: 0x01 Val: 0x00000000
[inst #5] lui $1,0
Register Write to Reg: 0x01 Val: 0x00000000
[inst #6] ori $1,$1,1
Register Write to Reg: 0x01 Val: 0x00000001
[inst #7] addu $2,$0,$1
Register Write to Reg: 0x02 Val: 0x00000001
[inst #8] lui $1,0
Register Write to Reg: 0x01 Val: 0x00000000
[inst #9] ori $1,$1,2
Register Write to Reg: 0x01 Val: 0x00000002
[inst #10] addu $3,$3,$1
Register Write to Reg: 0x03 Val: 0x00000002
[inst #11] lui $1,0
Register Write to Reg: 0x01 Val: 0x00000000
[inst #12] ori $1,$1,3
Register Write to Reg: 0x01 Val: 0x00000003
[inst #13] addu $4,$4,$1
Register Write to Reg: 0x04 Val: 0x00000003
[inst #14] lui $1,0
Register Write to Reg: 0x01 Val: 0x00000000
[inst #15] ori $1,$1,4
Register Write to Reg: 0x01 Val: 0x00000004
[inst #16] addu $5,$5,$1
Register Write to Reg: 0x05 Val: 0x00000004
[inst #17] lui $1,0
Register Write to Reg: 0x01 Val: 0x00000000
[inst #18] ori $1,$1,5
Register Write to Reg: 0x01 Val: 0x00000005
[inst #19] addu $6,$0,$1
Register Write to Reg: 0x06 Val: 0x00000005
[inst #20] lui $1,0
Register Write to Reg: 0x01 Val: 0x00000000
[inst #21] ori $1,$1,6
Register Write to Reg: 0x01 Val: 0x00000006
[inst #22] addu $7,$0,$1
Register Write to Reg: 0x07 Val: 0x00000006
[inst #23] lui $1,0
Register Write to Reg: 0x01 Val: 0x00000000
[inst #24] ori $1,$1,7
Register Write to Reg: 0x01 Val: 0x00000007
[inst #25] addu $8,$0,$1
Register Write to Reg: 0x08 Val: 0x00000007
[inst #26] lui $1,0
Register Write to Reg: 0x01 Val: 0x00000000
[inst #27] ori $1,$1,8
Register Write to Reg: 0x01 Val: 0x00000008
[inst #28] addu $9,$0,$1
Register Write to Reg: 0x09 Val: 0x00000008
[inst #29] lui $1,0
Register Write to Reg: 0x01 Val: 0x00000000
[inst #30] ori $1,$1,9
Register Write to Reg: 0x01 Val: 0x00000009
[inst #31] addu $10,$0,$1
Register Write to Reg: 0x0A Val: 0x00000009
[inst #32] lui $1,0
Register Write to Reg: 0x01 Val: 0x00000000
[inst #33] ori $1,$1,10
Register Write to Reg: 0x01 Val: 0x0000000A
[inst #34] addu $11,$0,$1
Register Write to Reg: 0x0B Val: 0x0000000A
[inst #35] lui $1,0
Register Write to Reg: 0x01 Val: 0x00000000
[inst #36] ori $1,$1,11
Register Write to Reg: 0x01 Val: 0x0000000B
[inst #37] addu $12,$0,$1
Register Write to Reg: 0x0C Val: 0x0000000B
[inst #38] lui $1,0
Register Write to Reg: 0x01 Val: 0x00000000
[inst #39] ori $1,$1,12
Register Write to Reg: 0x01 Val: 0x0000000C
[inst #40] addu $13,$0,$1
Register Write to Reg: 0x0D Val: 0x0000000C
[inst #41] lui $1,0
Register Write to Reg: 0x01 Val: 0x00000000
[inst #42] ori $1,$1,13
Register Write to Reg: 0x01 Val: 0x0000000D
[inst #43] addu $14,$0,$1
Register Write to Reg: 0x0E Val: 0x0000000D
[inst #44] lui $1,0
Register Write to Reg: 0x01 Val: 0x00000000
[inst #45] ori $1,$1,14
Register Write to Reg: 0x01 Val: 0x0000000E
[inst #46] addu $15,$0,$1
Register Write to Reg: 0x0F Val: 0x0000000E
[inst #47] lui $1,0
Register Write to Reg: 0x01 Val: 0x00000000
[inst #48] ori $1,$1,15
Register Write to Reg: 0x01 Val: 0x0000000F
[inst #49] addu $16,$0,$1
Register Write to Reg: 0x10 Val: 0x0000000F
[inst #50] lui $1,0
Register Write to Reg: 0x01 Val: 0x00000000
[inst #51] ori $1,$1,16
Register Write to Reg: 0x01 Val: 0x00000010
[inst #52] addu $17,$0,$1
Register Write to Reg: 0x11 Val: 0x00000010
[inst #53] lui $1,0
Register Write to Reg: 0x01 Val: 0x00000000
[inst #54] ori $1,$1,17
Register Write to Reg: 0x01 Val: 0x00000011
[inst #55] addu $18,$0,$1
Register Write to Reg: 0x12 Val: 0x00000011
[inst #56] lui $1,0
Register Write to Reg: 0x01 Val: 0x00000000
[inst #57] ori $1,$1,18
Register Write to Reg: 0x01 Val: 0x00000012
[inst #58] addu $19,$0,$1
Register Write to Reg: 0x13 Val: 0x00000012
[inst #59] lui $1,0
Register Write to Reg: 0x01 Val: 0x00000000
[inst #60] ori $1,$1,19
Register Write to Reg: 0x01 Val: 0x00000013
[inst #61] addu $20,$0,$1
Register Write to Reg: 0x14 Val: 0x00000013
[inst #62] lui $1,0
Register Write to Reg: 0x01 Val: 0x00000000
[inst #63] ori $1,$1,20
Register Write to Reg: 0x01 Val: 0x00000014
[inst #64] addu $21,$0,$1
Register Write to Reg: 0x15 Val: 0x00000014
[inst #65] lui $1,0
Register Write to Reg: 0x01 Val: 0x00000000
[inst #66] ori $1,$1,21
Register Write to Reg: 0x01 Val: 0x00000015
[inst #67] addu $22,$0,$1
Register Write to Reg: 0x16 Val: 0x00000015
[inst #68] lui $1,0
Register Write to Reg: 0x01 Val: 0x00000000
[inst #69] ori $1,$1,22
Register Write to Reg: 0x01 Val: 0x00000016
[inst #70] addu $23,$0,$1
Register Write to Reg: 0x17 Val: 0x00000016
[inst #71] lui $1,0
Register Write to Reg: 0x01 Val: 0x00000000
[inst #72] ori $1,$1,23
Register Write to Reg: 0x01 Val: 0x00000017
[inst #73] addu $24,$0,$1
Register Write to Reg: 0x18 Val: 0x00000017
[inst #74] lui $1,0
Register Write to Reg: 0x01 Val: 0x00000000
[inst #75] ori $1,$1,24
Register Write to Reg: 0x01 Val: 0x00000018
[inst #76] addu $25,$0,$1
Register Write to Reg: 0x19 Val: 0x00000018
[inst #77] lui $1,0
Register Write to Reg: 0x01 Val: 0x00000000
[inst #78] ori $1,$1,25
Register Write to Reg: 0x01 Val: 0x00000019
[inst #79] addu $26,$0,$1
Register Write to Reg: 0x1A Val: 0x00000019
[inst #80] lui $1,0
Register Write to Reg: 0x01 Val: 0x00000000
[inst #81] ori $1,$1,26
Register Write to Reg: 0x01 Val: 0x0000001A
[inst #82] addu $27,$0,$1
Register Write to Reg: 0x1B Val: 0x0000001A
[inst #83] lui $1,0
Register Write to Reg: 0x01 Val: 0x00000000
[inst #84] ori $1,$1,27
Register Write to Reg: 0x01 Val: 0x0000001B
[inst #85] addu $28,$0,$1
Register Write to Reg: 0x1C Val: 0x0000001B
[inst #86] lui $1,0
Register Write to Reg: 0x01 Val: 0x00000000
[inst #87] ori $1,$1,28
Register Write to Reg: 0x01 Val: 0x0000001C
[inst #88] addu $29,$0,$1
Register Write to Reg: 0x1D Val: 0x0000001C
[inst #89] lui $1,0
Register Write to Reg: 0x01 Val: 0x00000000
[inst #90] ori $1,$1,29
Register Write to Reg: 0x01 Val: 0x0000001D
[inst #91] addu $30,$0,$1
Register Write to Reg: 0x1E Val: 0x0000001D
[inst #92] lui $1,0
Register Write to Reg: 0x01 Val: 0x00000000
[inst #93] ori $1,$1,30
Register Write to Reg: 0x01 Val: 0x0000001E
[inst #94] addu $31,$0,$1
Register Write to Reg: 0x1F Val: 0x0000001E
[inst #95] halt 

