[inst #1] lui $1,0
Register Write to Reg: 0x01 Val: 0x00000000
[inst #2] lui $1,1
Register Write to Reg: 0x01 Val: 0x00010000
[inst #3] lui $1,2
Register Write to Reg: 0x01 Val: 0x00020000
[inst #4] lui $1,4
Register Write to Reg: 0x01 Val: 0x00040000
[inst #5] lui $1,8
Register Write to Reg: 0x01 Val: 0x00080000
[inst #6] lui $1,16
Register Write to Reg: 0x01 Val: 0x00100000
[inst #7] lui $1,32
Register Write to Reg: 0x01 Val: 0x00200000
[inst #8] lui $1,64
Register Write to Reg: 0x01 Val: 0x00400000
[inst #9] lui $1,128
Register Write to Reg: 0x01 Val: 0x00800000
[inst #10] lui $1,256
Register Write to Reg: 0x01 Val: 0x01000000
[inst #11] lui $1,512
Register Write to Reg: 0x01 Val: 0x02000000
[inst #12] lui $1,1024
Register Write to Reg: 0x01 Val: 0x04000000
[inst #13] lui $1,2048
Register Write to Reg: 0x01 Val: 0x08000000
[inst #14] lui $1,4096
Register Write to Reg: 0x01 Val: 0x10000000
[inst #15] lui $1,8172
Register Write to Reg: 0x01 Val: 0x1FEC0000
[inst #16] lui $1,16324
Register Write to Reg: 0x01 Val: 0x3FC40000
[inst #17] lui $1,32648
Register Write to Reg: 0x01 Val: 0x7F880000
[inst #18] lui $1,50000
Register Write to Reg: 0x01 Val: 0xC3500000
[inst #19] lui $1,25000
Register Write to Reg: 0x01 Val: 0x61A80000
[inst #20] lui $1,3
Register Write to Reg: 0x01 Val: 0x00030000
[inst #21] lui $1,7459
Register Write to Reg: 0x01 Val: 0x1D230000
[inst #22] lui $1,123
Register Write to Reg: 0x01 Val: 0x007B0000
[inst #23] lui $1,9578
Register Write to Reg: 0x01 Val: 0x256A0000
[inst #24] lui $1,12345
Register Write to Reg: 0x01 Val: 0x30390000
[inst #25] lui $1,3846
Register Write to Reg: 0x01 Val: 0x0F060000
[inst #26] lui $1,2435
Register Write to Reg: 0x01 Val: 0x09830000
[inst #27] lui $1,754
Register Write to Reg: 0x01 Val: 0x02F20000
[inst #28] lui $1,3456
Register Write to Reg: 0x01 Val: 0x0D800000
[inst #29] lui $1,53
Register Write to Reg: 0x01 Val: 0x00350000
[inst #30] lui $1,875
Register Write to Reg: 0x01 Val: 0x036B0000
[inst #31] lui $1,6754
Register Write to Reg: 0x01 Val: 0x1A620000
[inst #32] lui $1,16789
Register Write to Reg: 0x01 Val: 0x41950000
[inst #33] halt 

