In clock cycle: 0
Register Write to Reg: 0x01 Val: 0x00000000
In clock cycle: 1
Register Write to Reg: 0x01 Val: 0x00010000
In clock cycle: 2
Register Write to Reg: 0x01 Val: 0x00020000
In clock cycle: 3
Register Write to Reg: 0x01 Val: 0x00040000
In clock cycle: 4
Register Write to Reg: 0x01 Val: 0x00080000
In clock cycle: 5
Register Write to Reg: 0x01 Val: 0x00100000
In clock cycle: 6
Register Write to Reg: 0x01 Val: 0x00200000
In clock cycle: 7
Register Write to Reg: 0x01 Val: 0x00400000
In clock cycle: 8
Register Write to Reg: 0x01 Val: 0x00800000
In clock cycle: 9
Register Write to Reg: 0x01 Val: 0x01000000
In clock cycle: 10
Register Write to Reg: 0x01 Val: 0x02000000
In clock cycle: 11
Register Write to Reg: 0x01 Val: 0x04000000
In clock cycle: 12
Register Write to Reg: 0x01 Val: 0x08000000
In clock cycle: 13
Register Write to Reg: 0x01 Val: 0x10000000
In clock cycle: 14
Register Write to Reg: 0x01 Val: 0x1FEC0000
In clock cycle: 15
Register Write to Reg: 0x01 Val: 0x3FC40000
In clock cycle: 16
Register Write to Reg: 0x01 Val: 0x7F880000
In clock cycle: 17
Register Write to Reg: 0x01 Val: 0xC3500000
In clock cycle: 18
Register Write to Reg: 0x01 Val: 0x61A80000
In clock cycle: 19
Register Write to Reg: 0x01 Val: 0x00030000
In clock cycle: 20
Register Write to Reg: 0x01 Val: 0x1D230000
In clock cycle: 21
Register Write to Reg: 0x01 Val: 0x007B0000
In clock cycle: 22
Register Write to Reg: 0x01 Val: 0x256A0000
In clock cycle: 23
Register Write to Reg: 0x01 Val: 0x30390000
In clock cycle: 24
Register Write to Reg: 0x01 Val: 0x0F060000
In clock cycle: 25
Register Write to Reg: 0x01 Val: 0x09830000
In clock cycle: 26
Register Write to Reg: 0x01 Val: 0x02F20000
In clock cycle: 27
Register Write to Reg: 0x01 Val: 0x0D800000
In clock cycle: 28
Register Write to Reg: 0x01 Val: 0x00350000
In clock cycle: 29
Register Write to Reg: 0x01 Val: 0x036B0000
In clock cycle: 30
Register Write to Reg: 0x01 Val: 0x1A620000
In clock cycle: 31
Register Write to Reg: 0x01 Val: 0x41950000
Execution is stopping! Clock Cycle: 32
