In clock cycle: 1
Register Write to Reg: 0x10 Val: 0xXXXXXXXX
In clock cycle: 2
Register Write to Reg: 0x10 Val: 0x00000000
In clock cycle: 4
Register Write to Reg: 0x11 Val: 0x00001234
In clock cycle: 5
Register Write to Reg: 0x11 Val: 0x00000000
In clock cycle: 7
Register Write to Reg: 0x1F Val: 0x00001234
In clock cycle: 8
Register Write to Reg: 0x13 Val: 0x00001234
In clock cycle: 9
Register Write to Reg: 0x00 Val: 0xFFFFFFFF
Arithmetic Overflow Detected
In clock cycle: 11
Register Write to Reg: 0x10 Val: 0x00001234
In clock cycle: 13
Register Write to Reg: 0x00 Val: 0x00001234
Execution is stopping! Clock Cycle: 13
