[inst #1] lui $1,32768
Register Write to Reg: 0x01 Val: 0x80000000
[inst #2] or $2,$0,$1
Register Write to Reg: 0x02 Val: 0x80000000
[inst #3] lui $1,16384
Register Write to Reg: 0x01 Val: 0x40000000
[inst #4] or $3,$0,$1
Register Write to Reg: 0x03 Val: 0x40000000
[inst #5] lui $1,8192
Register Write to Reg: 0x01 Val: 0x20000000
[inst #6] or $4,$0,$1
Register Write to Reg: 0x04 Val: 0x20000000
[inst #7] lui $1,4096
Register Write to Reg: 0x01 Val: 0x10000000
[inst #8] or $5,$0,$1
Register Write to Reg: 0x05 Val: 0x10000000
[inst #9] lui $1,2048
Register Write to Reg: 0x01 Val: 0x08000000
[inst #10] or $6,$0,$1
Register Write to Reg: 0x06 Val: 0x08000000
[inst #11] lui $1,1024
Register Write to Reg: 0x01 Val: 0x04000000
[inst #12] or $7,$0,$1
Register Write to Reg: 0x07 Val: 0x04000000
[inst #13] lui $1,512
Register Write to Reg: 0x01 Val: 0x02000000
[inst #14] or $8,$0,$1
Register Write to Reg: 0x08 Val: 0x02000000
[inst #15] lui $1,256
Register Write to Reg: 0x01 Val: 0x01000000
[inst #16] or $9,$0,$1
Register Write to Reg: 0x09 Val: 0x01000000
[inst #17] lui $1,128
Register Write to Reg: 0x01 Val: 0x00800000
[inst #18] or $10,$0,$1
Register Write to Reg: 0x0A Val: 0x00800000
[inst #19] lui $1,64
Register Write to Reg: 0x01 Val: 0x00400000
[inst #20] or $11,$0,$1
Register Write to Reg: 0x0B Val: 0x00400000
[inst #21] lui $1,32
Register Write to Reg: 0x01 Val: 0x00200000
[inst #22] or $12,$0,$1
Register Write to Reg: 0x0C Val: 0x00200000
[inst #23] lui $1,16
Register Write to Reg: 0x01 Val: 0x00100000
[inst #24] or $13,$0,$1
Register Write to Reg: 0x0D Val: 0x00100000
[inst #25] lui $1,8
Register Write to Reg: 0x01 Val: 0x00080000
[inst #26] or $14,$0,$1
Register Write to Reg: 0x0E Val: 0x00080000
[inst #27] lui $1,4
Register Write to Reg: 0x01 Val: 0x00040000
[inst #28] or $15,$0,$1
Register Write to Reg: 0x0F Val: 0x00040000
[inst #29] lui $1,2
Register Write to Reg: 0x01 Val: 0x00020000
[inst #30] or $16,$0,$1
Register Write to Reg: 0x10 Val: 0x00020000
[inst #31] lui $1,1
Register Write to Reg: 0x01 Val: 0x00010000
[inst #32] or $17,$0,$1
Register Write to Reg: 0x11 Val: 0x00010000
[inst #33] ori $1,$0,32768
Register Write to Reg: 0x01 Val: 0x00008000
[inst #34] or $18,$0,$1
Register Write to Reg: 0x12 Val: 0x00008000
[inst #35] ori $1,$0,16384
Register Write to Reg: 0x01 Val: 0x00004000
[inst #36] or $19,$0,$1
Register Write to Reg: 0x13 Val: 0x00004000
[inst #37] ori $1,$0,8192
Register Write to Reg: 0x01 Val: 0x00002000
[inst #38] or $20,$0,$1
Register Write to Reg: 0x14 Val: 0x00002000
[inst #39] ori $1,$0,4096
Register Write to Reg: 0x01 Val: 0x00001000
[inst #40] or $21,$0,$1
Register Write to Reg: 0x15 Val: 0x00001000
[inst #41] ori $1,$0,2048
Register Write to Reg: 0x01 Val: 0x00000800
[inst #42] or $22,$0,$1
Register Write to Reg: 0x16 Val: 0x00000800
[inst #43] ori $1,$0,1024
Register Write to Reg: 0x01 Val: 0x00000400
[inst #44] or $23,$0,$1
Register Write to Reg: 0x17 Val: 0x00000400
[inst #45] ori $1,$0,512
Register Write to Reg: 0x01 Val: 0x00000200
[inst #46] or $24,$0,$1
Register Write to Reg: 0x18 Val: 0x00000200
[inst #47] ori $1,$0,256
Register Write to Reg: 0x01 Val: 0x00000100
[inst #48] or $25,$0,$1
Register Write to Reg: 0x19 Val: 0x00000100
[inst #49] ori $1,$0,128
Register Write to Reg: 0x01 Val: 0x00000080
[inst #50] or $26,$0,$1
Register Write to Reg: 0x1A Val: 0x00000080
[inst #51] ori $1,$0,64
Register Write to Reg: 0x01 Val: 0x00000040
[inst #52] or $27,$0,$1
Register Write to Reg: 0x1B Val: 0x00000040
[inst #53] ori $1,$0,32
Register Write to Reg: 0x01 Val: 0x00000020
[inst #54] or $28,$0,$1
Register Write to Reg: 0x1C Val: 0x00000020
[inst #55] ori $1,$0,16
Register Write to Reg: 0x01 Val: 0x00000010
[inst #56] or $29,$0,$1
Register Write to Reg: 0x1D Val: 0x00000010
[inst #57] ori $1,$0,8
Register Write to Reg: 0x01 Val: 0x00000008
[inst #58] or $30,$0,$1
Register Write to Reg: 0x1E Val: 0x00000008
[inst #59] ori $1,$0,4
Register Write to Reg: 0x01 Val: 0x00000004
[inst #60] or $31,$0,$1
Register Write to Reg: 0x1F Val: 0x00000004
[inst #61] ori $1,$0,2
Register Write to Reg: 0x01 Val: 0x00000002
[inst #62] or $31,$0,$1
Register Write to Reg: 0x1F Val: 0x00000002
[inst #63] ori $1,$0,1
Register Write to Reg: 0x01 Val: 0x00000001
[inst #64] or $31,$0,$1
Register Write to Reg: 0x1F Val: 0x00000001
[inst #65] halt 

