Info: *******************************************************************
Info: Running Quartus Prime Analysis & Synthesis
    Info: Version 21.1.1 Build 850 06/23/2022 SJ Standard Edition
    Info: Copyright (C) 2022  Intel Corporation. All rights reserved.
    Info: Your use of Intel Corporation's design tools, logic functions 
    Info: and other software and tools, and any partner logic 
    Info: functions, and any output files from any of the foregoing 
    Info: (including device programming or simulation files), and any 
    Info: associated documentation or information are expressly subject 
    Info: to the terms and conditions of the Intel Program License 
    Info: Subscription Agreement, the Intel Quartus Prime License Agreement,
    Info: the Intel FPGA IP License Agreement, or other applicable license
    Info: agreement, including, without limitation, that your use is for
    Info: the sole purpose of programming logic devices manufactured by
    Info: Intel and sold by Intel or its authorized distributors.  Please
    Info: refer to the applicable agreement for further details, at
    Info: https://fpgasoftware.intel.com/eula.
    Info: Processing started: Sun Dec 11 16:31:42 2022
Info: Command: quartus_map --read_settings_files=on --write_settings_files=off toolflow -c toolflow
Warning (18236): Number of processors has not been specified which may cause overloading on shared machines.  Set the global assignment NUM_PARALLEL_PROCESSORS in your QSF to an appropriate value for best performance.
Info (20030): Parallel compilation is enabled and will use 4 of the 4 processors detected
Info (12021): Found 2 design units, including 0 entities, in source file /home/bj27/Desktop/p2/project-1/Toolflow/proj/src/MIPS_types.vhd
    Info (12022): Found design unit 1: MIPS_types File: /home/bj27/Desktop/p2/project-1/Toolflow/proj/src/MIPS_types.vhd Line: 15
    Info (12022): Found design unit 2: MIPS_types-body File: /home/bj27/Desktop/p2/project-1/Toolflow/proj/src/MIPS_types.vhd Line: 29
Info (12021): Found 2 design units, including 1 entities, in source file /home/bj27/Desktop/p2/project-1/Toolflow/proj/src/TopLevel/Lower/ALU.vhd
    Info (12022): Found design unit 1: ALU-structure File: /home/bj27/Desktop/p2/project-1/Toolflow/proj/src/TopLevel/Lower/ALU.vhd Line: 22
    Info (12023): Found entity 1: ALU File: /home/bj27/Desktop/p2/project-1/Toolflow/proj/src/TopLevel/Lower/ALU.vhd Line: 4
Info (12021): Found 2 design units, including 1 entities, in source file /home/bj27/Desktop/p2/project-1/Toolflow/proj/src/TopLevel/Lower/AddSub.vhd
    Info (12022): Found design unit 1: AddSub-structural File: /home/bj27/Desktop/p2/project-1/Toolflow/proj/src/TopLevel/Lower/AddSub.vhd Line: 29
    Info (12023): Found entity 1: AddSub File: /home/bj27/Desktop/p2/project-1/Toolflow/proj/src/TopLevel/Lower/AddSub.vhd Line: 19
Info (12021): Found 2 design units, including 1 entities, in source file /home/bj27/Desktop/p2/project-1/Toolflow/proj/src/TopLevel/Lower/Adder.vhd
    Info (12022): Found design unit 1: Adder-behavior File: /home/bj27/Desktop/p2/project-1/Toolflow/proj/src/TopLevel/Lower/Adder.vhd Line: 35
    Info (12023): Found entity 1: Adder File: /home/bj27/Desktop/p2/project-1/Toolflow/proj/src/TopLevel/Lower/Adder.vhd Line: 26
Info (12021): Found 2 design units, including 1 entities, in source file /home/bj27/Desktop/p2/project-1/Toolflow/proj/src/TopLevel/Lower/AdderS.vhd
    Info (12022): Found design unit 1: AdderS-structural File: /home/bj27/Desktop/p2/project-1/Toolflow/proj/src/TopLevel/Lower/AdderS.vhd Line: 28
    Info (12023): Found entity 1: AdderS File: /home/bj27/Desktop/p2/project-1/Toolflow/proj/src/TopLevel/Lower/AdderS.vhd Line: 19
Info (12021): Found 2 design units, including 1 entities, in source file /home/bj27/Desktop/p2/project-1/Toolflow/proj/src/TopLevel/Lower/ComparatorUnit.vhd
    Info (12022): Found design unit 1: ComparatorUnit-dataflow File: /home/bj27/Desktop/p2/project-1/Toolflow/proj/src/TopLevel/Lower/ComparatorUnit.vhd Line: 29
    Info (12023): Found entity 1: ComparatorUnit File: /home/bj27/Desktop/p2/project-1/Toolflow/proj/src/TopLevel/Lower/ComparatorUnit.vhd Line: 19
Info (12021): Found 2 design units, including 1 entities, in source file /home/bj27/Desktop/p2/project-1/Toolflow/proj/src/TopLevel/Lower/Decoder5t32.vhd
    Info (12022): Found design unit 1: Decoder5t32-dataflow File: /home/bj27/Desktop/p2/project-1/Toolflow/proj/src/TopLevel/Lower/Decoder5t32.vhd Line: 30
    Info (12023): Found entity 1: Decoder5t32 File: /home/bj27/Desktop/p2/project-1/Toolflow/proj/src/TopLevel/Lower/Decoder5t32.vhd Line: 22
Info (15248): File "/home/bj27/Desktop/p2/project-1/Toolflow/proj/src/TopLevel/Lower/Fetch Logic/AddSub.vhd" is a duplicate of already analyzed file "/home/bj27/Desktop/p2/project-1/Toolflow/proj/src/TopLevel/Lower/AddSub.vhd" (same filename, same library name and same md5 digest). Skipping analysis of this file.
Info (12021): Found 0 design units, including 0 entities, in source file /home/bj27/Desktop/p2/project-1/Toolflow/proj/src/TopLevel/Lower/Fetch Logic/AddSub.vhd
Info (12021): Found 2 design units, including 1 entities, in source file /home/bj27/Desktop/p2/project-1/Toolflow/proj/src/TopLevel/Lower/Fetch Logic/Fetch_log.vhd
    Info (12022): Found design unit 1: Fetch_log-structural File: /home/bj27/Desktop/p2/project-1/Toolflow/proj/src/TopLevel/Lower/Fetch Logic/Fetch_log.vhd Line: 33
    Info (12023): Found entity 1: Fetch_log File: /home/bj27/Desktop/p2/project-1/Toolflow/proj/src/TopLevel/Lower/Fetch Logic/Fetch_log.vhd Line: 23
Info (12021): Found 2 design units, including 1 entities, in source file /home/bj27/Desktop/p2/project-1/Toolflow/proj/src/TopLevel/Lower/Fetch Logic/PC_reg.vhd
    Info (12022): Found design unit 1: PC_reg-structural File: /home/bj27/Desktop/p2/project-1/Toolflow/proj/src/TopLevel/Lower/Fetch Logic/PC_reg.vhd Line: 33
    Info (12023): Found entity 1: PC_reg File: /home/bj27/Desktop/p2/project-1/Toolflow/proj/src/TopLevel/Lower/Fetch Logic/PC_reg.vhd Line: 23
Info (12021): Found 2 design units, including 1 entities, in source file /home/bj27/Desktop/p2/project-1/Toolflow/proj/src/TopLevel/Lower/Fetch Logic/mux2t1_N.vhd
    Info (12022): Found design unit 1: mux2t1_N-structural File: /home/bj27/Desktop/p2/project-1/Toolflow/proj/src/TopLevel/Lower/Fetch Logic/mux2t1_N.vhd Line: 30
    Info (12023): Found entity 1: mux2t1_N File: /home/bj27/Desktop/p2/project-1/Toolflow/proj/src/TopLevel/Lower/Fetch Logic/mux2t1_N.vhd Line: 21
Info (12021): Found 2 design units, including 1 entities, in source file /home/bj27/Desktop/p2/project-1/Toolflow/proj/src/TopLevel/Lower/Multiplier.vhd
    Info (12022): Found design unit 1: Multiplier-behavior File: /home/bj27/Desktop/p2/project-1/Toolflow/proj/src/TopLevel/Lower/Multiplier.vhd Line: 35
    Info (12023): Found entity 1: Multiplier File: /home/bj27/Desktop/p2/project-1/Toolflow/proj/src/TopLevel/Lower/Multiplier.vhd Line: 26
Info (12021): Found 2 design units, including 1 entities, in source file /home/bj27/Desktop/p2/project-1/Toolflow/proj/src/TopLevel/Lower/NBitAdder.vhd
    Info (12022): Found design unit 1: NBitAdder-structural File: /home/bj27/Desktop/p2/project-1/Toolflow/proj/src/TopLevel/Lower/NBitAdder.vhd Line: 29
    Info (12023): Found entity 1: NBitAdder File: /home/bj27/Desktop/p2/project-1/Toolflow/proj/src/TopLevel/Lower/NBitAdder.vhd Line: 19
Info (12021): Found 2 design units, including 1 entities, in source file /home/bj27/Desktop/p2/project-1/Toolflow/proj/src/TopLevel/Lower/NReg.vhd
    Info (12022): Found design unit 1: NReg-structural File: /home/bj27/Desktop/p2/project-1/Toolflow/proj/src/TopLevel/Lower/NReg.vhd Line: 33
    Info (12023): Found entity 1: NReg File: /home/bj27/Desktop/p2/project-1/Toolflow/proj/src/TopLevel/Lower/NReg.vhd Line: 23
Info (12021): Found 2 design units, including 1 entities, in source file /home/bj27/Desktop/p2/project-1/Toolflow/proj/src/TopLevel/Lower/NRegF.vhd
    Info (12022): Found design unit 1: NRegF-structural File: /home/bj27/Desktop/p2/project-1/Toolflow/proj/src/TopLevel/Lower/NRegF.vhd Line: 14
    Info (12023): Found entity 1: NRegF File: /home/bj27/Desktop/p2/project-1/Toolflow/proj/src/TopLevel/Lower/NRegF.vhd Line: 4
Info (12021): Found 2 design units, including 1 entities, in source file /home/bj27/Desktop/p2/project-1/Toolflow/proj/src/TopLevel/Lower/NRegO.vhd
    Info (12022): Found design unit 1: NRegO-structural File: /home/bj27/Desktop/p2/project-1/Toolflow/proj/src/TopLevel/Lower/NRegO.vhd Line: 14
    Info (12023): Found entity 1: NRegO File: /home/bj27/Desktop/p2/project-1/Toolflow/proj/src/TopLevel/Lower/NRegO.vhd Line: 4
Info (12021): Found 2 design units, including 1 entities, in source file /home/bj27/Desktop/p2/project-1/Toolflow/proj/src/TopLevel/Lower/NRegT.vhd
    Info (12022): Found design unit 1: NRegT-structural File: /home/bj27/Desktop/p2/project-1/Toolflow/proj/src/TopLevel/Lower/NRegT.vhd Line: 14
    Info (12023): Found entity 1: NRegT File: /home/bj27/Desktop/p2/project-1/Toolflow/proj/src/TopLevel/Lower/NRegT.vhd Line: 4
Info (12021): Found 2 design units, including 1 entities, in source file /home/bj27/Desktop/p2/project-1/Toolflow/proj/src/TopLevel/Lower/OnesComp.vhd
    Info (12022): Found design unit 1: OnesComp-structural File: /home/bj27/Desktop/p2/project-1/Toolflow/proj/src/TopLevel/Lower/OnesComp.vhd Line: 27
    Info (12023): Found entity 1: OnesComp File: /home/bj27/Desktop/p2/project-1/Toolflow/proj/src/TopLevel/Lower/OnesComp.vhd Line: 20
Info (12021): Found 2 design units, including 1 entities, in source file /home/bj27/Desktop/p2/project-1/Toolflow/proj/src/TopLevel/Lower/Reg.vhd
    Info (12022): Found design unit 1: Reg-behavior File: /home/bj27/Desktop/p2/project-1/Toolflow/proj/src/TopLevel/Lower/Reg.vhd Line: 34
    Info (12023): Found entity 1: Reg File: /home/bj27/Desktop/p2/project-1/Toolflow/proj/src/TopLevel/Lower/Reg.vhd Line: 26
Info (12021): Found 2 design units, including 1 entities, in source file /home/bj27/Desktop/p2/project-1/Toolflow/proj/src/TopLevel/Lower/RegLd.vhd
    Info (12022): Found design unit 1: RegLd-behavior File: /home/bj27/Desktop/p2/project-1/Toolflow/proj/src/TopLevel/Lower/RegLd.vhd Line: 35
    Info (12023): Found entity 1: RegLd File: /home/bj27/Desktop/p2/project-1/Toolflow/proj/src/TopLevel/Lower/RegLd.vhd Line: 26
Info (12021): Found 2 design units, including 1 entities, in source file /home/bj27/Desktop/p2/project-1/Toolflow/proj/src/TopLevel/Lower/aluLogical.vhd
    Info (12022): Found design unit 1: aluLogical-structure File: /home/bj27/Desktop/p2/project-1/Toolflow/proj/src/TopLevel/Lower/aluLogical.vhd Line: 13
    Info (12023): Found entity 1: aluLogical File: /home/bj27/Desktop/p2/project-1/Toolflow/proj/src/TopLevel/Lower/aluLogical.vhd Line: 4
Info (12021): Found 2 design units, including 1 entities, in source file /home/bj27/Desktop/p2/project-1/Toolflow/proj/src/TopLevel/Lower/andg2.vhd
    Info (12022): Found design unit 1: andg2-dataflow File: /home/bj27/Desktop/p2/project-1/Toolflow/proj/src/TopLevel/Lower/andg2.vhd Line: 31
    Info (12023): Found entity 1: andg2 File: /home/bj27/Desktop/p2/project-1/Toolflow/proj/src/TopLevel/Lower/andg2.vhd Line: 23
Info (12021): Found 2 design units, including 1 entities, in source file /home/bj27/Desktop/p2/project-1/Toolflow/proj/src/TopLevel/Lower/control.vhd
    Info (12022): Found design unit 1: control-structure File: /home/bj27/Desktop/p2/project-1/Toolflow/proj/src/TopLevel/Lower/control.vhd Line: 29
    Info (12023): Found entity 1: control File: /home/bj27/Desktop/p2/project-1/Toolflow/proj/src/TopLevel/Lower/control.vhd Line: 4
Info (12021): Found 2 design units, including 1 entities, in source file /home/bj27/Desktop/p2/project-1/Toolflow/proj/src/TopLevel/Lower/dffg.vhd
    Info (12022): Found design unit 1: dffg-mixed File: /home/bj27/Desktop/p2/project-1/Toolflow/proj/src/TopLevel/Lower/dffg.vhd Line: 33
    Info (12023): Found entity 1: dffg File: /home/bj27/Desktop/p2/project-1/Toolflow/proj/src/TopLevel/Lower/dffg.vhd Line: 23
Info (12021): Found 2 design units, including 1 entities, in source file /home/bj27/Desktop/p2/project-1/Toolflow/proj/src/TopLevel/Lower/ex_memR.vhd
    Info (12022): Found design unit 1: ex_memR-structure File: /home/bj27/Desktop/p2/project-1/Toolflow/proj/src/TopLevel/Lower/ex_memR.vhd Line: 28
    Info (12023): Found entity 1: ex_memR File: /home/bj27/Desktop/p2/project-1/Toolflow/proj/src/TopLevel/Lower/ex_memR.vhd Line: 4
Info (12021): Found 2 design units, including 1 entities, in source file /home/bj27/Desktop/p2/project-1/Toolflow/proj/src/TopLevel/Lower/extender.vhd
    Info (12022): Found design unit 1: extender-behavior File: /home/bj27/Desktop/p2/project-1/Toolflow/proj/src/TopLevel/Lower/extender.vhd Line: 15
    Info (12023): Found entity 1: extender File: /home/bj27/Desktop/p2/project-1/Toolflow/proj/src/TopLevel/Lower/extender.vhd Line: 5
Info (12021): Found 2 design units, including 1 entities, in source file /home/bj27/Desktop/p2/project-1/Toolflow/proj/src/TopLevel/Lower/id_exR.vhd
    Info (12022): Found design unit 1: id_exR-structure File: /home/bj27/Desktop/p2/project-1/Toolflow/proj/src/TopLevel/Lower/id_exR.vhd Line: 47
    Info (12023): Found entity 1: id_exR File: /home/bj27/Desktop/p2/project-1/Toolflow/proj/src/TopLevel/Lower/id_exR.vhd Line: 4
Info (12021): Found 2 design units, including 1 entities, in source file /home/bj27/Desktop/p2/project-1/Toolflow/proj/src/TopLevel/Lower/if_idR.vhd
    Info (12022): Found design unit 1: if_idR-structure File: /home/bj27/Desktop/p2/project-1/Toolflow/proj/src/TopLevel/Lower/if_idR.vhd Line: 14
    Info (12023): Found entity 1: if_idR File: /home/bj27/Desktop/p2/project-1/Toolflow/proj/src/TopLevel/Lower/if_idR.vhd Line: 4
Info (12021): Found 2 design units, including 1 entities, in source file /home/bj27/Desktop/p2/project-1/Toolflow/proj/src/TopLevel/Lower/invg.vhd
    Info (12022): Found design unit 1: invg-dataflow File: /home/bj27/Desktop/p2/project-1/Toolflow/proj/src/TopLevel/Lower/invg.vhd Line: 30
    Info (12023): Found entity 1: invg File: /home/bj27/Desktop/p2/project-1/Toolflow/proj/src/TopLevel/Lower/invg.vhd Line: 23
Info (12021): Found 2 design units, including 1 entities, in source file /home/bj27/Desktop/p2/project-1/Toolflow/proj/src/TopLevel/Lower/leftBarrelShifter.vhd
    Info (12022): Found design unit 1: leftBarrelShifter-structural File: /home/bj27/Desktop/p2/project-1/Toolflow/proj/src/TopLevel/Lower/leftBarrelShifter.vhd Line: 12
    Info (12023): Found entity 1: leftBarrelShifter File: /home/bj27/Desktop/p2/project-1/Toolflow/proj/src/TopLevel/Lower/leftBarrelShifter.vhd Line: 4
Info (12021): Found 2 design units, including 1 entities, in source file /home/bj27/Desktop/p2/project-1/Toolflow/proj/src/TopLevel/Lower/mem_wb.vhd
    Info (12022): Found design unit 1: mem_wb-structure File: /home/bj27/Desktop/p2/project-1/Toolflow/proj/src/TopLevel/Lower/mem_wb.vhd Line: 26
    Info (12023): Found entity 1: mem_wb File: /home/bj27/Desktop/p2/project-1/Toolflow/proj/src/TopLevel/Lower/mem_wb.vhd Line: 4
Info (12021): Found 2 design units, including 1 entities, in source file /home/bj27/Desktop/p2/project-1/Toolflow/proj/src/TopLevel/Lower/mipsDatapath.vhd
    Info (12022): Found design unit 1: mipsDatapath-structural File: /home/bj27/Desktop/p2/project-1/Toolflow/proj/src/TopLevel/Lower/mipsDatapath.vhd Line: 36
    Info (12023): Found entity 1: mipsDatapath File: /home/bj27/Desktop/p2/project-1/Toolflow/proj/src/TopLevel/Lower/mipsDatapath.vhd Line: 20
Info (12021): Found 2 design units, including 1 entities, in source file /home/bj27/Desktop/p2/project-1/Toolflow/proj/src/TopLevel/Lower/mipsDatapath2.vhd
    Info (12022): Found design unit 1: mipsDatapath2-structural File: /home/bj27/Desktop/p2/project-1/Toolflow/proj/src/TopLevel/Lower/mipsDatapath2.vhd Line: 38
    Info (12023): Found entity 1: mipsDatapath2 File: /home/bj27/Desktop/p2/project-1/Toolflow/proj/src/TopLevel/Lower/mipsDatapath2.vhd Line: 20
Info (12021): Found 1 design units, including 0 entities, in source file /home/bj27/Desktop/p2/project-1/Toolflow/proj/src/TopLevel/Lower/mux2darr.vhd
    Info (12022): Found design unit 1: mux2darr File: /home/bj27/Desktop/p2/project-1/Toolflow/proj/src/TopLevel/Lower/mux2darr.vhd Line: 3
Info (12021): Found 2 design units, including 1 entities, in source file /home/bj27/Desktop/p2/project-1/Toolflow/proj/src/TopLevel/Lower/mux2t1.vhd
    Info (12022): Found design unit 1: mux2t1-structure File: /home/bj27/Desktop/p2/project-1/Toolflow/proj/src/TopLevel/Lower/mux2t1.vhd Line: 29
    Info (12023): Found entity 1: mux2t1 File: /home/bj27/Desktop/p2/project-1/Toolflow/proj/src/TopLevel/Lower/mux2t1.vhd Line: 20
Info (15248): File "/home/bj27/Desktop/p2/project-1/Toolflow/proj/src/TopLevel/Lower/mux2t1_N.vhd" is a duplicate of already analyzed file "/home/bj27/Desktop/p2/project-1/Toolflow/proj/src/TopLevel/Lower/Fetch Logic/mux2t1_N.vhd" (same filename, same library name and same md5 digest). Skipping analysis of this file.
Info (12021): Found 0 design units, including 0 entities, in source file /home/bj27/Desktop/p2/project-1/Toolflow/proj/src/TopLevel/Lower/mux2t1_N.vhd
Info (12021): Found 2 design units, including 1 entities, in source file /home/bj27/Desktop/p2/project-1/Toolflow/proj/src/TopLevel/Lower/mux2t1_df.vhd
    Info (12022): Found design unit 1: mux2t1_df-dataflow File: /home/bj27/Desktop/p2/project-1/Toolflow/proj/src/TopLevel/Lower/mux2t1_df.vhd Line: 29
    Info (12023): Found entity 1: mux2t1_df File: /home/bj27/Desktop/p2/project-1/Toolflow/proj/src/TopLevel/Lower/mux2t1_df.vhd Line: 20
Info (12021): Found 2 design units, including 1 entities, in source file /home/bj27/Desktop/p2/project-1/Toolflow/proj/src/TopLevel/Lower/mux32bit4t1.vhd
    Info (12022): Found design unit 1: mux32bit4t1-structure File: /home/bj27/Desktop/p2/project-1/Toolflow/proj/src/TopLevel/Lower/mux32bit4t1.vhd Line: 15
    Info (12023): Found entity 1: mux32bit4t1 File: /home/bj27/Desktop/p2/project-1/Toolflow/proj/src/TopLevel/Lower/mux32bit4t1.vhd Line: 4
Info (12021): Found 2 design units, including 1 entities, in source file /home/bj27/Desktop/p2/project-1/Toolflow/proj/src/TopLevel/Lower/mux32t1.vhd
    Info (12022): Found design unit 1: mux32t1-dataflow File: /home/bj27/Desktop/p2/project-1/Toolflow/proj/src/TopLevel/Lower/mux32t1.vhd Line: 30
    Info (12023): Found entity 1: mux32t1 File: /home/bj27/Desktop/p2/project-1/Toolflow/proj/src/TopLevel/Lower/mux32t1.vhd Line: 22
Info (12021): Found 2 design units, including 1 entities, in source file /home/bj27/Desktop/p2/project-1/Toolflow/proj/src/TopLevel/Lower/mux6bit4t1.vhd
    Info (12022): Found design unit 1: mux6bit4t1-structure File: /home/bj27/Desktop/p2/project-1/Toolflow/proj/src/TopLevel/Lower/mux6bit4t1.vhd Line: 15
    Info (12023): Found entity 1: mux6bit4t1 File: /home/bj27/Desktop/p2/project-1/Toolflow/proj/src/TopLevel/Lower/mux6bit4t1.vhd Line: 4
Info (12021): Found 2 design units, including 1 entities, in source file /home/bj27/Desktop/p2/project-1/Toolflow/proj/src/TopLevel/Lower/org2.vhd
    Info (12022): Found design unit 1: org2-dataflow File: /home/bj27/Desktop/p2/project-1/Toolflow/proj/src/TopLevel/Lower/org2.vhd Line: 31
    Info (12023): Found entity 1: org2 File: /home/bj27/Desktop/p2/project-1/Toolflow/proj/src/TopLevel/Lower/org2.vhd Line: 23
Info (12021): Found 2 design units, including 1 entities, in source file /home/bj27/Desktop/p2/project-1/Toolflow/proj/src/TopLevel/Lower/regFile.vhd
    Info (12022): Found design unit 1: regFile-structure File: /home/bj27/Desktop/p2/project-1/Toolflow/proj/src/TopLevel/Lower/regFile.vhd Line: 19
    Info (12023): Found entity 1: regFile File: /home/bj27/Desktop/p2/project-1/Toolflow/proj/src/TopLevel/Lower/regFile.vhd Line: 5
Info (12021): Found 2 design units, including 1 entities, in source file /home/bj27/Desktop/p2/project-1/Toolflow/proj/src/TopLevel/Lower/rightBarrelShifter.vhd
    Info (12022): Found design unit 1: rightBarrelShifter-structural File: /home/bj27/Desktop/p2/project-1/Toolflow/proj/src/TopLevel/Lower/rightBarrelShifter.vhd Line: 15
    Info (12023): Found entity 1: rightBarrelShifter File: /home/bj27/Desktop/p2/project-1/Toolflow/proj/src/TopLevel/Lower/rightBarrelShifter.vhd Line: 6
Info (12021): Found 2 design units, including 1 entities, in source file /home/bj27/Desktop/p2/project-1/Toolflow/proj/src/TopLevel/Lower/shiftL2.vhd
    Info (12022): Found design unit 1: shiftL2-structural File: /home/bj27/Desktop/p2/project-1/Toolflow/proj/src/TopLevel/Lower/shiftL2.vhd Line: 27
    Info (12023): Found entity 1: shiftL2 File: /home/bj27/Desktop/p2/project-1/Toolflow/proj/src/TopLevel/Lower/shiftL2.vhd Line: 20
Info (12021): Found 2 design units, including 1 entities, in source file /home/bj27/Desktop/p2/project-1/Toolflow/proj/src/TopLevel/Lower/sltU.vhd
    Info (12022): Found design unit 1: sltU-structure File: /home/bj27/Desktop/p2/project-1/Toolflow/proj/src/TopLevel/Lower/sltU.vhd Line: 17
    Info (12023): Found entity 1: sltU File: /home/bj27/Desktop/p2/project-1/Toolflow/proj/src/TopLevel/Lower/sltU.vhd Line: 4
Info (12021): Found 2 design units, including 1 entities, in source file /home/bj27/Desktop/p2/project-1/Toolflow/proj/src/TopLevel/Lower/tb_ALU.vhd
    Info (12022): Found design unit 1: tb_ALU-structure File: /home/bj27/Desktop/p2/project-1/Toolflow/proj/src/TopLevel/Lower/tb_ALU.vhd Line: 12
    Info (12023): Found entity 1: tb_ALU File: /home/bj27/Desktop/p2/project-1/Toolflow/proj/src/TopLevel/Lower/tb_ALU.vhd Line: 8
Info (12021): Found 2 design units, including 1 entities, in source file /home/bj27/Desktop/p2/project-1/Toolflow/proj/src/TopLevel/Lower/tb_aluLogical.vhd
    Info (12022): Found design unit 1: tb_aluLogical-mixed File: /home/bj27/Desktop/p2/project-1/Toolflow/proj/src/TopLevel/Lower/tb_aluLogical.vhd Line: 14
    Info (12023): Found entity 1: tb_aluLogical File: /home/bj27/Desktop/p2/project-1/Toolflow/proj/src/TopLevel/Lower/tb_aluLogical.vhd Line: 10
Info (12021): Found 2 design units, including 1 entities, in source file /home/bj27/Desktop/p2/project-1/Toolflow/proj/src/TopLevel/Lower/tb_control.vhd
    Info (12022): Found design unit 1: tb_control-mixed File: /home/bj27/Desktop/p2/project-1/Toolflow/proj/src/TopLevel/Lower/tb_control.vhd Line: 14
    Info (12023): Found entity 1: tb_control File: /home/bj27/Desktop/p2/project-1/Toolflow/proj/src/TopLevel/Lower/tb_control.vhd Line: 10
Info (12021): Found 2 design units, including 1 entities, in source file /home/bj27/Desktop/p2/project-1/Toolflow/proj/src/TopLevel/Lower/tb_leftBarrelShifter.vhd
    Info (12022): Found design unit 1: tb_leftBarrelShifter-mixed File: /home/bj27/Desktop/p2/project-1/Toolflow/proj/src/TopLevel/Lower/tb_leftBarrelShifter.vhd Line: 26
    Info (12023): Found entity 1: tb_leftBarrelShifter File: /home/bj27/Desktop/p2/project-1/Toolflow/proj/src/TopLevel/Lower/tb_leftBarrelShifter.vhd Line: 22
Info (12021): Found 2 design units, including 1 entities, in source file /home/bj27/Desktop/p2/project-1/Toolflow/proj/src/TopLevel/Lower/tb_mipsDatapath.vhd
    Info (12022): Found design unit 1: tb_mipsDatapath-behavior File: /home/bj27/Desktop/p2/project-1/Toolflow/proj/src/TopLevel/Lower/tb_mipsDatapath.vhd Line: 25
    Info (12023): Found entity 1: tb_mipsDatapath File: /home/bj27/Desktop/p2/project-1/Toolflow/proj/src/TopLevel/Lower/tb_mipsDatapath.vhd Line: 21
Info (12021): Found 2 design units, including 1 entities, in source file /home/bj27/Desktop/p2/project-1/Toolflow/proj/src/TopLevel/Lower/tb_rightBarrelShifter.vhd
    Info (12022): Found design unit 1: tb_rightBarrelShifter-mixed File: /home/bj27/Desktop/p2/project-1/Toolflow/proj/src/TopLevel/Lower/tb_rightBarrelShifter.vhd Line: 26
    Info (12023): Found entity 1: tb_rightBarrelShifter File: /home/bj27/Desktop/p2/project-1/Toolflow/proj/src/TopLevel/Lower/tb_rightBarrelShifter.vhd Line: 22
Info (12021): Found 2 design units, including 1 entities, in source file /home/bj27/Desktop/p2/project-1/Toolflow/proj/src/TopLevel/Lower/tb_shift2L.vhd
    Info (12022): Found design unit 1: tb_shiftL2-mixed File: /home/bj27/Desktop/p2/project-1/Toolflow/proj/src/TopLevel/Lower/tb_shift2L.vhd Line: 26
    Info (12023): Found entity 1: tb_shiftL2 File: /home/bj27/Desktop/p2/project-1/Toolflow/proj/src/TopLevel/Lower/tb_shift2L.vhd Line: 22
Info (12021): Found 2 design units, including 1 entities, in source file /home/bj27/Desktop/p2/project-1/Toolflow/proj/src/TopLevel/Lower/xorg2.vhd
    Info (12022): Found design unit 1: xorg2-dataflow File: /home/bj27/Desktop/p2/project-1/Toolflow/proj/src/TopLevel/Lower/xorg2.vhd Line: 31
    Info (12023): Found entity 1: xorg2 File: /home/bj27/Desktop/p2/project-1/Toolflow/proj/src/TopLevel/Lower/xorg2.vhd Line: 23
Info (12021): Found 2 design units, including 1 entities, in source file /home/bj27/Desktop/p2/project-1/Toolflow/proj/src/TopLevel/MIPS_Processor.vhd
    Info (12022): Found design unit 1: MIPS_Processor-structure File: /home/bj27/Desktop/p2/project-1/Toolflow/proj/src/TopLevel/MIPS_Processor.vhd Line: 35
    Info (12023): Found entity 1: MIPS_Processor File: /home/bj27/Desktop/p2/project-1/Toolflow/proj/src/TopLevel/MIPS_Processor.vhd Line: 23
Info (12021): Found 2 design units, including 1 entities, in source file /home/bj27/Desktop/p2/project-1/Toolflow/proj/src/TopLevel/mem.vhd
    Info (12022): Found design unit 1: mem-rtl File: /home/bj27/Desktop/p2/project-1/Toolflow/proj/src/TopLevel/mem.vhd Line: 27
    Info (12023): Found entity 1: mem File: /home/bj27/Desktop/p2/project-1/Toolflow/proj/src/TopLevel/mem.vhd Line: 8
Info (12127): Elaborating entity "MIPS_Processor" for the top level hierarchy
Warning (10541): VHDL Signal Declaration warning at MIPS_Processor.vhd(51): used implicit default value for signal "s_DMemOut_mem" because signal was never assigned a value or an explicit default value. Use of implicit default value may introduce unintended design optimizations. File: /home/bj27/Desktop/p2/project-1/Toolflow/proj/src/TopLevel/MIPS_Processor.vhd Line: 51
Warning (10036): Verilog HDL or VHDL warning at MIPS_Processor.vhd(53): object "s_RegWr" assigned a value but never read File: /home/bj27/Desktop/p2/project-1/Toolflow/proj/src/TopLevel/MIPS_Processor.vhd Line: 53
Warning (10036): Verilog HDL or VHDL warning at MIPS_Processor.vhd(54): object "s_RegWrAddr" assigned a value but never read File: /home/bj27/Desktop/p2/project-1/Toolflow/proj/src/TopLevel/MIPS_Processor.vhd Line: 54
Warning (10036): Verilog HDL or VHDL warning at MIPS_Processor.vhd(55): object "s_RegWrData" assigned a value but never read File: /home/bj27/Desktop/p2/project-1/Toolflow/proj/src/TopLevel/MIPS_Processor.vhd Line: 55
Warning (10036): Verilog HDL or VHDL warning at MIPS_Processor.vhd(69): object "s_Halt" assigned a value but never read File: /home/bj27/Desktop/p2/project-1/Toolflow/proj/src/TopLevel/MIPS_Processor.vhd Line: 69
Warning (10036): Verilog HDL or VHDL warning at MIPS_Processor.vhd(72): object "s_Ovfl" assigned a value but never read File: /home/bj27/Desktop/p2/project-1/Toolflow/proj/src/TopLevel/MIPS_Processor.vhd Line: 72
Warning (10036): Verilog HDL or VHDL warning at MIPS_Processor.vhd(288): object "s_fetch_dummy" assigned a value but never read File: /home/bj27/Desktop/p2/project-1/Toolflow/proj/src/TopLevel/MIPS_Processor.vhd Line: 288
Warning (10036): Verilog HDL or VHDL warning at MIPS_Processor.vhd(289): object "s_fetch_dummy2" assigned a value but never read File: /home/bj27/Desktop/p2/project-1/Toolflow/proj/src/TopLevel/MIPS_Processor.vhd Line: 289
Warning (10036): Verilog HDL or VHDL warning at MIPS_Processor.vhd(290): object "s_Jr_dummy" assigned a value but never read File: /home/bj27/Desktop/p2/project-1/Toolflow/proj/src/TopLevel/MIPS_Processor.vhd Line: 290
Warning (10036): Verilog HDL or VHDL warning at MIPS_Processor.vhd(303): object "s_JrAdder_Move_Mux" assigned a value but never read File: /home/bj27/Desktop/p2/project-1/Toolflow/proj/src/TopLevel/MIPS_Processor.vhd Line: 303
Info (12128): Elaborating entity "if_idR" for hierarchy "if_idR:ifid" File: /home/bj27/Desktop/p2/project-1/Toolflow/proj/src/TopLevel/MIPS_Processor.vhd Line: 365
Info (12128): Elaborating entity "NReg" for hierarchy "if_idR:ifid|NReg:imem_reg" File: /home/bj27/Desktop/p2/project-1/Toolflow/proj/src/TopLevel/Lower/if_idR.vhd Line: 25
Info (12128): Elaborating entity "dffg" for hierarchy "if_idR:ifid|NReg:imem_reg|dffg:\G_NBIT_REG:0:g_dffg" File: /home/bj27/Desktop/p2/project-1/Toolflow/proj/src/TopLevel/Lower/NReg.vhd Line: 46
Info (12128): Elaborating entity "id_exR" for hierarchy "id_exR:idex" File: /home/bj27/Desktop/p2/project-1/Toolflow/proj/src/TopLevel/MIPS_Processor.vhd Line: 374
Info (12128): Elaborating entity "NRegO" for hierarchy "id_exR:idex|NRegO:haltR" File: /home/bj27/Desktop/p2/project-1/Toolflow/proj/src/TopLevel/Lower/id_exR.vhd Line: 92
Info (12128): Elaborating entity "NRegT" for hierarchy "id_exR:idex|NRegT:aluOpReg" File: /home/bj27/Desktop/p2/project-1/Toolflow/proj/src/TopLevel/Lower/id_exR.vhd Line: 214
Info (12128): Elaborating entity "NRegF" for hierarchy "id_exR:idex|NRegF:regDstR" File: /home/bj27/Desktop/p2/project-1/Toolflow/proj/src/TopLevel/Lower/id_exR.vhd Line: 222
Info (12128): Elaborating entity "ex_memR" for hierarchy "ex_memR:exmem" File: /home/bj27/Desktop/p2/project-1/Toolflow/proj/src/TopLevel/MIPS_Processor.vhd Line: 416
Info (12128): Elaborating entity "mem_wb" for hierarchy "mem_wb:memwb" File: /home/bj27/Desktop/p2/project-1/Toolflow/proj/src/TopLevel/MIPS_Processor.vhd Line: 438
Info (12128): Elaborating entity "PC_reg" for hierarchy "PC_reg:PC" File: /home/bj27/Desktop/p2/project-1/Toolflow/proj/src/TopLevel/MIPS_Processor.vhd Line: 460
Info (12128): Elaborating entity "mux2t1_N" for hierarchy "mux2t1_N:PCRstMux" File: /home/bj27/Desktop/p2/project-1/Toolflow/proj/src/TopLevel/MIPS_Processor.vhd Line: 468
Info (12128): Elaborating entity "mux2t1" for hierarchy "mux2t1_N:PCRstMux|mux2t1:\G_NBit_MUX:0:MUXI" File: /home/bj27/Desktop/p2/project-1/Toolflow/proj/src/TopLevel/Lower/Fetch Logic/mux2t1_N.vhd Line: 43
Info (12128): Elaborating entity "invg" for hierarchy "mux2t1_N:PCRstMux|mux2t1:\G_NBit_MUX:0:MUXI|invg:g_Not" File: /home/bj27/Desktop/p2/project-1/Toolflow/proj/src/TopLevel/Lower/mux2t1.vhd Line: 55
Info (12128): Elaborating entity "andg2" for hierarchy "mux2t1_N:PCRstMux|mux2t1:\G_NBit_MUX:0:MUXI|andg2:g_And1" File: /home/bj27/Desktop/p2/project-1/Toolflow/proj/src/TopLevel/Lower/mux2t1.vhd Line: 59
Info (12128): Elaborating entity "org2" for hierarchy "mux2t1_N:PCRstMux|mux2t1:\G_NBit_MUX:0:MUXI|org2:g_Or" File: /home/bj27/Desktop/p2/project-1/Toolflow/proj/src/TopLevel/Lower/mux2t1.vhd Line: 71
Info (12128): Elaborating entity "AddSub" for hierarchy "AddSub:AdderPC" File: /home/bj27/Desktop/p2/project-1/Toolflow/proj/src/TopLevel/MIPS_Processor.vhd Line: 494
Info (12128): Elaborating entity "OnesComp" for hierarchy "AddSub:AdderPC|OnesComp:Inverter" File: /home/bj27/Desktop/p2/project-1/Toolflow/proj/src/TopLevel/Lower/AddSub.vhd Line: 54
Info (12128): Elaborating entity "NBitAdder" for hierarchy "AddSub:AdderPC|NBitAdder:AdderN" File: /home/bj27/Desktop/p2/project-1/Toolflow/proj/src/TopLevel/Lower/AddSub.vhd Line: 62
Info (12128): Elaborating entity "AdderS" for hierarchy "AddSub:AdderPC|NBitAdder:AdderN|AdderS:Adder" File: /home/bj27/Desktop/p2/project-1/Toolflow/proj/src/TopLevel/Lower/NBitAdder.vhd Line: 43
Info (12128): Elaborating entity "xorg2" for hierarchy "AddSub:AdderPC|NBitAdder:AdderN|AdderS:Adder|xorg2:g_Xor1" File: /home/bj27/Desktop/p2/project-1/Toolflow/proj/src/TopLevel/Lower/AdderS.vhd Line: 57
Info (12128): Elaborating entity "control" for hierarchy "control:cont" File: /home/bj27/Desktop/p2/project-1/Toolflow/proj/src/TopLevel/MIPS_Processor.vhd Line: 503
Info (12128): Elaborating entity "ALU" for hierarchy "ALU:aluunit" File: /home/bj27/Desktop/p2/project-1/Toolflow/proj/src/TopLevel/MIPS_Processor.vhd Line: 523
Info (12128): Elaborating entity "aluLogical" for hierarchy "ALU:aluunit|aluLogical:Logical" File: /home/bj27/Desktop/p2/project-1/Toolflow/proj/src/TopLevel/Lower/ALU.vhd Line: 92
Info (12128): Elaborating entity "rightBarrelShifter" for hierarchy "ALU:aluunit|rightBarrelShifter:shiftR" File: /home/bj27/Desktop/p2/project-1/Toolflow/proj/src/TopLevel/Lower/ALU.vhd Line: 100
Info (12128): Elaborating entity "leftBarrelShifter" for hierarchy "ALU:aluunit|leftBarrelShifter:shiftL" File: /home/bj27/Desktop/p2/project-1/Toolflow/proj/src/TopLevel/Lower/ALU.vhd Line: 106
Info (12128): Elaborating entity "ComparatorUnit" for hierarchy "ALU:aluunit|ComparatorUnit:comparator" File: /home/bj27/Desktop/p2/project-1/Toolflow/proj/src/TopLevel/Lower/ALU.vhd Line: 111
Info (12128): Elaborating entity "sltU" for hierarchy "ALU:aluunit|sltU:sltUnit" File: /home/bj27/Desktop/p2/project-1/Toolflow/proj/src/TopLevel/Lower/ALU.vhd Line: 116
Info (12128): Elaborating entity "mux32bit4t1" for hierarchy "ALU:aluunit|mux32bit4t1:bigMux" File: /home/bj27/Desktop/p2/project-1/Toolflow/proj/src/TopLevel/Lower/ALU.vhd Line: 120
Info (12128): Elaborating entity "shiftL2" for hierarchy "shiftL2:JumpAddrComp" File: /home/bj27/Desktop/p2/project-1/Toolflow/proj/src/TopLevel/MIPS_Processor.vhd Line: 546
Info (12128): Elaborating entity "extender" for hierarchy "extender:sign_ext" File: /home/bj27/Desktop/p2/project-1/Toolflow/proj/src/TopLevel/MIPS_Processor.vhd Line: 552
Info (12128): Elaborating entity "mux6bit4t1" for hierarchy "mux6bit4t1:DstMux" File: /home/bj27/Desktop/p2/project-1/Toolflow/proj/src/TopLevel/MIPS_Processor.vhd Line: 601
Info (12128): Elaborating entity "regFile" for hierarchy "regFile:RegisterFile" File: /home/bj27/Desktop/p2/project-1/Toolflow/proj/src/TopLevel/MIPS_Processor.vhd Line: 617
Info (12128): Elaborating entity "Decoder5t32" for hierarchy "regFile:RegisterFile|Decoder5t32:decoder" File: /home/bj27/Desktop/p2/project-1/Toolflow/proj/src/TopLevel/Lower/regFile.vhd Line: 48
Info (12128): Elaborating entity "mux32t1" for hierarchy "regFile:RegisterFile|mux32t1:mux1" File: /home/bj27/Desktop/p2/project-1/Toolflow/proj/src/TopLevel/Lower/regFile.vhd Line: 73
Info (12128): Elaborating entity "mem" for hierarchy "mem:IMem" File: /home/bj27/Desktop/p2/project-1/Toolflow/proj/src/TopLevel/MIPS_Processor.vhd Line: 646
Info (19000): Inferred 1 megafunctions from design logic
    Info (276029): Inferred altsyncram megafunction from the following design logic: "mem:IMem|ram_rtl_0" 
        Info (286033): Parameter OPERATION_MODE set to SINGLE_PORT
        Info (286033): Parameter WIDTH_A set to 32
        Info (286033): Parameter WIDTHAD_A set to 10
        Info (286033): Parameter NUMWORDS_A set to 1024
        Info (286033): Parameter OUTDATA_REG_A set to UNREGISTERED
        Info (286033): Parameter ADDRESS_ACLR_A set to NONE
        Info (286033): Parameter OUTDATA_ACLR_A set to NONE
        Info (286033): Parameter READ_DURING_WRITE_MODE_PORT_A set to OLD_DATA
        Info (286033): Parameter INDATA_ACLR_A set to NONE
        Info (286033): Parameter WRCONTROL_ACLR_A set to NONE
Info (12130): Elaborated megafunction instantiation "mem:IMem|altsyncram:ram_rtl_0"
Info (12133): Instantiated megafunction "mem:IMem|altsyncram:ram_rtl_0" with the following parameter:
    Info (12134): Parameter "OPERATION_MODE" = "SINGLE_PORT"
    Info (12134): Parameter "WIDTH_A" = "32"
    Info (12134): Parameter "WIDTHAD_A" = "10"
    Info (12134): Parameter "NUMWORDS_A" = "1024"
    Info (12134): Parameter "OUTDATA_REG_A" = "UNREGISTERED"
    Info (12134): Parameter "ADDRESS_ACLR_A" = "NONE"
    Info (12134): Parameter "OUTDATA_ACLR_A" = "NONE"
    Info (12134): Parameter "READ_DURING_WRITE_MODE_PORT_A" = "OLD_DATA"
    Info (12134): Parameter "INDATA_ACLR_A" = "NONE"
    Info (12134): Parameter "WRCONTROL_ACLR_A" = "NONE"
Info (12021): Found 1 design units, including 1 entities, in source file db/altsyncram_eg81.tdf
    Info (12023): Found entity 1: altsyncram_eg81 File: /home/bj27/Desktop/p2/project-1/Toolflow/internal/QuartusWork/db/altsyncram_eg81.tdf Line: 28
Info (286030): Timing-Driven Synthesis is running
Info (17049): 33 registers lost all their fanouts during netlist optimizations.
Info (16010): Generating hard_block partition "hard_block:auto_generated_inst"
    Info (16011): Adding 0 node(s), including 0 DDIO, 0 PLL, 0 transceiver and 0 LCELL
Warning (21074): Design contains 22 input pin(s) that do not drive logic
    Warning (15610): No output dependent on input pin "iInstAddr[0]" File: /home/bj27/Desktop/p2/project-1/Toolflow/proj/src/TopLevel/MIPS_Processor.vhd Line: 28
    Warning (15610): No output dependent on input pin "iInstAddr[1]" File: /home/bj27/Desktop/p2/project-1/Toolflow/proj/src/TopLevel/MIPS_Processor.vhd Line: 28
    Warning (15610): No output dependent on input pin "iInstAddr[12]" File: /home/bj27/Desktop/p2/project-1/Toolflow/proj/src/TopLevel/MIPS_Processor.vhd Line: 28
    Warning (15610): No output dependent on input pin "iInstAddr[13]" File: /home/bj27/Desktop/p2/project-1/Toolflow/proj/src/TopLevel/MIPS_Processor.vhd Line: 28
    Warning (15610): No output dependent on input pin "iInstAddr[14]" File: /home/bj27/Desktop/p2/project-1/Toolflow/proj/src/TopLevel/MIPS_Processor.vhd Line: 28
    Warning (15610): No output dependent on input pin "iInstAddr[15]" File: /home/bj27/Desktop/p2/project-1/Toolflow/proj/src/TopLevel/MIPS_Processor.vhd Line: 28
    Warning (15610): No output dependent on input pin "iInstAddr[16]" File: /home/bj27/Desktop/p2/project-1/Toolflow/proj/src/TopLevel/MIPS_Processor.vhd Line: 28
    Warning (15610): No output dependent on input pin "iInstAddr[17]" File: /home/bj27/Desktop/p2/project-1/Toolflow/proj/src/TopLevel/MIPS_Processor.vhd Line: 28
    Warning (15610): No output dependent on input pin "iInstAddr[18]" File: /home/bj27/Desktop/p2/project-1/Toolflow/proj/src/TopLevel/MIPS_Processor.vhd Line: 28
    Warning (15610): No output dependent on input pin "iInstAddr[19]" File: /home/bj27/Desktop/p2/project-1/Toolflow/proj/src/TopLevel/MIPS_Processor.vhd Line: 28
    Warning (15610): No output dependent on input pin "iInstAddr[20]" File: /home/bj27/Desktop/p2/project-1/Toolflow/proj/src/TopLevel/MIPS_Processor.vhd Line: 28
    Warning (15610): No output dependent on input pin "iInstAddr[21]" File: /home/bj27/Desktop/p2/project-1/Toolflow/proj/src/TopLevel/MIPS_Processor.vhd Line: 28
    Warning (15610): No output dependent on input pin "iInstAddr[22]" File: /home/bj27/Desktop/p2/project-1/Toolflow/proj/src/TopLevel/MIPS_Processor.vhd Line: 28
    Warning (15610): No output dependent on input pin "iInstAddr[23]" File: /home/bj27/Desktop/p2/project-1/Toolflow/proj/src/TopLevel/MIPS_Processor.vhd Line: 28
    Warning (15610): No output dependent on input pin "iInstAddr[24]" File: /home/bj27/Desktop/p2/project-1/Toolflow/proj/src/TopLevel/MIPS_Processor.vhd Line: 28
    Warning (15610): No output dependent on input pin "iInstAddr[25]" File: /home/bj27/Desktop/p2/project-1/Toolflow/proj/src/TopLevel/MIPS_Processor.vhd Line: 28
    Warning (15610): No output dependent on input pin "iInstAddr[26]" File: /home/bj27/Desktop/p2/project-1/Toolflow/proj/src/TopLevel/MIPS_Processor.vhd Line: 28
    Warning (15610): No output dependent on input pin "iInstAddr[27]" File: /home/bj27/Desktop/p2/project-1/Toolflow/proj/src/TopLevel/MIPS_Processor.vhd Line: 28
    Warning (15610): No output dependent on input pin "iInstAddr[28]" File: /home/bj27/Desktop/p2/project-1/Toolflow/proj/src/TopLevel/MIPS_Processor.vhd Line: 28
    Warning (15610): No output dependent on input pin "iInstAddr[29]" File: /home/bj27/Desktop/p2/project-1/Toolflow/proj/src/TopLevel/MIPS_Processor.vhd Line: 28
    Warning (15610): No output dependent on input pin "iInstAddr[30]" File: /home/bj27/Desktop/p2/project-1/Toolflow/proj/src/TopLevel/MIPS_Processor.vhd Line: 28
    Warning (15610): No output dependent on input pin "iInstAddr[31]" File: /home/bj27/Desktop/p2/project-1/Toolflow/proj/src/TopLevel/MIPS_Processor.vhd Line: 28
Info (21057): Implemented 3643 device resources after synthesis - the final resource count might be different
    Info (21058): Implemented 67 input pins
    Info (21059): Implemented 32 output pins
    Info (21061): Implemented 3512 logic cells
    Info (21064): Implemented 32 RAM segments
Info: Quartus Prime Analysis & Synthesis was successful. 0 errors, 34 warnings
    Info: Peak virtual memory: 620 megabytes
    Info: Processing ended: Sun Dec 11 16:32:00 2022
    Info: Elapsed time: 00:00:18
    Info: Total CPU time (on all processors): 00:00:15
Info: *******************************************************************
Info: Running Quartus Prime Fitter
    Info: Version 21.1.1 Build 850 06/23/2022 SJ Standard Edition
    Info: Copyright (C) 2022  Intel Corporation. All rights reserved.
    Info: Your use of Intel Corporation's design tools, logic functions 
    Info: and other software and tools, and any partner logic 
    Info: functions, and any output files from any of the foregoing 
    Info: (including device programming or simulation files), and any 
    Info: associated documentation or information are expressly subject 
    Info: to the terms and conditions of the Intel Program License 
    Info: Subscription Agreement, the Intel Quartus Prime License Agreement,
    Info: the Intel FPGA IP License Agreement, or other applicable license
    Info: agreement, including, without limitation, that your use is for
    Info: the sole purpose of programming logic devices manufactured by
    Info: Intel and sold by Intel or its authorized distributors.  Please
    Info: refer to the applicable agreement for further details, at
    Info: https://fpgasoftware.intel.com/eula.
    Info: Processing started: Sun Dec 11 16:32:01 2022
Info: Command: quartus_fit --read_settings_files=on --write_settings_files=off toolflow -c toolflow
Info: qfit2_default_script.tcl version: #1
Info: Project  = toolflow
Info: Revision = toolflow
Warning (18236): Number of processors has not been specified which may cause overloading on shared machines.  Set the global assignment NUM_PARALLEL_PROCESSORS in your QSF to an appropriate value for best performance.
Info (20030): Parallel compilation is enabled and will use 4 of the 4 processors detected
Info (119006): Selected device EP4CE115F29C7 for design "toolflow"
Info (21076): High junction temperature operating condition is not set. Assuming a default value of '85'.
Info (21076): Low junction temperature operating condition is not set. Assuming a default value of '0'.
Info (171003): Fitter is performing an Auto Fit compilation, which may decrease Fitter effort to reduce compilation time
Info (176444): Device migration not selected. If you intend to use device migration later, you may need to change the pin assignments as they may be incompatible with other devices
    Info (176445): Device EP4CE40F29C7 is compatible
    Info (176445): Device EP4CE40F29I7 is compatible
    Info (176445): Device EP4CE30F29C7 is compatible
    Info (176445): Device EP4CE30F29I7 is compatible
    Info (176445): Device EP4CE55F29C7 is compatible
    Info (176445): Device EP4CE55F29I7 is compatible
    Info (176445): Device EP4CE75F29C7 is compatible
    Info (176445): Device EP4CE75F29I7 is compatible
    Info (176445): Device EP4CE115F29I7 is compatible
Info (169124): Fitter converted 5 user pins into dedicated programming pins
    Info (169125): Pin ~ALTERA_ASDO_DATA1~ is reserved at location F4
    Info (169125): Pin ~ALTERA_FLASH_nCE_nCSO~ is reserved at location E2
    Info (169125): Pin ~ALTERA_DCLK~ is reserved at location P3
    Info (169125): Pin ~ALTERA_DATA0~ is reserved at location N7
    Info (169125): Pin ~ALTERA_nCEO~ is reserved at location P28
Warning (15714): Some pins have incomplete I/O assignments. Refer to the I/O Assignment Warnings report for details
Info (176045): Design uses memory blocks. Violating setup or hold times of memory block address registers for either read or write operations could cause memory contents to be corrupted. Make sure that all memory block address registers meet the setup and hold time requirements.
Critical Warning (169085): No exact pin location assignment(s) for 99 pins of 99 total pins. For the list of pins please refer to the I/O Assignment Warnings table in the fitter report.
Info (332104): Reading SDC File: 'toolflow.sdc'
Info (332129): Detected timing requirements -- optimizing circuit to achieve only the specified requirements
Info (332111): Found 1 clocks
    Info (332111):   Period   Clock Name
    Info (332111): ======== ============
    Info (332111):   20.000         iCLK
Info (176353): Automatically promoted node iCLK~input (placed in PIN J1 (CLK1, DIFFCLK_0n)) File: /home/bj27/Desktop/p2/project-1/Toolflow/proj/src/TopLevel/MIPS_Processor.vhd Line: 25
    Info (176355): Automatically promoted destinations to use location or clock signal Global Clock CLKCTRL_G2
Info (176353): Automatically promoted node iRST~input (placed in PIN Y2 (CLK2, DIFFCLK_1p)) File: /home/bj27/Desktop/p2/project-1/Toolflow/proj/src/TopLevel/MIPS_Processor.vhd Line: 26
    Info (176355): Automatically promoted destinations to use location or clock signal Global Clock CLKCTRL_G4
    Info (176356): Following destination nodes may be non-global or may not use global or regional clocks
        Info (176357): Destination node PC_reg:PC|dffg:\G_NBIT_REG:0:g_dffg|s_Q File: /home/bj27/Desktop/p2/project-1/Toolflow/proj/src/TopLevel/Lower/dffg.vhd Line: 53
        Info (176357): Destination node PC_reg:PC|dffg:\G_NBIT_REG:1:g_dffg|s_Q File: /home/bj27/Desktop/p2/project-1/Toolflow/proj/src/TopLevel/Lower/dffg.vhd Line: 53
        Info (176357): Destination node PC_reg:PC|dffg:\G_NBIT_REG:28:g_dffg|s_Q File: /home/bj27/Desktop/p2/project-1/Toolflow/proj/src/TopLevel/Lower/dffg.vhd Line: 53
        Info (176357): Destination node PC_reg:PC|dffg:\G_NBIT_REG:29:g_dffg|s_Q File: /home/bj27/Desktop/p2/project-1/Toolflow/proj/src/TopLevel/Lower/dffg.vhd Line: 53
        Info (176357): Destination node PC_reg:PC|dffg:\G_NBIT_REG:30:g_dffg|s_Q File: /home/bj27/Desktop/p2/project-1/Toolflow/proj/src/TopLevel/Lower/dffg.vhd Line: 53
        Info (176357): Destination node PC_reg:PC|dffg:\G_NBIT_REG:31:g_dffg|s_Q File: /home/bj27/Desktop/p2/project-1/Toolflow/proj/src/TopLevel/Lower/dffg.vhd Line: 53
        Info (176357): Destination node PC_reg:PC|dffg:\G_NBIT_REG:2:g_dffg|s_Q File: /home/bj27/Desktop/p2/project-1/Toolflow/proj/src/TopLevel/Lower/dffg.vhd Line: 53
        Info (176357): Destination node PC_reg:PC|dffg:\G_NBIT_REG:3:g_dffg|s_Q File: /home/bj27/Desktop/p2/project-1/Toolflow/proj/src/TopLevel/Lower/dffg.vhd Line: 53
        Info (176357): Destination node PC_reg:PC|dffg:\G_NBIT_REG:4:g_dffg|s_Q File: /home/bj27/Desktop/p2/project-1/Toolflow/proj/src/TopLevel/Lower/dffg.vhd Line: 53
        Info (176357): Destination node PC_reg:PC|dffg:\G_NBIT_REG:5:g_dffg|s_Q File: /home/bj27/Desktop/p2/project-1/Toolflow/proj/src/TopLevel/Lower/dffg.vhd Line: 53
        Info (176358): Non-global destination nodes limited to 10 nodes
Info (176233): Starting register packing
Info (176235): Finished register packing
    Extra Info (176219): No registers were packed into other blocks
Info (176214): Statistics of I/O pins that need to be placed that use the same VCCIO and VREF, before I/O pin placement
    Info (176211): Number of I/O pins in group: 97 (unused VREF, 2.5V VCCIO, 65 input, 32 output, 0 bidirectional)
        Info (176212): I/O standards used: 2.5 V.
Info (176215): I/O bank details before I/O pin placement
    Info (176214): Statistics of I/O banks
        Info (176213): I/O bank number 1 does not use VREF pins and has undetermined VCCIO pins. 5 total pin(s) used --  51 pins available
        Info (176213): I/O bank number 2 does not use VREF pins and has undetermined VCCIO pins. 1 total pin(s) used --  62 pins available
        Info (176213): I/O bank number 3 does not use VREF pins and has undetermined VCCIO pins. 0 total pin(s) used --  73 pins available
        Info (176213): I/O bank number 4 does not use VREF pins and has undetermined VCCIO pins. 0 total pin(s) used --  71 pins available
        Info (176213): I/O bank number 5 does not use VREF pins and has undetermined VCCIO pins. 0 total pin(s) used --  65 pins available
        Info (176213): I/O bank number 6 does not use VREF pins and has undetermined VCCIO pins. 1 total pin(s) used --  57 pins available
        Info (176213): I/O bank number 7 does not use VREF pins and has undetermined VCCIO pins. 0 total pin(s) used --  72 pins available
        Info (176213): I/O bank number 8 does not use VREF pins and has undetermined VCCIO pins. 0 total pin(s) used --  71 pins available
Info (171121): Fitter preparation operations ending: elapsed time is 00:00:04
Info (14896): Fitter has disabled Advanced Physical Optimization because it is not supported for the current family.
Info (170189): Fitter placement preparation operations beginning
Info (170190): Fitter placement preparation operations ending: elapsed time is 00:00:01
Info (170191): Fitter placement operations beginning
Info (170137): Fitter placement was successful
Info (170192): Fitter placement operations ending: elapsed time is 00:00:05
Info (170193): Fitter routing operations beginning
Info (170195): Router estimated average interconnect usage is 1% of the available device resources
    Info (170196): Router estimated peak interconnect usage is 25% of the available device resources in the region that extends from location X58_Y24 to location X68_Y36
Info (170199): The Fitter performed an Auto Fit compilation.  Optimizations were skipped to reduce compilation time.
    Info (170201): Optimizations that may affect the design's routability were skipped
    Info (170200): Optimizations that may affect the design's timing were skipped
Info (170194): Fitter routing operations ending: elapsed time is 00:00:02
Info (11888): Total time spent on timing analysis during the Fitter is 0.75 seconds.
Info (334003): Started post-fitting delay annotation
Info (334004): Delay annotation completed successfully
Info (334003): Started post-fitting delay annotation
Info (334004): Delay annotation completed successfully
Info (11218): Fitter post-fit operations ending: elapsed time is 00:00:02
Info (144001): Generated suppressed messages file /home/bj27/Desktop/p2/project-1/Toolflow/internal/QuartusWork/output_files/toolflow.fit.smsg
Info: Quartus Prime Fitter was successful. 0 errors, 3 warnings
    Info: Peak virtual memory: 1378 megabytes
    Info: Processing ended: Sun Dec 11 16:32:26 2022
    Info: Elapsed time: 00:00:25
    Info: Total CPU time (on all processors): 00:00:34
Info: *******************************************************************
Info: Running Quartus Prime Assembler
    Info: Version 21.1.1 Build 850 06/23/2022 SJ Standard Edition
    Info: Copyright (C) 2022  Intel Corporation. All rights reserved.
    Info: Your use of Intel Corporation's design tools, logic functions 
    Info: and other software and tools, and any partner logic 
    Info: functions, and any output files from any of the foregoing 
    Info: (including device programming or simulation files), and any 
    Info: associated documentation or information are expressly subject 
    Info: to the terms and conditions of the Intel Program License 
    Info: Subscription Agreement, the Intel Quartus Prime License Agreement,
    Info: the Intel FPGA IP License Agreement, or other applicable license
    Info: agreement, including, without limitation, that your use is for
    Info: the sole purpose of programming logic devices manufactured by
    Info: Intel and sold by Intel or its authorized distributors.  Please
    Info: refer to the applicable agreement for further details, at
    Info: https://fpgasoftware.intel.com/eula.
    Info: Processing started: Sun Dec 11 16:32:27 2022
Info: Command: quartus_asm --read_settings_files=on --write_settings_files=off toolflow -c toolflow
Warning (18236): Number of processors has not been specified which may cause overloading on shared machines.  Set the global assignment NUM_PARALLEL_PROCESSORS in your QSF to an appropriate value for best performance.
Info (115031): Writing out detailed assembly data for power analysis
Info (115030): Assembler is generating device programming files
Info: Quartus Prime Assembler was successful. 0 errors, 1 warning
    Info: Peak virtual memory: 519 megabytes
    Info: Processing ended: Sun Dec 11 16:32:31 2022
    Info: Elapsed time: 00:00:04
    Info: Total CPU time (on all processors): 00:00:04
