Reading pref.tcl

# 2022.2

# vsim -postsimdataflow -debugdb -c -voptargs=""+acc"" tb -do "modelsim_framework.do" -gOUTPUT_TRACE=ms.trace 
# Start time: 14:05:21 on Dec 02,2022
# ** Note: (vsim-8009) Loading existing optimized design _opt
# //  Questa Sim-64
# //  Version 2022.2 linux_x86_64 Apr 25 2022
# //
# //  Copyright 1991-2022 Mentor Graphics Corporation
# //  All Rights Reserved.
# //
# //  QuestaSim and its associated documentation contain trade
# //  secrets and commercial or financial information that are the property of
# //  Mentor Graphics Corporation and are privileged, confidential,
# //  and exempt from disclosure under the Freedom of Information Act,
# //  5 U.S.C. Section 552. Furthermore, this information
# //  is prohibited from disclosure under the Trade Secrets Act,
# //  18 U.S.C. Section 1905.
# //
# Loading std.standard
# Loading std.textio(body)
# Loading ieee.std_logic_1164(body)
# Loading ieee.std_logic_textio(body)
# Loading std.env(body)
# Loading work.tb(mixed)#1
# Loading work.mips_types(body)
# Loading work.mips_processor(structure)#1
# Loading work.pc_reg(structural)#1
# Loading work.dffg(mixed)#1
# Loading work.mux2t1_n(structural)#1
# Loading work.mux2t1(structure)#1
# Loading work.invg(dataflow)#1
# Loading work.andg2(dataflow)#1
# Loading work.org2(dataflow)#1
# Loading work.addsub(structural)#1
# Loading work.onescomp(structural)#1
# Loading work.nbitadder(structural)#1
# Loading work.adders(structural)#1
# Loading work.xorg2(dataflow)#1
# Loading work.control(structure)#1
# Loading work.alu(structure)#1
# Loading work.alulogical(structure)#1
# Loading work.rightbarrelshifter(structural)#1
# Loading work.leftbarrelshifter(structural)#1
# Loading work.comparatorunit(dataflow)#1
# Loading work.sltu(structure)#1
# Loading work.mux32bit4t1(structure)#1
# Loading work.shiftl2(structural)#1
# Loading ieee.numeric_std(body)
# Loading work.extender(behavior)#1
# Loading work.mux6bit4t1(structure)#1
# Loading work.mux2darr
# Loading work.regfile(structure)#1
# Loading work.decoder5t32(dataflow)#1
# Loading work.nreg(structural)#1
# Loading work.mux32t1(dataflow)#1
# Loading work.mem(rtl)#1
# ** Note: (vsim-8716) Reusing existing debug database vsim.dbg.
# do modelsim_framework.do
# ** Warning: NUMERIC_STD.TO_INTEGER: metavalue detected, returning 0
#    Time: 0 ns  Iteration: 0  Instance: /tb/MyMips/DMem
# ** Warning: NUMERIC_STD.TO_INTEGER: metavalue detected, returning 0
#    Time: 0 ns  Iteration: 0  Instance: /tb/MyMips/IMem
# ** Warning: NUMERIC_STD.TO_INTEGER: metavalue detected, returning 0
#    Time: 0 ns  Iteration: 0  Instance: /tb/MyMips/RegisterFile/mux2
# ** Warning: NUMERIC_STD.TO_INTEGER: metavalue detected, returning 0
#    Time: 0 ns  Iteration: 0  Instance: /tb/MyMips/RegisterFile/mux1
# ** Warning: NUMERIC_STD.TO_INTEGER: metavalue detected, returning 0
#    Time: 0 ns  Iteration: 14  Instance: /tb/MyMips/DMem
# ** Warning: NUMERIC_STD.TO_INTEGER: metavalue detected, returning 0
#    Time: 0 ns  Iteration: 15  Instance: /tb/MyMips/DMem
# ** Warning: NUMERIC_STD.TO_INTEGER: metavalue detected, returning 0
#    Time: 0 ns  Iteration: 17  Instance: /tb/MyMips/DMem
# ** Warning: NUMERIC_STD.TO_INTEGER: metavalue detected, returning 0
#    Time: 0 ns  Iteration: 19  Instance: /tb/MyMips/DMem
# ** Warning: NUMERIC_STD.TO_INTEGER: metavalue detected, returning 0
#    Time: 0 ns  Iteration: 21  Instance: /tb/MyMips/DMem
# ** Warning: NUMERIC_STD.TO_INTEGER: metavalue detected, returning 0
#    Time: 0 ns  Iteration: 23  Instance: /tb/MyMips/DMem
# ** Warning: NUMERIC_STD.TO_INTEGER: metavalue detected, returning 0
#    Time: 0 ns  Iteration: 25  Instance: /tb/MyMips/DMem
# ** Warning: NUMERIC_STD.TO_INTEGER: metavalue detected, returning 0
#    Time: 0 ns  Iteration: 27  Instance: /tb/MyMips/DMem
# ** Warning: NUMERIC_STD.TO_INTEGER: metavalue detected, returning 0
#    Time: 0 ns  Iteration: 29  Instance: /tb/MyMips/DMem
# ** Note: Data structure takes 63901248 bytes of memory
#          Process time 0.07 seconds
#          stop
#    Time: 60 ns  Iteration: 1  Instance: /tb
# Break in Process P_DUMP_STATE at /home/bj27/Desktop/synth/project-1/cpre381-toolflow/internal/testpy/tb.vhd line 150
# Stopped at /home/bj27/Desktop/synth/project-1/cpre381-toolflow/internal/testpy/tb.vhd line 150
# End time: 14:05:21 on Dec 02,2022, Elapsed time: 0:00:00
# Errors: 0, Warnings: 13
