In clock cycle: 0
Register Write to Reg: 0x09 Val: 0x00000000
In clock cycle: 1
Register Write to Reg: 0x08 Val: 0xFFFF0000
In clock cycle: 2
Register Write to Reg: 0x01 Val: 0x00000000
In clock cycle: 3
Register Write to Reg: 0x01 Val: 0x0000FFFF
In clock cycle: 4
Register Write to Reg: 0x08 Val: 0xFFFFFFFF
In clock cycle: 5
Register Write to Reg: 0x09 Val: 0x00000001
In clock cycle: 6
Register Write to Reg: 0x09 Val: 0x00000002
In clock cycle: 7
Register Write to Reg: 0x08 Val: 0xFFFFFFFD
In clock cycle: 8
Register Write to Reg: 0x09 Val: 0x00000005
In clock cycle: 9
Register Write to Reg: 0x08 Val: 0xFFFFFFF8
In clock cycle: 10
Register Write to Reg: 0x09 Val: 0x0000000D
Execution is stopping! Clock Cycle: 11
