[inst #1] sll $0,$0,0
Register Write to Reg: 0x00 Val: 0x00000000
[inst #2] lui $1,4097
Register Write to Reg: 0x01 Val: 0x10010000
[inst #3] sll $0,$0,0
Register Write to Reg: 0x00 Val: 0x00000000
[inst #4] sll $0,$0,0
Register Write to Reg: 0x00 Val: 0x00000000
[inst #5] sll $0,$0,0
Register Write to Reg: 0x00 Val: 0x00000000
[inst #6] sll $0,$0,0
Register Write to Reg: 0x00 Val: 0x00000000
[inst #7] ori $29,$1,4096
Register Write to Reg: 0x1D Val: 0x10011000
[inst #8] sll $0,$0,0
Register Write to Reg: 0x00 Val: 0x00000000
[inst #9] sll $0,$0,0
Register Write to Reg: 0x00 Val: 0x00000000
[inst #10] sll $0,$0,0
Register Write to Reg: 0x00 Val: 0x00000000
[inst #11] sll $0,$0,0
Register Write to Reg: 0x00 Val: 0x00000000
[inst #12] addi $1,$0,32
Register Write to Reg: 0x01 Val: 0x00000020
[inst #13] sll $0,$0,0
Register Write to Reg: 0x00 Val: 0x00000000
[inst #14] sll $0,$0,0
Register Write to Reg: 0x00 Val: 0x00000000
[inst #15] sll $0,$0,0
Register Write to Reg: 0x00 Val: 0x00000000
[inst #16] sll $0,$0,0
Register Write to Reg: 0x00 Val: 0x00000000
[inst #17] sub $29,$29,$1
Register Write to Reg: 0x1D Val: 0x10010FE0
[inst #18] sll $0,$0,0
Register Write to Reg: 0x00 Val: 0x00000000
[inst #19] sll $0,$0,0
Register Write to Reg: 0x00 Val: 0x00000000
[inst #20] sll $0,$0,0
Register Write to Reg: 0x00 Val: 0x00000000
[inst #21] sll $0,$0,0
Register Write to Reg: 0x00 Val: 0x00000000
[inst #22] addi $4,$29,8
Register Write to Reg: 0x04 Val: 0x10010FE8
[inst #23] addi $5,$0,20
Register Write to Reg: 0x05 Val: 0x00000014
[inst #24] sll $0,$0,0
Register Write to Reg: 0x00 Val: 0x00000000
[inst #25] sll $0,$0,0
Register Write to Reg: 0x00 Val: 0x00000000
[inst #26] sll $0,$0,0
Register Write to Reg: 0x00 Val: 0x00000000
[inst #27] sll $0,$0,0
Register Write to Reg: 0x00 Val: 0x00000000
[inst #28] sw $5,4($29)
Memory Write to Addr: 0x10010FE4 Val: 0x00000014
[inst #29] addi $24,$0,1
Register Write to Reg: 0x18 Val: 0x00000001
[inst #30] addi $15,$0,2
Register Write to Reg: 0x0F Val: 0x00000002
[inst #31] addi $14,$0,4
Register Write to Reg: 0x0E Val: 0x00000004
[inst #32] addi $13,$0,6
Register Write to Reg: 0x0D Val: 0x00000006
[inst #33] addi $12,$0,7
Register Write to Reg: 0x0C Val: 0x00000007
[inst #34] sw $24,0($4)
Memory Write to Addr: 0x10010FE8 Val: 0x00000001
[inst #35] sw $15,4($4)
Memory Write to Addr: 0x10010FEC Val: 0x00000002
[inst #36] sw $14,8($4)
Memory Write to Addr: 0x10010FF0 Val: 0x00000004
[inst #37] sw $13,12($4)
Memory Write to Addr: 0x10010FF4 Val: 0x00000006
[inst #38] sw $12,16($4)
Memory Write to Addr: 0x10010FF8 Val: 0x00000007
[inst #39] addi $9,$0,0
Register Write to Reg: 0x09 Val: 0x00000000
[inst #40] sll $0,$0,0
Register Write to Reg: 0x00 Val: 0x00000000
[inst #41] sll $0,$0,0
Register Write to Reg: 0x00 Val: 0x00000000
[inst #42] addi $24,$29,8
Register Write to Reg: 0x18 Val: 0x10010FE8
[inst #43] addi $15,$0,0
Register Write to Reg: 0x0F Val: 0x00000000
[inst #44] addi $14,$0,4
Register Write to Reg: 0x0E Val: 0x00000004
[inst #45] sll $0,$0,0
Register Write to Reg: 0x00 Val: 0x00000000
[inst #46] sll $0,$0,0
Register Write to Reg: 0x00 Val: 0x00000000
[inst #47] sll $0,$0,0
Register Write to Reg: 0x00 Val: 0x00000000
[inst #48] sll $0,$0,0
Register Write to Reg: 0x00 Val: 0x00000000
[inst #49] slt $25,$14,$5
Register Write to Reg: 0x19 Val: 0x00000001
[inst #50] sll $0,$0,0
Register Write to Reg: 0x00 Val: 0x00000000
[inst #51] sll $0,$0,0
Register Write to Reg: 0x00 Val: 0x00000000
[inst #52] sll $0,$0,0
Register Write to Reg: 0x00 Val: 0x00000000
[inst #53] sll $0,$0,0
Register Write to Reg: 0x00 Val: 0x00000000
[inst #54] addi $1,$0,1
Register Write to Reg: 0x01 Val: 0x00000001
[inst #55] bne $1,$25,26
[inst #56] sll $0,$0,0
Register Write to Reg: 0x00 Val: 0x00000000
[inst #57] sll $0,$0,0
Register Write to Reg: 0x00 Val: 0x00000000
[inst #58] lw $8,0($24)
Register Write to Reg: 0x08 Val: 0x00000001
[inst #59] lw $9,4($24)
Register Write to Reg: 0x09 Val: 0x00000002
[inst #60] sll $0,$0,0
Register Write to Reg: 0x00 Val: 0x00000000
[inst #61] sll $0,$0,0
Register Write to Reg: 0x00 Val: 0x00000000
[inst #62] sll $0,$0,0
Register Write to Reg: 0x00 Val: 0x00000000
[inst #63] sll $0,$0,0
Register Write to Reg: 0x00 Val: 0x00000000
[inst #64] slt $10,$9,$8
Register Write to Reg: 0x0A Val: 0x00000000
[inst #65] sll $0,$0,0
Register Write to Reg: 0x00 Val: 0x00000000
[inst #66] sll $0,$0,0
Register Write to Reg: 0x00 Val: 0x00000000
[inst #67] sll $0,$0,0
Register Write to Reg: 0x00 Val: 0x00000000
[inst #68] sll $0,$0,0
Register Write to Reg: 0x00 Val: 0x00000000
[inst #69] addi $1,$0,1
Register Write to Reg: 0x01 Val: 0x00000001
[inst #70] bne $1,$10,6
[inst #71] sll $0,$0,0
Register Write to Reg: 0x00 Val: 0x00000000
[inst #72] sll $0,$0,0
Register Write to Reg: 0x00 Val: 0x00000000
[inst #73] addi $14,$14,4
Register Write to Reg: 0x0E Val: 0x00000008
[inst #74] addi $24,$24,4
Register Write to Reg: 0x18 Val: 0x10010FEC
[inst #75] j 4194488
[inst #76] sll $0,$0,0
Register Write to Reg: 0x00 Val: 0x00000000
[inst #77] sll $0,$0,0
Register Write to Reg: 0x00 Val: 0x00000000
[inst #78] slt $25,$14,$5
Register Write to Reg: 0x19 Val: 0x00000001
[inst #79] sll $0,$0,0
Register Write to Reg: 0x00 Val: 0x00000000
[inst #80] sll $0,$0,0
Register Write to Reg: 0x00 Val: 0x00000000
[inst #81] sll $0,$0,0
Register Write to Reg: 0x00 Val: 0x00000000
[inst #82] sll $0,$0,0
Register Write to Reg: 0x00 Val: 0x00000000
[inst #83] addi $1,$0,1
Register Write to Reg: 0x01 Val: 0x00000001
[inst #84] bne $1,$25,26
[inst #85] sll $0,$0,0
Register Write to Reg: 0x00 Val: 0x00000000
[inst #86] sll $0,$0,0
Register Write to Reg: 0x00 Val: 0x00000000
[inst #87] lw $8,0($24)
Register Write to Reg: 0x08 Val: 0x00000002
[inst #88] lw $9,4($24)
Register Write to Reg: 0x09 Val: 0x00000004
[inst #89] sll $0,$0,0
Register Write to Reg: 0x00 Val: 0x00000000
[inst #90] sll $0,$0,0
Register Write to Reg: 0x00 Val: 0x00000000
[inst #91] sll $0,$0,0
Register Write to Reg: 0x00 Val: 0x00000000
[inst #92] sll $0,$0,0
Register Write to Reg: 0x00 Val: 0x00000000
[inst #93] slt $10,$9,$8
Register Write to Reg: 0x0A Val: 0x00000000
[inst #94] sll $0,$0,0
Register Write to Reg: 0x00 Val: 0x00000000
[inst #95] sll $0,$0,0
Register Write to Reg: 0x00 Val: 0x00000000
[inst #96] sll $0,$0,0
Register Write to Reg: 0x00 Val: 0x00000000
[inst #97] sll $0,$0,0
Register Write to Reg: 0x00 Val: 0x00000000
[inst #98] addi $1,$0,1
Register Write to Reg: 0x01 Val: 0x00000001
[inst #99] bne $1,$10,6
[inst #100] sll $0,$0,0
Register Write to Reg: 0x00 Val: 0x00000000
[inst #101] sll $0,$0,0
Register Write to Reg: 0x00 Val: 0x00000000
[inst #102] addi $14,$14,4
Register Write to Reg: 0x0E Val: 0x0000000C
[inst #103] addi $24,$24,4
Register Write to Reg: 0x18 Val: 0x10010FF0
[inst #104] j 4194488
[inst #105] sll $0,$0,0
Register Write to Reg: 0x00 Val: 0x00000000
[inst #106] sll $0,$0,0
Register Write to Reg: 0x00 Val: 0x00000000
[inst #107] slt $25,$14,$5
Register Write to Reg: 0x19 Val: 0x00000001
[inst #108] sll $0,$0,0
Register Write to Reg: 0x00 Val: 0x00000000
[inst #109] sll $0,$0,0
Register Write to Reg: 0x00 Val: 0x00000000
[inst #110] sll $0,$0,0
Register Write to Reg: 0x00 Val: 0x00000000
[inst #111] sll $0,$0,0
Register Write to Reg: 0x00 Val: 0x00000000
[inst #112] addi $1,$0,1
Register Write to Reg: 0x01 Val: 0x00000001
[inst #113] bne $1,$25,26
[inst #114] sll $0,$0,0
Register Write to Reg: 0x00 Val: 0x00000000
[inst #115] sll $0,$0,0
Register Write to Reg: 0x00 Val: 0x00000000
[inst #116] lw $8,0($24)
Register Write to Reg: 0x08 Val: 0x00000004
[inst #117] lw $9,4($24)
Register Write to Reg: 0x09 Val: 0x00000006
[inst #118] sll $0,$0,0
Register Write to Reg: 0x00 Val: 0x00000000
[inst #119] sll $0,$0,0
Register Write to Reg: 0x00 Val: 0x00000000
[inst #120] sll $0,$0,0
Register Write to Reg: 0x00 Val: 0x00000000
[inst #121] sll $0,$0,0
Register Write to Reg: 0x00 Val: 0x00000000
[inst #122] slt $10,$9,$8
Register Write to Reg: 0x0A Val: 0x00000000
[inst #123] sll $0,$0,0
Register Write to Reg: 0x00 Val: 0x00000000
[inst #124] sll $0,$0,0
Register Write to Reg: 0x00 Val: 0x00000000
[inst #125] sll $0,$0,0
Register Write to Reg: 0x00 Val: 0x00000000
[inst #126] sll $0,$0,0
Register Write to Reg: 0x00 Val: 0x00000000
[inst #127] addi $1,$0,1
Register Write to Reg: 0x01 Val: 0x00000001
[inst #128] bne $1,$10,6
[inst #129] sll $0,$0,0
Register Write to Reg: 0x00 Val: 0x00000000
[inst #130] sll $0,$0,0
Register Write to Reg: 0x00 Val: 0x00000000
[inst #131] addi $14,$14,4
Register Write to Reg: 0x0E Val: 0x00000010
[inst #132] addi $24,$24,4
Register Write to Reg: 0x18 Val: 0x10010FF4
[inst #133] j 4194488
[inst #134] sll $0,$0,0
Register Write to Reg: 0x00 Val: 0x00000000
[inst #135] sll $0,$0,0
Register Write to Reg: 0x00 Val: 0x00000000
[inst #136] slt $25,$14,$5
Register Write to Reg: 0x19 Val: 0x00000001
[inst #137] sll $0,$0,0
Register Write to Reg: 0x00 Val: 0x00000000
[inst #138] sll $0,$0,0
Register Write to Reg: 0x00 Val: 0x00000000
[inst #139] sll $0,$0,0
Register Write to Reg: 0x00 Val: 0x00000000
[inst #140] sll $0,$0,0
Register Write to Reg: 0x00 Val: 0x00000000
[inst #141] addi $1,$0,1
Register Write to Reg: 0x01 Val: 0x00000001
[inst #142] bne $1,$25,26
[inst #143] sll $0,$0,0
Register Write to Reg: 0x00 Val: 0x00000000
[inst #144] sll $0,$0,0
Register Write to Reg: 0x00 Val: 0x00000000
[inst #145] lw $8,0($24)
Register Write to Reg: 0x08 Val: 0x00000006
[inst #146] lw $9,4($24)
Register Write to Reg: 0x09 Val: 0x00000007
[inst #147] sll $0,$0,0
Register Write to Reg: 0x00 Val: 0x00000000
[inst #148] sll $0,$0,0
Register Write to Reg: 0x00 Val: 0x00000000
[inst #149] sll $0,$0,0
Register Write to Reg: 0x00 Val: 0x00000000
[inst #150] sll $0,$0,0
Register Write to Reg: 0x00 Val: 0x00000000
[inst #151] slt $10,$9,$8
Register Write to Reg: 0x0A Val: 0x00000000
[inst #152] sll $0,$0,0
Register Write to Reg: 0x00 Val: 0x00000000
[inst #153] sll $0,$0,0
Register Write to Reg: 0x00 Val: 0x00000000
[inst #154] sll $0,$0,0
Register Write to Reg: 0x00 Val: 0x00000000
[inst #155] sll $0,$0,0
Register Write to Reg: 0x00 Val: 0x00000000
[inst #156] addi $1,$0,1
Register Write to Reg: 0x01 Val: 0x00000001
[inst #157] bne $1,$10,6
[inst #158] sll $0,$0,0
Register Write to Reg: 0x00 Val: 0x00000000
[inst #159] sll $0,$0,0
Register Write to Reg: 0x00 Val: 0x00000000
[inst #160] addi $14,$14,4
Register Write to Reg: 0x0E Val: 0x00000014
[inst #161] addi $24,$24,4
Register Write to Reg: 0x18 Val: 0x10010FF8
[inst #162] j 4194488
[inst #163] sll $0,$0,0
Register Write to Reg: 0x00 Val: 0x00000000
[inst #164] sll $0,$0,0
Register Write to Reg: 0x00 Val: 0x00000000
[inst #165] slt $25,$14,$5
Register Write to Reg: 0x19 Val: 0x00000000
[inst #166] sll $0,$0,0
Register Write to Reg: 0x00 Val: 0x00000000
[inst #167] sll $0,$0,0
Register Write to Reg: 0x00 Val: 0x00000000
[inst #168] sll $0,$0,0
Register Write to Reg: 0x00 Val: 0x00000000
[inst #169] sll $0,$0,0
Register Write to Reg: 0x00 Val: 0x00000000
[inst #170] addi $1,$0,1
Register Write to Reg: 0x01 Val: 0x00000001
[inst #171] bne $1,$25,26
[inst #172] sll $0,$0,0
Register Write to Reg: 0x00 Val: 0x00000000
[inst #173] sll $0,$0,0
Register Write to Reg: 0x00 Val: 0x00000000
[inst #174] addi $1,$0,1
Register Write to Reg: 0x01 Val: 0x00000001
[inst #175] beq $1,$15,-46
[inst #176] lw $8,0($4)
Register Write to Reg: 0x08 Val: 0x00000001
[inst #177] lw $9,4($4)
Register Write to Reg: 0x09 Val: 0x00000002
[inst #178] lw $10,8($4)
Register Write to Reg: 0x0A Val: 0x00000004
[inst #179] lw $11,12($4)
Register Write to Reg: 0x0B Val: 0x00000006
[inst #180] lw $12,16($4)
Register Write to Reg: 0x0C Val: 0x00000007
[inst #181] halt 

