In clock cycle: 0
Register Write to Reg: 0x17 Val: 0x80000000
In clock cycle: 1
Register Write to Reg: 0x18 Val: 0x80000000
In clock cycle: 2
Register Write to Reg: 0x17 Val: 0x40000000
In clock cycle: 3
Register Write to Reg: 0x18 Val: 0xC0000000
In clock cycle: 4
Register Write to Reg: 0x17 Val: 0x20000000
In clock cycle: 5
Register Write to Reg: 0x18 Val: 0xE0000000
In clock cycle: 6
Register Write to Reg: 0x17 Val: 0x10000000
In clock cycle: 7
Register Write to Reg: 0x18 Val: 0xF0000000
In clock cycle: 8
Register Write to Reg: 0x17 Val: 0x08000000
In clock cycle: 9
Register Write to Reg: 0x18 Val: 0xF8000000
In clock cycle: 10
Register Write to Reg: 0x17 Val: 0x04000000
In clock cycle: 11
Register Write to Reg: 0x18 Val: 0xFC000000
In clock cycle: 12
Register Write to Reg: 0x17 Val: 0x02000000
In clock cycle: 13
Register Write to Reg: 0x18 Val: 0xFE000000
In clock cycle: 14
Register Write to Reg: 0x17 Val: 0x01000000
In clock cycle: 15
Register Write to Reg: 0x18 Val: 0xFF000000
In clock cycle: 16
Register Write to Reg: 0x17 Val: 0x00800000
In clock cycle: 17
Register Write to Reg: 0x18 Val: 0xFF800000
In clock cycle: 18
Register Write to Reg: 0x17 Val: 0x00400000
In clock cycle: 19
Register Write to Reg: 0x18 Val: 0xFFC00000
In clock cycle: 20
Register Write to Reg: 0x17 Val: 0x00200000
In clock cycle: 21
Register Write to Reg: 0x18 Val: 0xFFE00000
In clock cycle: 22
Register Write to Reg: 0x17 Val: 0x00100000
In clock cycle: 23
Register Write to Reg: 0x18 Val: 0xFFF00000
In clock cycle: 24
Register Write to Reg: 0x17 Val: 0x00080000
In clock cycle: 25
Register Write to Reg: 0x18 Val: 0xFFF80000
In clock cycle: 26
Register Write to Reg: 0x17 Val: 0x00040000
In clock cycle: 27
Register Write to Reg: 0x18 Val: 0xFFFC0000
In clock cycle: 28
Register Write to Reg: 0x17 Val: 0x00020000
In clock cycle: 29
Register Write to Reg: 0x18 Val: 0xFFFE0000
In clock cycle: 30
Register Write to Reg: 0x17 Val: 0x00010000
In clock cycle: 31
Register Write to Reg: 0x18 Val: 0xFFFF0000
In clock cycle: 32
Register Write to Reg: 0x17 Val: 0x00008000
In clock cycle: 33
Register Write to Reg: 0x18 Val: 0xFFFF8000
In clock cycle: 34
Register Write to Reg: 0x17 Val: 0x00004000
In clock cycle: 35
Register Write to Reg: 0x18 Val: 0xFFFFC000
In clock cycle: 36
Register Write to Reg: 0x17 Val: 0x00002000
In clock cycle: 37
Register Write to Reg: 0x18 Val: 0xFFFFE000
In clock cycle: 38
Register Write to Reg: 0x17 Val: 0x00001000
In clock cycle: 39
Register Write to Reg: 0x18 Val: 0xFFFFF000
In clock cycle: 40
Register Write to Reg: 0x17 Val: 0x00000800
In clock cycle: 41
Register Write to Reg: 0x18 Val: 0xFFFFF800
In clock cycle: 42
Register Write to Reg: 0x17 Val: 0x00000400
In clock cycle: 43
Register Write to Reg: 0x18 Val: 0xFFFFFC00
In clock cycle: 44
Register Write to Reg: 0x17 Val: 0x00000200
In clock cycle: 45
Register Write to Reg: 0x18 Val: 0xFFFFFE00
In clock cycle: 46
Register Write to Reg: 0x17 Val: 0x00000100
In clock cycle: 47
Register Write to Reg: 0x18 Val: 0xFFFFFF00
In clock cycle: 48
Register Write to Reg: 0x17 Val: 0x00000080
In clock cycle: 49
Register Write to Reg: 0x18 Val: 0xFFFFFF80
In clock cycle: 50
Register Write to Reg: 0x17 Val: 0x00000040
In clock cycle: 51
Register Write to Reg: 0x18 Val: 0xFFFFFFC0
In clock cycle: 52
Register Write to Reg: 0x17 Val: 0x00000020
In clock cycle: 53
Register Write to Reg: 0x18 Val: 0xFFFFFFE0
In clock cycle: 54
Register Write to Reg: 0x17 Val: 0x00000010
In clock cycle: 55
Register Write to Reg: 0x18 Val: 0xFFFFFFF0
In clock cycle: 56
Register Write to Reg: 0x17 Val: 0x00000008
In clock cycle: 57
Register Write to Reg: 0x18 Val: 0xFFFFFFF8
In clock cycle: 58
Register Write to Reg: 0x17 Val: 0x00000004
In clock cycle: 59
Register Write to Reg: 0x18 Val: 0xFFFFFFFC
In clock cycle: 60
Register Write to Reg: 0x17 Val: 0x00000002
In clock cycle: 61
Register Write to Reg: 0x18 Val: 0xFFFFFFFE
In clock cycle: 62
Register Write to Reg: 0x17 Val: 0x00000001
In clock cycle: 63
Register Write to Reg: 0x18 Val: 0xFFFFFFFF
In clock cycle: 64
Register Write to Reg: 0x17 Val: 0x80000000
In clock cycle: 65
Register Write to Reg: 0x01 Val: 0x80000000
In clock cycle: 66
Register Write to Reg: 0x17 Val: 0x40000000
In clock cycle: 67
Register Write to Reg: 0x01 Val: 0xC0000000
In clock cycle: 68
Register Write to Reg: 0x17 Val: 0x20000000
In clock cycle: 69
Register Write to Reg: 0x01 Val: 0xE0000000
In clock cycle: 70
Register Write to Reg: 0x17 Val: 0x10000000
In clock cycle: 71
Register Write to Reg: 0x01 Val: 0xF0000000
In clock cycle: 72
Register Write to Reg: 0x17 Val: 0x08000000
In clock cycle: 73
Register Write to Reg: 0x01 Val: 0xF8000000
In clock cycle: 74
Register Write to Reg: 0x17 Val: 0x04000000
In clock cycle: 75
Register Write to Reg: 0x01 Val: 0xFC000000
In clock cycle: 76
Register Write to Reg: 0x17 Val: 0x02000000
In clock cycle: 77
Register Write to Reg: 0x01 Val: 0xFE000000
In clock cycle: 78
Register Write to Reg: 0x17 Val: 0x01000000
In clock cycle: 79
Register Write to Reg: 0x01 Val: 0xFF000000
In clock cycle: 80
Register Write to Reg: 0x17 Val: 0x00800000
In clock cycle: 81
Register Write to Reg: 0x01 Val: 0xFF800000
In clock cycle: 82
Register Write to Reg: 0x17 Val: 0x00400000
In clock cycle: 83
Register Write to Reg: 0x01 Val: 0xFFC00000
In clock cycle: 84
Register Write to Reg: 0x17 Val: 0x00200000
In clock cycle: 85
Register Write to Reg: 0x01 Val: 0xFFE00000
In clock cycle: 86
Register Write to Reg: 0x17 Val: 0x00100000
In clock cycle: 87
Register Write to Reg: 0x01 Val: 0xFFF00000
In clock cycle: 88
Register Write to Reg: 0x17 Val: 0x00080000
In clock cycle: 89
Register Write to Reg: 0x01 Val: 0xFFF80000
In clock cycle: 90
Register Write to Reg: 0x17 Val: 0x00040000
In clock cycle: 91
Register Write to Reg: 0x01 Val: 0xFFFC0000
In clock cycle: 92
Register Write to Reg: 0x17 Val: 0x00020000
In clock cycle: 93
Register Write to Reg: 0x01 Val: 0xFFFE0000
In clock cycle: 94
Register Write to Reg: 0x17 Val: 0x00010000
In clock cycle: 95
Register Write to Reg: 0x01 Val: 0xFFFF0000
In clock cycle: 96
Register Write to Reg: 0x17 Val: 0x00008000
In clock cycle: 97
Register Write to Reg: 0x01 Val: 0xFFFF8000
In clock cycle: 98
Register Write to Reg: 0x17 Val: 0x00004000
In clock cycle: 99
Register Write to Reg: 0x01 Val: 0xFFFFC000
In clock cycle: 100
Register Write to Reg: 0x17 Val: 0x00002000
In clock cycle: 101
Register Write to Reg: 0x01 Val: 0xFFFFE000
In clock cycle: 102
Register Write to Reg: 0x17 Val: 0x00001000
In clock cycle: 103
Register Write to Reg: 0x01 Val: 0xFFFFF000
In clock cycle: 104
Register Write to Reg: 0x17 Val: 0x00000800
In clock cycle: 105
Register Write to Reg: 0x01 Val: 0xFFFFF800
In clock cycle: 106
Register Write to Reg: 0x17 Val: 0x00000400
In clock cycle: 107
Register Write to Reg: 0x01 Val: 0xFFFFFC00
In clock cycle: 108
Register Write to Reg: 0x17 Val: 0x00000200
In clock cycle: 109
Register Write to Reg: 0x01 Val: 0xFFFFFE00
In clock cycle: 110
Register Write to Reg: 0x17 Val: 0x00000100
In clock cycle: 111
Register Write to Reg: 0x01 Val: 0xFFFFFF00
In clock cycle: 112
Register Write to Reg: 0x17 Val: 0x00000080
In clock cycle: 113
Register Write to Reg: 0x01 Val: 0xFFFFFF80
In clock cycle: 114
Register Write to Reg: 0x17 Val: 0x00000040
In clock cycle: 115
Register Write to Reg: 0x01 Val: 0xFFFFFFC0
In clock cycle: 116
Register Write to Reg: 0x17 Val: 0x00000020
In clock cycle: 117
Register Write to Reg: 0x01 Val: 0xFFFFFFE0
In clock cycle: 118
Register Write to Reg: 0x17 Val: 0x00000010
In clock cycle: 119
Register Write to Reg: 0x01 Val: 0xFFFFFFF0
In clock cycle: 120
Register Write to Reg: 0x17 Val: 0x00000008
In clock cycle: 121
Register Write to Reg: 0x01 Val: 0xFFFFFFF8
In clock cycle: 122
Register Write to Reg: 0x17 Val: 0x00000004
In clock cycle: 123
Register Write to Reg: 0x01 Val: 0xFFFFFFFC
In clock cycle: 124
Register Write to Reg: 0x17 Val: 0x00000002
In clock cycle: 125
Register Write to Reg: 0x01 Val: 0xFFFFFFFE
In clock cycle: 126
Register Write to Reg: 0x17 Val: 0x00000001
In clock cycle: 127
Register Write to Reg: 0x01 Val: 0xFFFFFFFF
Execution is stopping! Clock Cycle: 128
