[inst #1] addiu $9,$0,-1
Register Write to Reg: 0x09 Val: 0xFFFFFFFF
[inst #2] lui $1,-21555
Register Write to Reg: 0x01 Val: 0xABCD0000
[inst #3] ori $10,$1,65535
Register Write to Reg: 0x0A Val: 0xABCDFFFF
[inst #4] xor $11,$9,$10
Register Write to Reg: 0x0B Val: 0x54320000
[inst #5] lui $1,-1
Register Write to Reg: 0x01 Val: 0xFFFF0000
[inst #6] ori $12,$1,1
Register Write to Reg: 0x0C Val: 0xFFFF0001
[inst #7] xori $13,$12,43981
Register Write to Reg: 0x0D Val: 0xFFFFABCC
[inst #8] lui $1,291
Register Write to Reg: 0x01 Val: 0x01230000
[inst #9] ori $14,$1,17767
Register Write to Reg: 0x0E Val: 0x01234567
[inst #10] xori $14,$14,65535
Register Write to Reg: 0x0E Val: 0x0123BA98
[inst #11] halt 

