In clock cycle: 0
Register Write to Reg: 0x09 Val: 0xFFFFFFFF
In clock cycle: 1
Register Write to Reg: 0x01 Val: 0xABCD0000
In clock cycle: 2
Register Write to Reg: 0x0A Val: 0xABCDFFFF
In clock cycle: 3
Register Write to Reg: 0x0B Val: 0x54320000
In clock cycle: 4
Register Write to Reg: 0x01 Val: 0xFFFF0000
In clock cycle: 5
Register Write to Reg: 0x0C Val: 0xFFFF0001
In clock cycle: 6
Register Write to Reg: 0x0D Val: 0xFFFFABCC
In clock cycle: 7
Register Write to Reg: 0x01 Val: 0x01230000
In clock cycle: 8
Register Write to Reg: 0x0E Val: 0x01234567
In clock cycle: 9
Register Write to Reg: 0x0E Val: 0x0123BA98
Execution is stopping! Clock Cycle: 10
