[inst #1] nor $31,$0,$0
Register Write to Reg: 0x1F Val: 0xFFFFFFFF
[inst #2] nor $0,$31,$0
Register Write to Reg: 0x00 Val: 0x00000000
[inst #3] nor $1,$31,$0
Register Write to Reg: 0x01 Val: 0x00000000
[inst #4] nor $2,$31,$0
Register Write to Reg: 0x02 Val: 0x00000000
[inst #5] nor $3,$31,$0
Register Write to Reg: 0x03 Val: 0x00000000
[inst #6] nor $4,$31,$0
Register Write to Reg: 0x04 Val: 0x00000000
[inst #7] nor $5,$31,$0
Register Write to Reg: 0x05 Val: 0x00000000
[inst #8] nor $6,$31,$0
Register Write to Reg: 0x06 Val: 0x00000000
[inst #9] nor $7,$31,$0
Register Write to Reg: 0x07 Val: 0x00000000
[inst #10] nor $8,$31,$0
Register Write to Reg: 0x08 Val: 0x00000000
[inst #11] nor $9,$31,$0
Register Write to Reg: 0x09 Val: 0x00000000
[inst #12] nor $10,$31,$0
Register Write to Reg: 0x0A Val: 0x00000000
[inst #13] nor $11,$31,$0
Register Write to Reg: 0x0B Val: 0x00000000
[inst #14] nor $12,$31,$0
Register Write to Reg: 0x0C Val: 0x00000000
[inst #15] nor $13,$31,$0
Register Write to Reg: 0x0D Val: 0x00000000
[inst #16] nor $14,$31,$0
Register Write to Reg: 0x0E Val: 0x00000000
[inst #17] nor $15,$31,$0
Register Write to Reg: 0x0F Val: 0x00000000
[inst #18] nor $16,$31,$0
Register Write to Reg: 0x10 Val: 0x00000000
[inst #19] nor $17,$31,$0
Register Write to Reg: 0x11 Val: 0x00000000
[inst #20] nor $18,$31,$0
Register Write to Reg: 0x12 Val: 0x00000000
[inst #21] nor $19,$31,$0
Register Write to Reg: 0x13 Val: 0x00000000
[inst #22] nor $20,$31,$0
Register Write to Reg: 0x14 Val: 0x00000000
[inst #23] nor $21,$31,$0
Register Write to Reg: 0x15 Val: 0x00000000
[inst #24] nor $22,$31,$0
Register Write to Reg: 0x16 Val: 0x00000000
[inst #25] nor $23,$31,$0
Register Write to Reg: 0x17 Val: 0x00000000
[inst #26] nor $24,$31,$0
Register Write to Reg: 0x18 Val: 0x00000000
[inst #27] nor $25,$31,$0
Register Write to Reg: 0x19 Val: 0x00000000
[inst #28] nor $26,$31,$0
Register Write to Reg: 0x1A Val: 0x00000000
[inst #29] nor $27,$31,$0
Register Write to Reg: 0x1B Val: 0x00000000
[inst #30] nor $28,$31,$0
Register Write to Reg: 0x1C Val: 0x00000000
[inst #31] nor $29,$31,$0
Register Write to Reg: 0x1D Val: 0x00000000
[inst #32] nor $30,$31,$0
Register Write to Reg: 0x1E Val: 0x00000000
[inst #33] nor $31,$31,$0
Register Write to Reg: 0x1F Val: 0x00000000
[inst #34] halt 

