[inst #1] addi $1,$1,-1
Register Write to Reg: 0x01 Val: 0xFFFFFFFF
[inst #2] addi $2,$2,-1
Register Write to Reg: 0x02 Val: 0xFFFFFFFF
[inst #3] and $3,$1,$2
Register Write to Reg: 0x03 Val: 0xFFFFFFFF
[inst #4] and $4,$1,$2
Register Write to Reg: 0x04 Val: 0xFFFFFFFF
[inst #5] and $5,$1,$2
Register Write to Reg: 0x05 Val: 0xFFFFFFFF
[inst #6] and $6,$1,$2
Register Write to Reg: 0x06 Val: 0xFFFFFFFF
[inst #7] and $7,$1,$2
Register Write to Reg: 0x07 Val: 0xFFFFFFFF
[inst #8] and $8,$1,$2
Register Write to Reg: 0x08 Val: 0xFFFFFFFF
[inst #9] and $9,$1,$2
Register Write to Reg: 0x09 Val: 0xFFFFFFFF
[inst #10] and $10,$1,$2
Register Write to Reg: 0x0A Val: 0xFFFFFFFF
[inst #11] and $11,$1,$2
Register Write to Reg: 0x0B Val: 0xFFFFFFFF
[inst #12] and $12,$1,$2
Register Write to Reg: 0x0C Val: 0xFFFFFFFF
[inst #13] and $13,$1,$2
Register Write to Reg: 0x0D Val: 0xFFFFFFFF
[inst #14] and $14,$1,$2
Register Write to Reg: 0x0E Val: 0xFFFFFFFF
[inst #15] and $15,$1,$2
Register Write to Reg: 0x0F Val: 0xFFFFFFFF
[inst #16] and $16,$1,$2
Register Write to Reg: 0x10 Val: 0xFFFFFFFF
[inst #17] and $17,$1,$2
Register Write to Reg: 0x11 Val: 0xFFFFFFFF
[inst #18] and $18,$1,$2
Register Write to Reg: 0x12 Val: 0xFFFFFFFF
[inst #19] and $19,$1,$2
Register Write to Reg: 0x13 Val: 0xFFFFFFFF
[inst #20] and $20,$1,$2
Register Write to Reg: 0x14 Val: 0xFFFFFFFF
[inst #21] and $21,$1,$2
Register Write to Reg: 0x15 Val: 0xFFFFFFFF
[inst #22] and $22,$1,$2
Register Write to Reg: 0x16 Val: 0xFFFFFFFF
[inst #23] and $23,$1,$2
Register Write to Reg: 0x17 Val: 0xFFFFFFFF
[inst #24] and $24,$1,$2
Register Write to Reg: 0x18 Val: 0xFFFFFFFF
[inst #25] and $25,$1,$2
Register Write to Reg: 0x19 Val: 0xFFFFFFFF
[inst #26] and $26,$1,$2
Register Write to Reg: 0x1A Val: 0xFFFFFFFF
[inst #27] and $27,$1,$2
Register Write to Reg: 0x1B Val: 0xFFFFFFFF
[inst #28] and $28,$1,$2
Register Write to Reg: 0x1C Val: 0xFFFFFFFF
[inst #29] and $29,$1,$2
Register Write to Reg: 0x1D Val: 0xFFFFFFFF
[inst #30] and $30,$1,$2
Register Write to Reg: 0x1E Val: 0xFFFFFFFF
[inst #31] halt 

