In clock cycle: 0
Register Write to Reg: 0x01 Val: 0x10000000
In clock cycle: 1
Register Write to Reg: 0x02 Val: 0x10000000
In clock cycle: 2
Register Write to Reg: 0x03 Val: 0x10000000
In clock cycle: 3
Register Write to Reg: 0x04 Val: 0x10000000
In clock cycle: 4
Register Write to Reg: 0x05 Val: 0x10000000
In clock cycle: 5
Register Write to Reg: 0x06 Val: 0x10000000
In clock cycle: 6
Register Write to Reg: 0x07 Val: 0x10000000
In clock cycle: 7
Register Write to Reg: 0x09 Val: 0x10000000
In clock cycle: 8
Register Write to Reg: 0x0A Val: 0x10000000
In clock cycle: 9
Register Write to Reg: 0x0B Val: 0x10000000
In clock cycle: 10
Register Write to Reg: 0x0C Val: 0x10000000
In clock cycle: 11
Register Write to Reg: 0x0D Val: 0x10000000
In clock cycle: 12
Register Write to Reg: 0x0E Val: 0x10000000
In clock cycle: 13
Register Write to Reg: 0x0F Val: 0x10000000
In clock cycle: 14
Register Write to Reg: 0x10 Val: 0x10000000
In clock cycle: 15
Register Write to Reg: 0x11 Val: 0x10000000
In clock cycle: 16
Register Write to Reg: 0x12 Val: 0x10000000
In clock cycle: 17
Register Write to Reg: 0x13 Val: 0x10000000
In clock cycle: 18
Register Write to Reg: 0x14 Val: 0x10000000
In clock cycle: 19
Register Write to Reg: 0x15 Val: 0x10000000
In clock cycle: 20
Register Write to Reg: 0x16 Val: 0x10000000
In clock cycle: 21
Register Write to Reg: 0x17 Val: 0x10000000
In clock cycle: 22
Register Write to Reg: 0x18 Val: 0x10000000
In clock cycle: 23
Register Write to Reg: 0x19 Val: 0x10000000
In clock cycle: 24
Register Write to Reg: 0x1A Val: 0x10000000
In clock cycle: 25
Register Write to Reg: 0x1B Val: 0x10000000
In clock cycle: 26
Register Write to Reg: 0x1C Val: 0x10000000
In clock cycle: 27
Register Write to Reg: 0x1D Val: 0x10000000
In clock cycle: 28
Register Write to Reg: 0x1E Val: 0x10000000
In clock cycle: 29
Register Write to Reg: 0x1F Val: 0x10000000
In clock cycle: 30
Register Write to Reg: 0x08 Val: 0xABCD0000
In clock cycle: 31
Register Write to Reg: 0x08 Val: 0xABCDEFAA
In clock cycle: 32
Memory Write to Addr: 0x10000000 Val: 0xABCDEFAA
In clock cycle: 33
Memory Write to Addr: 0x10000004 Val: 0xABCDEFAA
In clock cycle: 34
Memory Write to Addr: 0x10000008 Val: 0xABCDEFAA
In clock cycle: 35
Memory Write to Addr: 0x1000000C Val: 0xABCDEFAA
In clock cycle: 36
Memory Write to Addr: 0x10000010 Val: 0xABCDEFAA
In clock cycle: 37
Memory Write to Addr: 0x10000014 Val: 0xABCDEFAA
In clock cycle: 38
Memory Write to Addr: 0x10000018 Val: 0xABCDEFAA
In clock cycle: 39
Memory Write to Addr: 0x1000001C Val: 0xABCDEFAA
In clock cycle: 40
Memory Write to Addr: 0x10000020 Val: 0xABCDEFAA
In clock cycle: 41
Memory Write to Addr: 0x10000024 Val: 0xABCDEFAA
In clock cycle: 42
Memory Write to Addr: 0x10000028 Val: 0xABCDEFAA
In clock cycle: 43
Memory Write to Addr: 0x1000002C Val: 0xABCDEFAA
In clock cycle: 44
Memory Write to Addr: 0x10000030 Val: 0xABCDEFAA
In clock cycle: 45
Memory Write to Addr: 0x10000034 Val: 0xABCDEFAA
In clock cycle: 46
Memory Write to Addr: 0x10000038 Val: 0xABCDEFAA
In clock cycle: 47
Memory Write to Addr: 0x1000003C Val: 0xABCDEFAA
In clock cycle: 48
Memory Write to Addr: 0x10000040 Val: 0xABCDEFAA
In clock cycle: 49
Memory Write to Addr: 0x10000044 Val: 0xABCDEFAA
In clock cycle: 50
Memory Write to Addr: 0x10000048 Val: 0xABCDEFAA
In clock cycle: 51
Memory Write to Addr: 0x1000004C Val: 0xABCDEFAA
In clock cycle: 52
Memory Write to Addr: 0x10000050 Val: 0xABCDEFAA
In clock cycle: 53
Memory Write to Addr: 0x10000054 Val: 0xABCDEFAA
In clock cycle: 54
Memory Write to Addr: 0x10000058 Val: 0xABCDEFAA
In clock cycle: 55
Memory Write to Addr: 0x1000005C Val: 0xABCDEFAA
In clock cycle: 56
Memory Write to Addr: 0x10000060 Val: 0xABCDEFAA
In clock cycle: 57
Memory Write to Addr: 0x10000064 Val: 0xABCDEFAA
In clock cycle: 58
Memory Write to Addr: 0x10000068 Val: 0xABCDEFAA
In clock cycle: 59
Memory Write to Addr: 0x1000006C Val: 0xABCDEFAA
In clock cycle: 60
Memory Write to Addr: 0x10000070 Val: 0xABCDEFAA
In clock cycle: 61
Memory Write to Addr: 0x10000074 Val: 0xABCDEFAA
In clock cycle: 62
Register Write to Reg: 0x08 Val: 0x10000000
In clock cycle: 63
Register Write to Reg: 0x09 Val: 0xABCD0000
In clock cycle: 64
Register Write to Reg: 0x09 Val: 0xABCDEFAA
In clock cycle: 65
Memory Write to Addr: 0x10000078 Val: 0xABCDEFAA
Execution is stopping! Clock Cycle: 66
