In clock cycle: 0
Register Write to Reg: 0x01 Val: 0x10010000
In clock cycle: 1
Register Write to Reg: 0x1D Val: 0x10011000
In clock cycle: 2
Register Write to Reg: 0x01 Val: 0x00000020
In clock cycle: 3
Register Write to Reg: 0x1D Val: 0x10010FE0
In clock cycle: 4
Register Write to Reg: 0x04 Val: 0x10010FE8
In clock cycle: 5
Register Write to Reg: 0x05 Val: 0x00000014
In clock cycle: 6
Memory Write to Addr: 0x10010FE4 Val: 0x00000014
In clock cycle: 7
Register Write to Reg: 0x09 Val: 0x00000007
In clock cycle: 8
Memory Write to Addr: 0x10010FE8 Val: 0x00000007
In clock cycle: 9
Register Write to Reg: 0x09 Val: 0x00000006
In clock cycle: 10
Memory Write to Addr: 0x10010FEC Val: 0x00000006
In clock cycle: 11
Register Write to Reg: 0x09 Val: 0x00000004
In clock cycle: 12
Memory Write to Addr: 0x10010FF0 Val: 0x00000004
In clock cycle: 13
Register Write to Reg: 0x09 Val: 0x00000002
In clock cycle: 14
Memory Write to Addr: 0x10010FF4 Val: 0x00000002
In clock cycle: 15
Register Write to Reg: 0x09 Val: 0x00000001
In clock cycle: 16
Memory Write to Addr: 0x10010FF8 Val: 0x00000001
In clock cycle: 17
Register Write to Reg: 0x09 Val: 0x00000000
In clock cycle: 18
Register Write to Reg: 0x18 Val: 0x10010FE8
In clock cycle: 19
Register Write to Reg: 0x0F Val: 0x00000000
In clock cycle: 20
Register Write to Reg: 0x0E Val: 0x00000004
In clock cycle: 21
Register Write to Reg: 0x19 Val: 0x00000001
In clock cycle: 22
Register Write to Reg: 0x01 Val: 0x00000001
In clock cycle: 24
Register Write to Reg: 0x08 Val: 0x00000007
In clock cycle: 25
Register Write to Reg: 0x09 Val: 0x00000006
In clock cycle: 26
Register Write to Reg: 0x0A Val: 0x00000001
In clock cycle: 27
Register Write to Reg: 0x01 Val: 0x00000001
In clock cycle: 29
Memory Write to Addr: 0x10010FE8 Val: 0x00000006
In clock cycle: 30
Memory Write to Addr: 0x10010FEC Val: 0x00000007
In clock cycle: 31
Register Write to Reg: 0x0F Val: 0x00000001
In clock cycle: 33
Register Write to Reg: 0x0E Val: 0x00000008
In clock cycle: 34
Register Write to Reg: 0x18 Val: 0x10010FEC
In clock cycle: 36
Register Write to Reg: 0x19 Val: 0x00000001
In clock cycle: 37
Register Write to Reg: 0x01 Val: 0x00000001
In clock cycle: 39
Register Write to Reg: 0x08 Val: 0x00000007
In clock cycle: 40
Register Write to Reg: 0x09 Val: 0x00000004
In clock cycle: 41
Register Write to Reg: 0x0A Val: 0x00000001
In clock cycle: 42
Register Write to Reg: 0x01 Val: 0x00000001
In clock cycle: 44
Memory Write to Addr: 0x10010FEC Val: 0x00000004
In clock cycle: 45
Memory Write to Addr: 0x10010FF0 Val: 0x00000007
In clock cycle: 46
Register Write to Reg: 0x0F Val: 0x00000001
In clock cycle: 48
Register Write to Reg: 0x0E Val: 0x0000000C
In clock cycle: 49
Register Write to Reg: 0x18 Val: 0x10010FF0
In clock cycle: 51
Register Write to Reg: 0x19 Val: 0x00000001
In clock cycle: 52
Register Write to Reg: 0x01 Val: 0x00000001
In clock cycle: 54
Register Write to Reg: 0x08 Val: 0x00000007
In clock cycle: 55
Register Write to Reg: 0x09 Val: 0x00000002
In clock cycle: 56
Register Write to Reg: 0x0A Val: 0x00000001
In clock cycle: 57
Register Write to Reg: 0x01 Val: 0x00000001
In clock cycle: 59
Memory Write to Addr: 0x10010FF0 Val: 0x00000002
In clock cycle: 60
Memory Write to Addr: 0x10010FF4 Val: 0x00000007
In clock cycle: 61
Register Write to Reg: 0x0F Val: 0x00000001
In clock cycle: 63
Register Write to Reg: 0x0E Val: 0x00000010
In clock cycle: 64
Register Write to Reg: 0x18 Val: 0x10010FF4
In clock cycle: 66
Register Write to Reg: 0x19 Val: 0x00000001
In clock cycle: 67
Register Write to Reg: 0x01 Val: 0x00000001
In clock cycle: 69
Register Write to Reg: 0x08 Val: 0x00000007
In clock cycle: 70
Register Write to Reg: 0x09 Val: 0x00000001
In clock cycle: 71
Register Write to Reg: 0x0A Val: 0x00000001
In clock cycle: 72
Register Write to Reg: 0x01 Val: 0x00000001
In clock cycle: 74
Memory Write to Addr: 0x10010FF4 Val: 0x00000001
In clock cycle: 75
Memory Write to Addr: 0x10010FF8 Val: 0x00000007
In clock cycle: 76
Register Write to Reg: 0x0F Val: 0x00000001
In clock cycle: 78
Register Write to Reg: 0x0E Val: 0x00000014
In clock cycle: 79
Register Write to Reg: 0x18 Val: 0x10010FF8
In clock cycle: 81
Register Write to Reg: 0x19 Val: 0x00000000
In clock cycle: 82
Register Write to Reg: 0x01 Val: 0x00000001
In clock cycle: 84
Register Write to Reg: 0x01 Val: 0x00000001
In clock cycle: 86
Register Write to Reg: 0x18 Val: 0x10010FE8
In clock cycle: 87
Register Write to Reg: 0x0F Val: 0x00000000
In clock cycle: 88
Register Write to Reg: 0x0E Val: 0x00000004
In clock cycle: 89
Register Write to Reg: 0x19 Val: 0x00000001
In clock cycle: 90
Register Write to Reg: 0x01 Val: 0x00000001
In clock cycle: 92
Register Write to Reg: 0x08 Val: 0x00000006
In clock cycle: 93
Register Write to Reg: 0x09 Val: 0x00000004
In clock cycle: 94
Register Write to Reg: 0x0A Val: 0x00000001
In clock cycle: 95
Register Write to Reg: 0x01 Val: 0x00000001
In clock cycle: 97
Memory Write to Addr: 0x10010FE8 Val: 0x00000004
In clock cycle: 98
Memory Write to Addr: 0x10010FEC Val: 0x00000006
In clock cycle: 99
Register Write to Reg: 0x0F Val: 0x00000001
In clock cycle: 101
Register Write to Reg: 0x0E Val: 0x00000008
In clock cycle: 102
Register Write to Reg: 0x18 Val: 0x10010FEC
In clock cycle: 104
Register Write to Reg: 0x19 Val: 0x00000001
In clock cycle: 105
Register Write to Reg: 0x01 Val: 0x00000001
In clock cycle: 107
Register Write to Reg: 0x08 Val: 0x00000006
In clock cycle: 108
Register Write to Reg: 0x09 Val: 0x00000002
In clock cycle: 109
Register Write to Reg: 0x0A Val: 0x00000001
In clock cycle: 110
Register Write to Reg: 0x01 Val: 0x00000001
In clock cycle: 112
Memory Write to Addr: 0x10010FEC Val: 0x00000002
In clock cycle: 113
Memory Write to Addr: 0x10010FF0 Val: 0x00000006
In clock cycle: 114
Register Write to Reg: 0x0F Val: 0x00000001
In clock cycle: 116
Register Write to Reg: 0x0E Val: 0x0000000C
In clock cycle: 117
Register Write to Reg: 0x18 Val: 0x10010FF0
In clock cycle: 119
Register Write to Reg: 0x19 Val: 0x00000001
In clock cycle: 120
Register Write to Reg: 0x01 Val: 0x00000001
In clock cycle: 122
Register Write to Reg: 0x08 Val: 0x00000006
In clock cycle: 123
Register Write to Reg: 0x09 Val: 0x00000001
In clock cycle: 124
Register Write to Reg: 0x0A Val: 0x00000001
In clock cycle: 125
Register Write to Reg: 0x01 Val: 0x00000001
In clock cycle: 127
Memory Write to Addr: 0x10010FF0 Val: 0x00000001
In clock cycle: 128
Memory Write to Addr: 0x10010FF4 Val: 0x00000006
In clock cycle: 129
Register Write to Reg: 0x0F Val: 0x00000001
In clock cycle: 131
Register Write to Reg: 0x0E Val: 0x00000010
In clock cycle: 132
Register Write to Reg: 0x18 Val: 0x10010FF4
In clock cycle: 134
Register Write to Reg: 0x19 Val: 0x00000001
In clock cycle: 135
Register Write to Reg: 0x01 Val: 0x00000001
In clock cycle: 137
Register Write to Reg: 0x08 Val: 0x00000006
In clock cycle: 138
Register Write to Reg: 0x09 Val: 0x00000007
In clock cycle: 139
Register Write to Reg: 0x0A Val: 0x00000000
In clock cycle: 140
Register Write to Reg: 0x01 Val: 0x00000001
In clock cycle: 142
Register Write to Reg: 0x0E Val: 0x00000014
In clock cycle: 143
Register Write to Reg: 0x18 Val: 0x10010FF8
In clock cycle: 145
Register Write to Reg: 0x19 Val: 0x00000000
In clock cycle: 146
Register Write to Reg: 0x01 Val: 0x00000001
In clock cycle: 148
Register Write to Reg: 0x01 Val: 0x00000001
In clock cycle: 150
Register Write to Reg: 0x18 Val: 0x10010FE8
In clock cycle: 151
Register Write to Reg: 0x0F Val: 0x00000000
In clock cycle: 152
Register Write to Reg: 0x0E Val: 0x00000004
In clock cycle: 153
Register Write to Reg: 0x19 Val: 0x00000001
In clock cycle: 154
Register Write to Reg: 0x01 Val: 0x00000001
In clock cycle: 156
Register Write to Reg: 0x08 Val: 0x00000004
In clock cycle: 157
Register Write to Reg: 0x09 Val: 0x00000002
In clock cycle: 158
Register Write to Reg: 0x0A Val: 0x00000001
In clock cycle: 159
Register Write to Reg: 0x01 Val: 0x00000001
In clock cycle: 161
Memory Write to Addr: 0x10010FE8 Val: 0x00000002
In clock cycle: 162
Memory Write to Addr: 0x10010FEC Val: 0x00000004
In clock cycle: 163
Register Write to Reg: 0x0F Val: 0x00000001
In clock cycle: 165
Register Write to Reg: 0x0E Val: 0x00000008
In clock cycle: 166
Register Write to Reg: 0x18 Val: 0x10010FEC
In clock cycle: 168
Register Write to Reg: 0x19 Val: 0x00000001
In clock cycle: 169
Register Write to Reg: 0x01 Val: 0x00000001
In clock cycle: 171
Register Write to Reg: 0x08 Val: 0x00000004
In clock cycle: 172
Register Write to Reg: 0x09 Val: 0x00000001
In clock cycle: 173
Register Write to Reg: 0x0A Val: 0x00000001
In clock cycle: 174
Register Write to Reg: 0x01 Val: 0x00000001
In clock cycle: 176
Memory Write to Addr: 0x10010FEC Val: 0x00000001
In clock cycle: 177
Memory Write to Addr: 0x10010FF0 Val: 0x00000004
In clock cycle: 178
Register Write to Reg: 0x0F Val: 0x00000001
In clock cycle: 180
Register Write to Reg: 0x0E Val: 0x0000000C
In clock cycle: 181
Register Write to Reg: 0x18 Val: 0x10010FF0
In clock cycle: 183
Register Write to Reg: 0x19 Val: 0x00000001
In clock cycle: 184
Register Write to Reg: 0x01 Val: 0x00000001
In clock cycle: 186
Register Write to Reg: 0x08 Val: 0x00000004
In clock cycle: 187
Register Write to Reg: 0x09 Val: 0x00000006
In clock cycle: 188
Register Write to Reg: 0x0A Val: 0x00000000
In clock cycle: 189
Register Write to Reg: 0x01 Val: 0x00000001
In clock cycle: 191
Register Write to Reg: 0x0E Val: 0x00000010
In clock cycle: 192
Register Write to Reg: 0x18 Val: 0x10010FF4
In clock cycle: 194
Register Write to Reg: 0x19 Val: 0x00000001
In clock cycle: 195
Register Write to Reg: 0x01 Val: 0x00000001
In clock cycle: 197
Register Write to Reg: 0x08 Val: 0x00000006
In clock cycle: 198
Register Write to Reg: 0x09 Val: 0x00000007
In clock cycle: 199
Register Write to Reg: 0x0A Val: 0x00000000
In clock cycle: 200
Register Write to Reg: 0x01 Val: 0x00000001
In clock cycle: 202
Register Write to Reg: 0x0E Val: 0x00000014
In clock cycle: 203
Register Write to Reg: 0x18 Val: 0x10010FF8
In clock cycle: 205
Register Write to Reg: 0x19 Val: 0x00000000
In clock cycle: 206
Register Write to Reg: 0x01 Val: 0x00000001
In clock cycle: 208
Register Write to Reg: 0x01 Val: 0x00000001
In clock cycle: 210
Register Write to Reg: 0x18 Val: 0x10010FE8
In clock cycle: 211
Register Write to Reg: 0x0F Val: 0x00000000
In clock cycle: 212
Register Write to Reg: 0x0E Val: 0x00000004
In clock cycle: 213
Register Write to Reg: 0x19 Val: 0x00000001
In clock cycle: 214
Register Write to Reg: 0x01 Val: 0x00000001
In clock cycle: 216
Register Write to Reg: 0x08 Val: 0x00000002
In clock cycle: 217
Register Write to Reg: 0x09 Val: 0x00000001
In clock cycle: 218
Register Write to Reg: 0x0A Val: 0x00000001
In clock cycle: 219
Register Write to Reg: 0x01 Val: 0x00000001
In clock cycle: 221
Memory Write to Addr: 0x10010FE8 Val: 0x00000001
In clock cycle: 222
Memory Write to Addr: 0x10010FEC Val: 0x00000002
In clock cycle: 223
Register Write to Reg: 0x0F Val: 0x00000001
In clock cycle: 225
Register Write to Reg: 0x0E Val: 0x00000008
In clock cycle: 226
Register Write to Reg: 0x18 Val: 0x10010FEC
In clock cycle: 228
Register Write to Reg: 0x19 Val: 0x00000001
In clock cycle: 229
Register Write to Reg: 0x01 Val: 0x00000001
In clock cycle: 231
Register Write to Reg: 0x08 Val: 0x00000002
In clock cycle: 232
Register Write to Reg: 0x09 Val: 0x00000004
In clock cycle: 233
Register Write to Reg: 0x0A Val: 0x00000000
In clock cycle: 234
Register Write to Reg: 0x01 Val: 0x00000001
In clock cycle: 236
Register Write to Reg: 0x0E Val: 0x0000000C
In clock cycle: 237
Register Write to Reg: 0x18 Val: 0x10010FF0
In clock cycle: 239
Register Write to Reg: 0x19 Val: 0x00000001
In clock cycle: 240
Register Write to Reg: 0x01 Val: 0x00000001
In clock cycle: 242
Register Write to Reg: 0x08 Val: 0x00000004
In clock cycle: 243
Register Write to Reg: 0x09 Val: 0x00000006
In clock cycle: 244
Register Write to Reg: 0x0A Val: 0x00000000
In clock cycle: 245
Register Write to Reg: 0x01 Val: 0x00000001
In clock cycle: 247
Register Write to Reg: 0x0E Val: 0x00000010
In clock cycle: 248
Register Write to Reg: 0x18 Val: 0x10010FF4
In clock cycle: 250
Register Write to Reg: 0x19 Val: 0x00000001
In clock cycle: 251
Register Write to Reg: 0x01 Val: 0x00000001
In clock cycle: 253
Register Write to Reg: 0x08 Val: 0x00000006
In clock cycle: 254
Register Write to Reg: 0x09 Val: 0x00000007
In clock cycle: 255
Register Write to Reg: 0x0A Val: 0x00000000
In clock cycle: 256
Register Write to Reg: 0x01 Val: 0x00000001
In clock cycle: 258
Register Write to Reg: 0x0E Val: 0x00000014
In clock cycle: 259
Register Write to Reg: 0x18 Val: 0x10010FF8
In clock cycle: 261
Register Write to Reg: 0x19 Val: 0x00000000
In clock cycle: 262
Register Write to Reg: 0x01 Val: 0x00000001
In clock cycle: 264
Register Write to Reg: 0x01 Val: 0x00000001
In clock cycle: 266
Register Write to Reg: 0x18 Val: 0x10010FE8
In clock cycle: 267
Register Write to Reg: 0x0F Val: 0x00000000
In clock cycle: 268
Register Write to Reg: 0x0E Val: 0x00000004
In clock cycle: 269
Register Write to Reg: 0x19 Val: 0x00000001
In clock cycle: 270
Register Write to Reg: 0x01 Val: 0x00000001
In clock cycle: 272
Register Write to Reg: 0x08 Val: 0x00000001
In clock cycle: 273
Register Write to Reg: 0x09 Val: 0x00000002
In clock cycle: 274
Register Write to Reg: 0x0A Val: 0x00000000
In clock cycle: 275
Register Write to Reg: 0x01 Val: 0x00000001
In clock cycle: 277
Register Write to Reg: 0x0E Val: 0x00000008
In clock cycle: 278
Register Write to Reg: 0x18 Val: 0x10010FEC
In clock cycle: 280
Register Write to Reg: 0x19 Val: 0x00000001
In clock cycle: 281
Register Write to Reg: 0x01 Val: 0x00000001
In clock cycle: 283
Register Write to Reg: 0x08 Val: 0x00000002
In clock cycle: 284
Register Write to Reg: 0x09 Val: 0x00000004
In clock cycle: 285
Register Write to Reg: 0x0A Val: 0x00000000
In clock cycle: 286
Register Write to Reg: 0x01 Val: 0x00000001
In clock cycle: 288
Register Write to Reg: 0x0E Val: 0x0000000C
In clock cycle: 289
Register Write to Reg: 0x18 Val: 0x10010FF0
In clock cycle: 291
Register Write to Reg: 0x19 Val: 0x00000001
In clock cycle: 292
Register Write to Reg: 0x01 Val: 0x00000001
In clock cycle: 294
Register Write to Reg: 0x08 Val: 0x00000004
In clock cycle: 295
Register Write to Reg: 0x09 Val: 0x00000006
In clock cycle: 296
Register Write to Reg: 0x0A Val: 0x00000000
In clock cycle: 297
Register Write to Reg: 0x01 Val: 0x00000001
In clock cycle: 299
Register Write to Reg: 0x0E Val: 0x00000010
In clock cycle: 300
Register Write to Reg: 0x18 Val: 0x10010FF4
In clock cycle: 302
Register Write to Reg: 0x19 Val: 0x00000001
In clock cycle: 303
Register Write to Reg: 0x01 Val: 0x00000001
In clock cycle: 305
Register Write to Reg: 0x08 Val: 0x00000006
In clock cycle: 306
Register Write to Reg: 0x09 Val: 0x00000007
In clock cycle: 307
Register Write to Reg: 0x0A Val: 0x00000000
In clock cycle: 308
Register Write to Reg: 0x01 Val: 0x00000001
In clock cycle: 310
Register Write to Reg: 0x0E Val: 0x00000014
In clock cycle: 311
Register Write to Reg: 0x18 Val: 0x10010FF8
In clock cycle: 313
Register Write to Reg: 0x19 Val: 0x00000000
In clock cycle: 314
Register Write to Reg: 0x01 Val: 0x00000001
In clock cycle: 316
Register Write to Reg: 0x01 Val: 0x00000001
In clock cycle: 318
Register Write to Reg: 0x08 Val: 0x00000001
In clock cycle: 319
Register Write to Reg: 0x09 Val: 0x00000002
In clock cycle: 320
Register Write to Reg: 0x0A Val: 0x00000004
In clock cycle: 321
Register Write to Reg: 0x0B Val: 0x00000006
In clock cycle: 322
Register Write to Reg: 0x0C Val: 0x00000007
Execution is stopping! Clock Cycle: 323
