[inst #1] lui $1,4660
Register Write to Reg: 0x01 Val: 0x12340000
[inst #2] ori $1,$1,22136
Register Write to Reg: 0x01 Val: 0x12345678
[inst #3] add $9,$0,$1
Register Write to Reg: 0x09 Val: 0x12345678
[inst #4] sra $16,$9,0
Register Write to Reg: 0x10 Val: 0x12345678
[inst #5] sra $16,$9,1
Register Write to Reg: 0x10 Val: 0x091A2B3C
[inst #6] sra $16,$9,2
Register Write to Reg: 0x10 Val: 0x048D159E
[inst #7] sra $16,$9,3
Register Write to Reg: 0x10 Val: 0x02468ACF
[inst #8] sra $16,$9,4
Register Write to Reg: 0x10 Val: 0x01234567
[inst #9] sra $16,$9,5
Register Write to Reg: 0x10 Val: 0x0091A2B3
[inst #10] sra $16,$9,6
Register Write to Reg: 0x10 Val: 0x0048D159
[inst #11] sra $16,$9,7
Register Write to Reg: 0x10 Val: 0x002468AC
[inst #12] sra $16,$9,8
Register Write to Reg: 0x10 Val: 0x00123456
[inst #13] sra $16,$9,9
Register Write to Reg: 0x10 Val: 0x00091A2B
[inst #14] sra $16,$9,10
Register Write to Reg: 0x10 Val: 0x00048D15
[inst #15] sra $16,$9,11
Register Write to Reg: 0x10 Val: 0x0002468A
[inst #16] sra $16,$9,12
Register Write to Reg: 0x10 Val: 0x00012345
[inst #17] sra $16,$9,13
Register Write to Reg: 0x10 Val: 0x000091A2
[inst #18] sra $16,$9,14
Register Write to Reg: 0x10 Val: 0x000048D1
[inst #19] sra $16,$9,15
Register Write to Reg: 0x10 Val: 0x00002468
[inst #20] sra $16,$9,16
Register Write to Reg: 0x10 Val: 0x00001234
[inst #21] sra $16,$9,17
Register Write to Reg: 0x10 Val: 0x0000091A
[inst #22] sra $16,$9,18
Register Write to Reg: 0x10 Val: 0x0000048D
[inst #23] sra $16,$9,19
Register Write to Reg: 0x10 Val: 0x00000246
[inst #24] sra $16,$9,20
Register Write to Reg: 0x10 Val: 0x00000123
[inst #25] sra $16,$9,21
Register Write to Reg: 0x10 Val: 0x00000091
[inst #26] sra $16,$9,22
Register Write to Reg: 0x10 Val: 0x00000048
[inst #27] sra $16,$9,23
Register Write to Reg: 0x10 Val: 0x00000024
[inst #28] sra $16,$9,24
Register Write to Reg: 0x10 Val: 0x00000012
[inst #29] sra $16,$9,25
Register Write to Reg: 0x10 Val: 0x00000009
[inst #30] sra $16,$9,26
Register Write to Reg: 0x10 Val: 0x00000004
[inst #31] sra $16,$9,27
Register Write to Reg: 0x10 Val: 0x00000002
[inst #32] sra $16,$9,28
Register Write to Reg: 0x10 Val: 0x00000001
[inst #33] sra $16,$9,29
Register Write to Reg: 0x10 Val: 0x00000000
[inst #34] sra $16,$9,30
Register Write to Reg: 0x10 Val: 0x00000000
[inst #35] sra $16,$9,31
Register Write to Reg: 0x10 Val: 0x00000000
[inst #36] halt 

