In clock cycle: 0
Register Write to Reg: 0x01 Val: 0x12340000
In clock cycle: 1
Register Write to Reg: 0x01 Val: 0x12345678
In clock cycle: 2
Register Write to Reg: 0x09 Val: 0x12345678
In clock cycle: 3
Register Write to Reg: 0x10 Val: 0x12345678
In clock cycle: 4
Register Write to Reg: 0x10 Val: 0x091A2B3C
In clock cycle: 5
Register Write to Reg: 0x10 Val: 0x048D159E
In clock cycle: 6
Register Write to Reg: 0x10 Val: 0x02468ACF
In clock cycle: 7
Register Write to Reg: 0x10 Val: 0x01234567
In clock cycle: 8
Register Write to Reg: 0x10 Val: 0x0091A2B3
In clock cycle: 9
Register Write to Reg: 0x10 Val: 0x0048D159
In clock cycle: 10
Register Write to Reg: 0x10 Val: 0x002468AC
In clock cycle: 11
Register Write to Reg: 0x10 Val: 0x00123456
In clock cycle: 12
Register Write to Reg: 0x10 Val: 0x00091A2B
In clock cycle: 13
Register Write to Reg: 0x10 Val: 0x00048D15
In clock cycle: 14
Register Write to Reg: 0x10 Val: 0x0002468A
In clock cycle: 15
Register Write to Reg: 0x10 Val: 0x00012345
In clock cycle: 16
Register Write to Reg: 0x10 Val: 0x000091A2
In clock cycle: 17
Register Write to Reg: 0x10 Val: 0x000048D1
In clock cycle: 18
Register Write to Reg: 0x10 Val: 0x00002468
In clock cycle: 19
Register Write to Reg: 0x10 Val: 0x00001234
In clock cycle: 20
Register Write to Reg: 0x10 Val: 0x0000091A
In clock cycle: 21
Register Write to Reg: 0x10 Val: 0x0000048D
In clock cycle: 22
Register Write to Reg: 0x10 Val: 0x00000246
In clock cycle: 23
Register Write to Reg: 0x10 Val: 0x00000123
In clock cycle: 24
Register Write to Reg: 0x10 Val: 0x00000091
In clock cycle: 25
Register Write to Reg: 0x10 Val: 0x00000048
In clock cycle: 26
Register Write to Reg: 0x10 Val: 0x00000024
In clock cycle: 27
Register Write to Reg: 0x10 Val: 0x00000012
In clock cycle: 28
Register Write to Reg: 0x10 Val: 0x00000009
In clock cycle: 29
Register Write to Reg: 0x10 Val: 0x00000004
In clock cycle: 30
Register Write to Reg: 0x10 Val: 0x00000002
In clock cycle: 31
Register Write to Reg: 0x10 Val: 0x00000001
In clock cycle: 32
Register Write to Reg: 0x10 Val: 0x00000000
In clock cycle: 33
Register Write to Reg: 0x10 Val: 0x00000000
In clock cycle: 34
Register Write to Reg: 0x10 Val: 0x00000000
Execution is stopping! Clock Cycle: 35
