[inst #1] addi $4,$0,4369
Register Write to Reg: 0x04 Val: 0x00001111
[inst #2] andi $5,$4,0
Register Write to Reg: 0x05 Val: 0x00000000
[inst #3] andi $6,$4,1
Register Write to Reg: 0x06 Val: 0x00000001
[inst #4] andi $7,$4,16
Register Write to Reg: 0x07 Val: 0x00000010
[inst #5] andi $8,$4,17
Register Write to Reg: 0x08 Val: 0x00000011
[inst #6] andi $9,$4,256
Register Write to Reg: 0x09 Val: 0x00000100
[inst #7] andi $10,$4,257
Register Write to Reg: 0x0A Val: 0x00000101
[inst #8] andi $11,$4,272
Register Write to Reg: 0x0B Val: 0x00000110
[inst #9] andi $12,$4,273
Register Write to Reg: 0x0C Val: 0x00000111
[inst #10] andi $13,$4,4096
Register Write to Reg: 0x0D Val: 0x00001000
[inst #11] andi $14,$4,4097
Register Write to Reg: 0x0E Val: 0x00001001
[inst #12] andi $15,$4,4112
Register Write to Reg: 0x0F Val: 0x00001010
[inst #13] andi $16,$4,4113
Register Write to Reg: 0x10 Val: 0x00001011
[inst #14] andi $17,$4,4352
Register Write to Reg: 0x11 Val: 0x00001100
[inst #15] andi $18,$4,4353
Register Write to Reg: 0x12 Val: 0x00001101
[inst #16] andi $19,$4,4369
Register Write to Reg: 0x13 Val: 0x00001111
[inst #17] halt 

