In clock cycle: 0
Register Write to Reg: 0x04 Val: 0x00001111
In clock cycle: 1
Register Write to Reg: 0x05 Val: 0x00000000
In clock cycle: 2
Register Write to Reg: 0x06 Val: 0x00000001
In clock cycle: 3
Register Write to Reg: 0x07 Val: 0x00000010
In clock cycle: 4
Register Write to Reg: 0x08 Val: 0x00000011
In clock cycle: 5
Register Write to Reg: 0x09 Val: 0x00000100
In clock cycle: 6
Register Write to Reg: 0x0A Val: 0x00000101
In clock cycle: 7
Register Write to Reg: 0x0B Val: 0x00000110
In clock cycle: 8
Register Write to Reg: 0x0C Val: 0x00000111
In clock cycle: 9
Register Write to Reg: 0x0D Val: 0x00001000
In clock cycle: 10
Register Write to Reg: 0x0E Val: 0x00001001
In clock cycle: 11
Register Write to Reg: 0x0F Val: 0x00001010
In clock cycle: 12
Register Write to Reg: 0x10 Val: 0x00001011
In clock cycle: 13
Register Write to Reg: 0x11 Val: 0x00001100
In clock cycle: 14
Register Write to Reg: 0x12 Val: 0x00001101
In clock cycle: 15
Register Write to Reg: 0x13 Val: 0x00001111
Execution is stopping! Clock Cycle: 16
