[inst #1] addi $1,$0,31
Register Write to Reg: 0x01 Val: 0x0000001F
[inst #2] addi $2,$0,1
Register Write to Reg: 0x02 Val: 0x00000001
[inst #3] sub $1,$1,$2
Register Write to Reg: 0x01 Val: 0x0000001E
[inst #4] sub $1,$1,$2
Register Write to Reg: 0x01 Val: 0x0000001D
[inst #5] sub $1,$1,$2
Register Write to Reg: 0x01 Val: 0x0000001C
[inst #6] sub $1,$1,$2
Register Write to Reg: 0x01 Val: 0x0000001B
[inst #7] sub $1,$1,$2
Register Write to Reg: 0x01 Val: 0x0000001A
[inst #8] sub $1,$1,$2
Register Write to Reg: 0x01 Val: 0x00000019
[inst #9] sub $1,$1,$2
Register Write to Reg: 0x01 Val: 0x00000018
[inst #10] sub $1,$1,$2
Register Write to Reg: 0x01 Val: 0x00000017
[inst #11] sub $1,$1,$2
Register Write to Reg: 0x01 Val: 0x00000016
[inst #12] sub $1,$1,$2
Register Write to Reg: 0x01 Val: 0x00000015
[inst #13] sub $1,$1,$2
Register Write to Reg: 0x01 Val: 0x00000014
[inst #14] sub $1,$1,$2
Register Write to Reg: 0x01 Val: 0x00000013
[inst #15] sub $1,$1,$2
Register Write to Reg: 0x01 Val: 0x00000012
[inst #16] sub $1,$1,$2
Register Write to Reg: 0x01 Val: 0x00000011
[inst #17] sub $1,$1,$2
Register Write to Reg: 0x01 Val: 0x00000010
[inst #18] sub $1,$1,$2
Register Write to Reg: 0x01 Val: 0x0000000F
[inst #19] sub $1,$1,$2
Register Write to Reg: 0x01 Val: 0x0000000E
[inst #20] sub $1,$1,$2
Register Write to Reg: 0x01 Val: 0x0000000D
[inst #21] sub $1,$1,$2
Register Write to Reg: 0x01 Val: 0x0000000C
[inst #22] sub $1,$1,$2
Register Write to Reg: 0x01 Val: 0x0000000B
[inst #23] sub $1,$1,$2
Register Write to Reg: 0x01 Val: 0x0000000A
[inst #24] sub $1,$1,$2
Register Write to Reg: 0x01 Val: 0x00000009
[inst #25] sub $1,$1,$2
Register Write to Reg: 0x01 Val: 0x00000008
[inst #26] sub $1,$1,$2
Register Write to Reg: 0x01 Val: 0x00000007
[inst #27] sub $1,$1,$2
Register Write to Reg: 0x01 Val: 0x00000006
[inst #28] sub $1,$1,$2
Register Write to Reg: 0x01 Val: 0x00000005
[inst #29] sub $1,$1,$2
Register Write to Reg: 0x01 Val: 0x00000004
[inst #30] sub $1,$1,$2
Register Write to Reg: 0x01 Val: 0x00000003
[inst #31] sub $1,$1,$2
Register Write to Reg: 0x01 Val: 0x00000002
[inst #32] sub $1,$1,$2
Register Write to Reg: 0x01 Val: 0x00000001
[inst #33] sub $1,$1,$2
Register Write to Reg: 0x01 Val: 0x00000000
[inst #34] halt 

