In clock cycle: 0
Register Write to Reg: 0x01 Val: 0x0000001F
In clock cycle: 1
Register Write to Reg: 0x02 Val: 0x00000001
In clock cycle: 2
Register Write to Reg: 0x01 Val: 0x0000001E
In clock cycle: 3
Register Write to Reg: 0x01 Val: 0x0000001D
In clock cycle: 4
Register Write to Reg: 0x01 Val: 0x0000001C
In clock cycle: 5
Register Write to Reg: 0x01 Val: 0x0000001B
In clock cycle: 6
Register Write to Reg: 0x01 Val: 0x0000001A
In clock cycle: 7
Register Write to Reg: 0x01 Val: 0x00000019
In clock cycle: 8
Register Write to Reg: 0x01 Val: 0x00000018
In clock cycle: 9
Register Write to Reg: 0x01 Val: 0x00000017
In clock cycle: 10
Register Write to Reg: 0x01 Val: 0x00000016
In clock cycle: 11
Register Write to Reg: 0x01 Val: 0x00000015
In clock cycle: 12
Register Write to Reg: 0x01 Val: 0x00000014
In clock cycle: 13
Register Write to Reg: 0x01 Val: 0x00000013
In clock cycle: 14
Register Write to Reg: 0x01 Val: 0x00000012
In clock cycle: 15
Register Write to Reg: 0x01 Val: 0x00000011
In clock cycle: 16
Register Write to Reg: 0x01 Val: 0x00000010
In clock cycle: 17
Register Write to Reg: 0x01 Val: 0x0000000F
In clock cycle: 18
Register Write to Reg: 0x01 Val: 0x0000000E
In clock cycle: 19
Register Write to Reg: 0x01 Val: 0x0000000D
In clock cycle: 20
Register Write to Reg: 0x01 Val: 0x0000000C
In clock cycle: 21
Register Write to Reg: 0x01 Val: 0x0000000B
In clock cycle: 22
Register Write to Reg: 0x01 Val: 0x0000000A
In clock cycle: 23
Register Write to Reg: 0x01 Val: 0x00000009
In clock cycle: 24
Register Write to Reg: 0x01 Val: 0x00000008
In clock cycle: 25
Register Write to Reg: 0x01 Val: 0x00000007
In clock cycle: 26
Register Write to Reg: 0x01 Val: 0x00000006
In clock cycle: 27
Register Write to Reg: 0x01 Val: 0x00000005
In clock cycle: 28
Register Write to Reg: 0x01 Val: 0x00000004
In clock cycle: 29
Register Write to Reg: 0x01 Val: 0x00000003
In clock cycle: 30
Register Write to Reg: 0x01 Val: 0x00000002
In clock cycle: 31
Register Write to Reg: 0x01 Val: 0x00000001
In clock cycle: 32
Register Write to Reg: 0x01 Val: 0x00000000
Execution is stopping! Clock Cycle: 33
