[inst #1] lui $1,32767
Register Write to Reg: 0x01 Val: 0x7FFF0000
[inst #2] ori $1,$1,65535
Register Write to Reg: 0x01 Val: 0x7FFFFFFF
[inst #3] add $1,$0,$1
Register Write to Reg: 0x01 Val: 0x7FFFFFFF
[inst #4] lui $1,-32768
Register Write to Reg: 0x01 Val: 0x80000000
[inst #5] ori $1,$1,0
Register Write to Reg: 0x01 Val: 0x80000000
[inst #6] add $2,$0,$1
Register Write to Reg: 0x02 Val: 0x80000000
[inst #7] bne $1,$2,0
[inst #8] lui $1,-32768
Register Write to Reg: 0x01 Val: 0x80000000
[inst #9] ori $1,$1,0
Register Write to Reg: 0x01 Val: 0x80000000
[inst #10] add $31,$0,$1
Register Write to Reg: 0x1F Val: 0x80000000
[inst #11] bne $31,$1,-11
[inst #12] halt 

