In clock cycle: 0
Register Write to Reg: 0x01 Val: 0x10010000
In clock cycle: 1
Register Write to Reg: 0x10 Val: 0x10010000
In clock cycle: 2
Register Write to Reg: 0x01 Val: 0x10010000
In clock cycle: 3
Register Write to Reg: 0x15 Val: 0x1001004C
In clock cycle: 4
Register Write to Reg: 0x15 Val: 0x00000013
In clock cycle: 5
Register Write to Reg: 0x12 Val: 0x00000001
In clock cycle: 6
Memory Write to Addr: 0x10010000 Val: 0x00000001
In clock cycle: 7
Memory Write to Addr: 0x10010004 Val: 0x00000001
In clock cycle: 8
Register Write to Reg: 0x11 Val: 0x00000011
In clock cycle: 9
Register Write to Reg: 0x13 Val: 0x00000001
In clock cycle: 10
Register Write to Reg: 0x14 Val: 0x00000001
In clock cycle: 11
Register Write to Reg: 0x12 Val: 0x00000002
In clock cycle: 12
Memory Write to Addr: 0x10010008 Val: 0x00000002
In clock cycle: 13
Register Write to Reg: 0x10 Val: 0x10010004
In clock cycle: 14
Register Write to Reg: 0x11 Val: 0x00000010
In clock cycle: 16
Register Write to Reg: 0x13 Val: 0x00000001
In clock cycle: 17
Register Write to Reg: 0x14 Val: 0x00000002
In clock cycle: 18
Register Write to Reg: 0x12 Val: 0x00000003
In clock cycle: 19
Memory Write to Addr: 0x1001000C Val: 0x00000003
In clock cycle: 20
Register Write to Reg: 0x10 Val: 0x10010008
In clock cycle: 21
Register Write to Reg: 0x11 Val: 0x0000000F
In clock cycle: 23
Register Write to Reg: 0x13 Val: 0x00000002
In clock cycle: 24
Register Write to Reg: 0x14 Val: 0x00000003
In clock cycle: 25
Register Write to Reg: 0x12 Val: 0x00000005
In clock cycle: 26
Memory Write to Addr: 0x10010010 Val: 0x00000005
In clock cycle: 27
Register Write to Reg: 0x10 Val: 0x1001000C
In clock cycle: 28
Register Write to Reg: 0x11 Val: 0x0000000E
In clock cycle: 30
Register Write to Reg: 0x13 Val: 0x00000003
In clock cycle: 31
Register Write to Reg: 0x14 Val: 0x00000005
In clock cycle: 32
Register Write to Reg: 0x12 Val: 0x00000008
In clock cycle: 33
Memory Write to Addr: 0x10010014 Val: 0x00000008
In clock cycle: 34
Register Write to Reg: 0x10 Val: 0x10010010
In clock cycle: 35
Register Write to Reg: 0x11 Val: 0x0000000D
In clock cycle: 37
Register Write to Reg: 0x13 Val: 0x00000005
In clock cycle: 38
Register Write to Reg: 0x14 Val: 0x00000008
In clock cycle: 39
Register Write to Reg: 0x12 Val: 0x0000000D
In clock cycle: 40
Memory Write to Addr: 0x10010018 Val: 0x0000000D
In clock cycle: 41
Register Write to Reg: 0x10 Val: 0x10010014
In clock cycle: 42
Register Write to Reg: 0x11 Val: 0x0000000C
In clock cycle: 44
Register Write to Reg: 0x13 Val: 0x00000008
In clock cycle: 45
Register Write to Reg: 0x14 Val: 0x0000000D
In clock cycle: 46
Register Write to Reg: 0x12 Val: 0x00000015
In clock cycle: 47
Memory Write to Addr: 0x1001001C Val: 0x00000015
In clock cycle: 48
Register Write to Reg: 0x10 Val: 0x10010018
In clock cycle: 49
Register Write to Reg: 0x11 Val: 0x0000000B
In clock cycle: 51
Register Write to Reg: 0x13 Val: 0x0000000D
In clock cycle: 52
Register Write to Reg: 0x14 Val: 0x00000015
In clock cycle: 53
Register Write to Reg: 0x12 Val: 0x00000022
In clock cycle: 54
Memory Write to Addr: 0x10010020 Val: 0x00000022
In clock cycle: 55
Register Write to Reg: 0x10 Val: 0x1001001C
In clock cycle: 56
Register Write to Reg: 0x11 Val: 0x0000000A
In clock cycle: 58
Register Write to Reg: 0x13 Val: 0x00000015
In clock cycle: 59
Register Write to Reg: 0x14 Val: 0x00000022
In clock cycle: 60
Register Write to Reg: 0x12 Val: 0x00000037
In clock cycle: 61
Memory Write to Addr: 0x10010024 Val: 0x00000037
In clock cycle: 62
Register Write to Reg: 0x10 Val: 0x10010020
In clock cycle: 63
Register Write to Reg: 0x11 Val: 0x00000009
In clock cycle: 65
Register Write to Reg: 0x13 Val: 0x00000022
In clock cycle: 66
Register Write to Reg: 0x14 Val: 0x00000037
In clock cycle: 67
Register Write to Reg: 0x12 Val: 0x00000059
In clock cycle: 68
Memory Write to Addr: 0x10010028 Val: 0x00000059
In clock cycle: 69
Register Write to Reg: 0x10 Val: 0x10010024
In clock cycle: 70
Register Write to Reg: 0x11 Val: 0x00000008
In clock cycle: 72
Register Write to Reg: 0x13 Val: 0x00000037
In clock cycle: 73
Register Write to Reg: 0x14 Val: 0x00000059
In clock cycle: 74
Register Write to Reg: 0x12 Val: 0x00000090
In clock cycle: 75
Memory Write to Addr: 0x1001002C Val: 0x00000090
In clock cycle: 76
Register Write to Reg: 0x10 Val: 0x10010028
In clock cycle: 77
Register Write to Reg: 0x11 Val: 0x00000007
In clock cycle: 79
Register Write to Reg: 0x13 Val: 0x00000059
In clock cycle: 80
Register Write to Reg: 0x14 Val: 0x00000090
In clock cycle: 81
Register Write to Reg: 0x12 Val: 0x000000E9
In clock cycle: 82
Memory Write to Addr: 0x10010030 Val: 0x000000E9
In clock cycle: 83
Register Write to Reg: 0x10 Val: 0x1001002C
In clock cycle: 84
Register Write to Reg: 0x11 Val: 0x00000006
In clock cycle: 86
Register Write to Reg: 0x13 Val: 0x00000090
In clock cycle: 87
Register Write to Reg: 0x14 Val: 0x000000E9
In clock cycle: 88
Register Write to Reg: 0x12 Val: 0x00000179
In clock cycle: 89
Memory Write to Addr: 0x10010034 Val: 0x00000179
In clock cycle: 90
Register Write to Reg: 0x10 Val: 0x10010030
In clock cycle: 91
Register Write to Reg: 0x11 Val: 0x00000005
In clock cycle: 93
Register Write to Reg: 0x13 Val: 0x000000E9
In clock cycle: 94
Register Write to Reg: 0x14 Val: 0x00000179
In clock cycle: 95
Register Write to Reg: 0x12 Val: 0x00000262
In clock cycle: 96
Memory Write to Addr: 0x10010038 Val: 0x00000262
In clock cycle: 97
Register Write to Reg: 0x10 Val: 0x10010034
In clock cycle: 98
Register Write to Reg: 0x11 Val: 0x00000004
In clock cycle: 100
Register Write to Reg: 0x13 Val: 0x00000179
In clock cycle: 101
Register Write to Reg: 0x14 Val: 0x00000262
In clock cycle: 102
Register Write to Reg: 0x12 Val: 0x000003DB
In clock cycle: 103
Memory Write to Addr: 0x1001003C Val: 0x000003DB
In clock cycle: 104
Register Write to Reg: 0x10 Val: 0x10010038
In clock cycle: 105
Register Write to Reg: 0x11 Val: 0x00000003
In clock cycle: 107
Register Write to Reg: 0x13 Val: 0x00000262
In clock cycle: 108
Register Write to Reg: 0x14 Val: 0x000003DB
In clock cycle: 109
Register Write to Reg: 0x12 Val: 0x0000063D
In clock cycle: 110
Memory Write to Addr: 0x10010040 Val: 0x0000063D
In clock cycle: 111
Register Write to Reg: 0x10 Val: 0x1001003C
In clock cycle: 112
Register Write to Reg: 0x11 Val: 0x00000002
In clock cycle: 114
Register Write to Reg: 0x13 Val: 0x000003DB
In clock cycle: 115
Register Write to Reg: 0x14 Val: 0x0000063D
In clock cycle: 116
Register Write to Reg: 0x12 Val: 0x00000A18
In clock cycle: 117
Memory Write to Addr: 0x10010044 Val: 0x00000A18
In clock cycle: 118
Register Write to Reg: 0x10 Val: 0x10010040
In clock cycle: 119
Register Write to Reg: 0x11 Val: 0x00000001
In clock cycle: 121
Register Write to Reg: 0x13 Val: 0x0000063D
In clock cycle: 122
Register Write to Reg: 0x14 Val: 0x00000A18
In clock cycle: 123
Register Write to Reg: 0x12 Val: 0x00001055
In clock cycle: 124
Memory Write to Addr: 0x10010048 Val: 0x00001055
In clock cycle: 125
Register Write to Reg: 0x10 Val: 0x10010044
In clock cycle: 126
Register Write to Reg: 0x11 Val: 0x00000000
In clock cycle: 128
Register Write to Reg: 0x01 Val: 0x10010000
In clock cycle: 129
Register Write to Reg: 0x04 Val: 0x10010000
In clock cycle: 130
Register Write to Reg: 0x05 Val: 0x00000013
In clock cycle: 131
Register Write to Reg: 0x1F Val: 0x00800050
In clock cycle: 132
Register Write to Reg: 0x08 Val: 0x10010000
In clock cycle: 133
Register Write to Reg: 0x09 Val: 0x00000013
In clock cycle: 134
Register Write to Reg: 0x01 Val: 0x10010000
In clock cycle: 135
Register Write to Reg: 0x04 Val: 0x10010089
In clock cycle: 136
Register Write to Reg: 0x02 Val: 0x00000004
In clock cycle: 138
Register Write to Reg: 0x04 Val: 0x00000001
In clock cycle: 139
Register Write to Reg: 0x02 Val: 0x00000001
In clock cycle: 141
Register Write to Reg: 0x01 Val: 0x10010000
In clock cycle: 142
Register Write to Reg: 0x04 Val: 0x10010087
In clock cycle: 143
Register Write to Reg: 0x02 Val: 0x00000004
In clock cycle: 145
Register Write to Reg: 0x08 Val: 0x10010004
In clock cycle: 146
Register Write to Reg: 0x09 Val: 0x00000012
In clock cycle: 148
Register Write to Reg: 0x04 Val: 0x00000001
In clock cycle: 149
Register Write to Reg: 0x02 Val: 0x00000001
In clock cycle: 151
Register Write to Reg: 0x01 Val: 0x10010000
In clock cycle: 152
Register Write to Reg: 0x04 Val: 0x10010087
In clock cycle: 153
Register Write to Reg: 0x02 Val: 0x00000004
In clock cycle: 155
Register Write to Reg: 0x08 Val: 0x10010008
In clock cycle: 156
Register Write to Reg: 0x09 Val: 0x00000011
In clock cycle: 158
Register Write to Reg: 0x04 Val: 0x00000002
In clock cycle: 159
Register Write to Reg: 0x02 Val: 0x00000001
In clock cycle: 161
Register Write to Reg: 0x01 Val: 0x10010000
In clock cycle: 162
Register Write to Reg: 0x04 Val: 0x10010087
In clock cycle: 163
Register Write to Reg: 0x02 Val: 0x00000004
In clock cycle: 165
Register Write to Reg: 0x08 Val: 0x1001000C
In clock cycle: 166
Register Write to Reg: 0x09 Val: 0x00000010
In clock cycle: 168
Register Write to Reg: 0x04 Val: 0x00000003
In clock cycle: 169
Register Write to Reg: 0x02 Val: 0x00000001
In clock cycle: 171
Register Write to Reg: 0x01 Val: 0x10010000
In clock cycle: 172
Register Write to Reg: 0x04 Val: 0x10010087
In clock cycle: 173
Register Write to Reg: 0x02 Val: 0x00000004
In clock cycle: 175
Register Write to Reg: 0x08 Val: 0x10010010
In clock cycle: 176
Register Write to Reg: 0x09 Val: 0x0000000F
In clock cycle: 178
Register Write to Reg: 0x04 Val: 0x00000005
In clock cycle: 179
Register Write to Reg: 0x02 Val: 0x00000001
In clock cycle: 181
Register Write to Reg: 0x01 Val: 0x10010000
In clock cycle: 182
Register Write to Reg: 0x04 Val: 0x10010087
In clock cycle: 183
Register Write to Reg: 0x02 Val: 0x00000004
In clock cycle: 185
Register Write to Reg: 0x08 Val: 0x10010014
In clock cycle: 186
Register Write to Reg: 0x09 Val: 0x0000000E
In clock cycle: 188
Register Write to Reg: 0x04 Val: 0x00000008
In clock cycle: 189
Register Write to Reg: 0x02 Val: 0x00000001
In clock cycle: 191
Register Write to Reg: 0x01 Val: 0x10010000
In clock cycle: 192
Register Write to Reg: 0x04 Val: 0x10010087
In clock cycle: 193
Register Write to Reg: 0x02 Val: 0x00000004
In clock cycle: 195
Register Write to Reg: 0x08 Val: 0x10010018
In clock cycle: 196
Register Write to Reg: 0x09 Val: 0x0000000D
In clock cycle: 198
Register Write to Reg: 0x04 Val: 0x0000000D
In clock cycle: 199
Register Write to Reg: 0x02 Val: 0x00000001
In clock cycle: 201
Register Write to Reg: 0x01 Val: 0x10010000
In clock cycle: 202
Register Write to Reg: 0x04 Val: 0x10010087
In clock cycle: 203
Register Write to Reg: 0x02 Val: 0x00000004
In clock cycle: 205
Register Write to Reg: 0x08 Val: 0x1001001C
In clock cycle: 206
Register Write to Reg: 0x09 Val: 0x0000000C
In clock cycle: 208
Register Write to Reg: 0x04 Val: 0x00000015
In clock cycle: 209
Register Write to Reg: 0x02 Val: 0x00000001
In clock cycle: 211
Register Write to Reg: 0x01 Val: 0x10010000
In clock cycle: 212
Register Write to Reg: 0x04 Val: 0x10010087
In clock cycle: 213
Register Write to Reg: 0x02 Val: 0x00000004
In clock cycle: 215
Register Write to Reg: 0x08 Val: 0x10010020
In clock cycle: 216
Register Write to Reg: 0x09 Val: 0x0000000B
In clock cycle: 218
Register Write to Reg: 0x04 Val: 0x00000022
In clock cycle: 219
Register Write to Reg: 0x02 Val: 0x00000001
In clock cycle: 221
Register Write to Reg: 0x01 Val: 0x10010000
In clock cycle: 222
Register Write to Reg: 0x04 Val: 0x10010087
In clock cycle: 223
Register Write to Reg: 0x02 Val: 0x00000004
In clock cycle: 225
Register Write to Reg: 0x08 Val: 0x10010024
In clock cycle: 226
Register Write to Reg: 0x09 Val: 0x0000000A
In clock cycle: 228
Register Write to Reg: 0x04 Val: 0x00000037
In clock cycle: 229
Register Write to Reg: 0x02 Val: 0x00000001
In clock cycle: 231
Register Write to Reg: 0x01 Val: 0x10010000
In clock cycle: 232
Register Write to Reg: 0x04 Val: 0x10010087
In clock cycle: 233
Register Write to Reg: 0x02 Val: 0x00000004
In clock cycle: 235
Register Write to Reg: 0x08 Val: 0x10010028
In clock cycle: 236
Register Write to Reg: 0x09 Val: 0x00000009
In clock cycle: 238
Register Write to Reg: 0x04 Val: 0x00000059
In clock cycle: 239
Register Write to Reg: 0x02 Val: 0x00000001
In clock cycle: 241
Register Write to Reg: 0x01 Val: 0x10010000
In clock cycle: 242
Register Write to Reg: 0x04 Val: 0x10010087
In clock cycle: 243
Register Write to Reg: 0x02 Val: 0x00000004
In clock cycle: 245
Register Write to Reg: 0x08 Val: 0x1001002C
In clock cycle: 246
Register Write to Reg: 0x09 Val: 0x00000008
In clock cycle: 248
Register Write to Reg: 0x04 Val: 0x00000090
In clock cycle: 249
Register Write to Reg: 0x02 Val: 0x00000001
In clock cycle: 251
Register Write to Reg: 0x01 Val: 0x10010000
In clock cycle: 252
Register Write to Reg: 0x04 Val: 0x10010087
In clock cycle: 253
Register Write to Reg: 0x02 Val: 0x00000004
In clock cycle: 255
Register Write to Reg: 0x08 Val: 0x10010030
In clock cycle: 256
Register Write to Reg: 0x09 Val: 0x00000007
In clock cycle: 258
Register Write to Reg: 0x04 Val: 0x000000E9
In clock cycle: 259
Register Write to Reg: 0x02 Val: 0x00000001
In clock cycle: 261
Register Write to Reg: 0x01 Val: 0x10010000
In clock cycle: 262
Register Write to Reg: 0x04 Val: 0x10010087
In clock cycle: 263
Register Write to Reg: 0x02 Val: 0x00000004
In clock cycle: 265
Register Write to Reg: 0x08 Val: 0x10010034
In clock cycle: 266
Register Write to Reg: 0x09 Val: 0x00000006
In clock cycle: 268
Register Write to Reg: 0x04 Val: 0x00000179
In clock cycle: 269
Register Write to Reg: 0x02 Val: 0x00000001
In clock cycle: 271
Register Write to Reg: 0x01 Val: 0x10010000
In clock cycle: 272
Register Write to Reg: 0x04 Val: 0x10010087
In clock cycle: 273
Register Write to Reg: 0x02 Val: 0x00000004
In clock cycle: 275
Register Write to Reg: 0x08 Val: 0x10010038
In clock cycle: 276
Register Write to Reg: 0x09 Val: 0x00000005
In clock cycle: 278
Register Write to Reg: 0x04 Val: 0x00000262
In clock cycle: 279
Register Write to Reg: 0x02 Val: 0x00000001
In clock cycle: 281
Register Write to Reg: 0x01 Val: 0x10010000
In clock cycle: 282
Register Write to Reg: 0x04 Val: 0x10010087
In clock cycle: 283
Register Write to Reg: 0x02 Val: 0x00000004
In clock cycle: 285
Register Write to Reg: 0x08 Val: 0x1001003C
In clock cycle: 286
Register Write to Reg: 0x09 Val: 0x00000004
In clock cycle: 288
Register Write to Reg: 0x04 Val: 0x000003DB
In clock cycle: 289
Register Write to Reg: 0x02 Val: 0x00000001
In clock cycle: 291
Register Write to Reg: 0x01 Val: 0x10010000
In clock cycle: 292
Register Write to Reg: 0x04 Val: 0x10010087
In clock cycle: 293
Register Write to Reg: 0x02 Val: 0x00000004
In clock cycle: 295
Register Write to Reg: 0x08 Val: 0x10010040
In clock cycle: 296
Register Write to Reg: 0x09 Val: 0x00000003
In clock cycle: 298
Register Write to Reg: 0x04 Val: 0x0000063D
In clock cycle: 299
Register Write to Reg: 0x02 Val: 0x00000001
In clock cycle: 301
Register Write to Reg: 0x01 Val: 0x10010000
In clock cycle: 302
Register Write to Reg: 0x04 Val: 0x10010087
In clock cycle: 303
Register Write to Reg: 0x02 Val: 0x00000004
In clock cycle: 305
Register Write to Reg: 0x08 Val: 0x10010044
In clock cycle: 306
Register Write to Reg: 0x09 Val: 0x00000002
In clock cycle: 308
Register Write to Reg: 0x04 Val: 0x00000A18
In clock cycle: 309
Register Write to Reg: 0x02 Val: 0x00000001
In clock cycle: 311
Register Write to Reg: 0x01 Val: 0x10010000
In clock cycle: 312
Register Write to Reg: 0x04 Val: 0x10010087
In clock cycle: 313
Register Write to Reg: 0x02 Val: 0x00000004
In clock cycle: 315
Register Write to Reg: 0x08 Val: 0x10010048
In clock cycle: 316
Register Write to Reg: 0x09 Val: 0x00000001
In clock cycle: 318
Register Write to Reg: 0x04 Val: 0x00001055
In clock cycle: 319
Register Write to Reg: 0x02 Val: 0x00000001
In clock cycle: 321
Register Write to Reg: 0x01 Val: 0x10010000
In clock cycle: 322
Register Write to Reg: 0x04 Val: 0x10010087
In clock cycle: 323
Register Write to Reg: 0x02 Val: 0x00000004
In clock cycle: 325
Register Write to Reg: 0x08 Val: 0x1001004C
In clock cycle: 326
Register Write to Reg: 0x09 Val: 0x00000000
Execution is stopping! Clock Cycle: 329
