In clock cycle: 0
Register Write to Reg: 0x01 Val: 0x87650000
In clock cycle: 1
Register Write to Reg: 0x01 Val: 0x87654321
In clock cycle: 2
Register Write to Reg: 0x09 Val: 0x87654321
In clock cycle: 3
Register Write to Reg: 0x09 Val: 0xC3B2A190
In clock cycle: 4
Register Write to Reg: 0x09 Val: 0xE1D950C8
In clock cycle: 5
Register Write to Reg: 0x09 Val: 0xF0ECA864
In clock cycle: 6
Register Write to Reg: 0x09 Val: 0xF8765432
In clock cycle: 7
Register Write to Reg: 0x09 Val: 0xFC3B2A19
In clock cycle: 8
Register Write to Reg: 0x09 Val: 0xFE1D950C
In clock cycle: 9
Register Write to Reg: 0x09 Val: 0xFF0ECA86
In clock cycle: 10
Register Write to Reg: 0x09 Val: 0xFF876543
In clock cycle: 11
Register Write to Reg: 0x09 Val: 0xFFC3B2A1
In clock cycle: 12
Register Write to Reg: 0x09 Val: 0xFFE1D950
In clock cycle: 13
Register Write to Reg: 0x09 Val: 0xFFF0ECA8
In clock cycle: 14
Register Write to Reg: 0x09 Val: 0xFFF87654
In clock cycle: 15
Register Write to Reg: 0x09 Val: 0xFFFC3B2A
In clock cycle: 16
Register Write to Reg: 0x09 Val: 0xFFFE1D95
In clock cycle: 17
Register Write to Reg: 0x09 Val: 0xFFFF0ECA
In clock cycle: 18
Register Write to Reg: 0x09 Val: 0x7FFF8765
In clock cycle: 19
Register Write to Reg: 0x09 Val: 0x3FFFC3B2
In clock cycle: 20
Register Write to Reg: 0x09 Val: 0x1FFFE1D9
In clock cycle: 21
Register Write to Reg: 0x09 Val: 0x0FFFF0EC
In clock cycle: 22
Register Write to Reg: 0x09 Val: 0x07FFF876
In clock cycle: 23
Register Write to Reg: 0x09 Val: 0x03FFFC3B
In clock cycle: 24
Register Write to Reg: 0x09 Val: 0x01FFFE1D
In clock cycle: 25
Register Write to Reg: 0x09 Val: 0x00FFFF0E
In clock cycle: 26
Register Write to Reg: 0x09 Val: 0x007FFF87
In clock cycle: 27
Register Write to Reg: 0x09 Val: 0x003FFFC3
In clock cycle: 28
Register Write to Reg: 0x09 Val: 0x001FFFE1
In clock cycle: 29
Register Write to Reg: 0x09 Val: 0x000FFFF0
In clock cycle: 30
Register Write to Reg: 0x09 Val: 0x0007FFF8
In clock cycle: 31
Register Write to Reg: 0x09 Val: 0x0003FFFC
In clock cycle: 32
Register Write to Reg: 0x09 Val: 0x0001FFFE
In clock cycle: 33
Register Write to Reg: 0x09 Val: 0x0000FFFF
Execution is stopping! Clock Cycle: 34
