In clock cycle: 0
Register Write to Reg: 0x02 Val: 0x00000004
In clock cycle: 1
Register Write to Reg: 0x01 Val: 0x10010000
In clock cycle: 2
Register Write to Reg: 0x04 Val: 0x10010000
In clock cycle: 5
Register Write to Reg: 0x02 Val: 0x00000004
In clock cycle: 6
Register Write to Reg: 0x01 Val: 0x10010000
In clock cycle: 7
Register Write to Reg: 0x04 Val: 0x1001002B
In clock cycle: 10
Register Write to Reg: 0x02 Val: 0x00000004
In clock cycle: 11
Register Write to Reg: 0x01 Val: 0x10010000
In clock cycle: 12
Register Write to Reg: 0x04 Val: 0x1001003E
In clock cycle: 15
Register Write to Reg: 0x02 Val: 0x00000004
In clock cycle: 16
Register Write to Reg: 0x01 Val: 0x10010000
In clock cycle: 17
Register Write to Reg: 0x04 Val: 0x10010051
Execution is stopping! Clock Cycle: 19
