[inst #1] addi $1,$0,1
Register Write to Reg: 0x01 Val: 0x00000001
[inst #2] addi $2,$0,2
Register Write to Reg: 0x02 Val: 0x00000002
[inst #3] addi $3,$0,3
Register Write to Reg: 0x03 Val: 0x00000003
[inst #4] addi $4,$0,4
Register Write to Reg: 0x04 Val: 0x00000004
[inst #5] addi $5,$0,5
Register Write to Reg: 0x05 Val: 0x00000005
[inst #6] addi $6,$0,6
Register Write to Reg: 0x06 Val: 0x00000006
[inst #7] addi $7,$0,7
Register Write to Reg: 0x07 Val: 0x00000007
[inst #8] addi $8,$0,8
Register Write to Reg: 0x08 Val: 0x00000008
[inst #9] addi $9,$0,9
Register Write to Reg: 0x09 Val: 0x00000009
[inst #10] addi $10,$0,10
Register Write to Reg: 0x0A Val: 0x0000000A
[inst #11] add $11,$1,$2
Register Write to Reg: 0x0B Val: 0x00000003
[inst #12] sub $12,$11,$3
Register Write to Reg: 0x0C Val: 0x00000000
[inst #13] add $13,$12,$4
Register Write to Reg: 0x0D Val: 0x00000004
[inst #14] sub $14,$13,$5
Register Write to Reg: 0x0E Val: 0xFFFFFFFF
[inst #15] add $15,$14,$6
Register Write to Reg: 0x0F Val: 0x00000005
[inst #16] sub $16,$15,$7
Register Write to Reg: 0x10 Val: 0xFFFFFFFE
[inst #17] add $17,$16,$8
Register Write to Reg: 0x11 Val: 0x00000006
[inst #18] sub $18,$17,$9
Register Write to Reg: 0x12 Val: 0xFFFFFFFD
[inst #19] add $19,$18,$10
Register Write to Reg: 0x13 Val: 0x00000007
[inst #20] addi $20,$0,35
Register Write to Reg: 0x14 Val: 0x00000023
[inst #21] add $21,$19,$20
Register Write to Reg: 0x15 Val: 0x0000002A
[inst #22] halt 

