In clock cycle: 0
Register Write to Reg: 0x01 Val: 0xFFFFFFE1
In clock cycle: 1
Register Write to Reg: 0x02 Val: 0xFFFFFFFF
In clock cycle: 2
Register Write to Reg: 0x01 Val: 0xFFFFFFE2
In clock cycle: 3
Register Write to Reg: 0x01 Val: 0xFFFFFFE3
In clock cycle: 4
Register Write to Reg: 0x01 Val: 0xFFFFFFE4
In clock cycle: 5
Register Write to Reg: 0x01 Val: 0xFFFFFFE5
In clock cycle: 6
Register Write to Reg: 0x01 Val: 0xFFFFFFE6
In clock cycle: 7
Register Write to Reg: 0x01 Val: 0xFFFFFFE7
In clock cycle: 8
Register Write to Reg: 0x01 Val: 0xFFFFFFE8
In clock cycle: 9
Register Write to Reg: 0x01 Val: 0xFFFFFFE9
In clock cycle: 10
Register Write to Reg: 0x01 Val: 0xFFFFFFEA
In clock cycle: 11
Register Write to Reg: 0x01 Val: 0xFFFFFFEB
In clock cycle: 12
Register Write to Reg: 0x01 Val: 0xFFFFFFEC
In clock cycle: 13
Register Write to Reg: 0x01 Val: 0xFFFFFFED
In clock cycle: 14
Register Write to Reg: 0x01 Val: 0xFFFFFFEE
In clock cycle: 15
Register Write to Reg: 0x01 Val: 0xFFFFFFEF
In clock cycle: 16
Register Write to Reg: 0x01 Val: 0xFFFFFFF0
In clock cycle: 17
Register Write to Reg: 0x01 Val: 0xFFFFFFF1
In clock cycle: 18
Register Write to Reg: 0x01 Val: 0xFFFFFFF2
In clock cycle: 19
Register Write to Reg: 0x01 Val: 0xFFFFFFF3
In clock cycle: 20
Register Write to Reg: 0x01 Val: 0xFFFFFFF4
In clock cycle: 21
Register Write to Reg: 0x01 Val: 0xFFFFFFF5
In clock cycle: 22
Register Write to Reg: 0x01 Val: 0xFFFFFFF6
In clock cycle: 23
Register Write to Reg: 0x01 Val: 0xFFFFFFF7
In clock cycle: 24
Register Write to Reg: 0x01 Val: 0xFFFFFFF8
In clock cycle: 25
Register Write to Reg: 0x01 Val: 0xFFFFFFF9
In clock cycle: 26
Register Write to Reg: 0x01 Val: 0xFFFFFFFA
In clock cycle: 27
Register Write to Reg: 0x01 Val: 0xFFFFFFFB
In clock cycle: 28
Register Write to Reg: 0x01 Val: 0xFFFFFFFC
In clock cycle: 29
Register Write to Reg: 0x01 Val: 0xFFFFFFFD
In clock cycle: 30
Register Write to Reg: 0x01 Val: 0xFFFFFFFE
In clock cycle: 31
Register Write to Reg: 0x01 Val: 0xFFFFFFFF
In clock cycle: 32
Register Write to Reg: 0x01 Val: 0x00000000
Execution is stopping! Clock Cycle: 33
