[inst #1] ori $1,$0,1
Register Write to Reg: 0x01 Val: 0x00000001
[inst #2] ori $2,$0,2
Register Write to Reg: 0x02 Val: 0x00000002
[inst #3] ori $3,$0,4
Register Write to Reg: 0x03 Val: 0x00000004
[inst #4] ori $4,$0,8
Register Write to Reg: 0x04 Val: 0x00000008
[inst #5] ori $5,$0,16
Register Write to Reg: 0x05 Val: 0x00000010
[inst #6] ori $6,$0,32
Register Write to Reg: 0x06 Val: 0x00000020
[inst #7] ori $7,$0,64
Register Write to Reg: 0x07 Val: 0x00000040
[inst #8] ori $8,$0,128
Register Write to Reg: 0x08 Val: 0x00000080
[inst #9] ori $9,$0,256
Register Write to Reg: 0x09 Val: 0x00000100
[inst #10] ori $10,$0,512
Register Write to Reg: 0x0A Val: 0x00000200
[inst #11] ori $11,$0,1024
Register Write to Reg: 0x0B Val: 0x00000400
[inst #12] ori $12,$0,2048
Register Write to Reg: 0x0C Val: 0x00000800
[inst #13] ori $13,$0,4096
Register Write to Reg: 0x0D Val: 0x00001000
[inst #14] ori $14,$0,8192
Register Write to Reg: 0x0E Val: 0x00002000
[inst #15] ori $15,$0,16384
Register Write to Reg: 0x0F Val: 0x00004000
[inst #16] ori $16,$0,32768
Register Write to Reg: 0x10 Val: 0x00008000
[inst #17] halt 

