In clock cycle: 0
Register Write to Reg: 0x01 Val: 0x00000001
In clock cycle: 1
Register Write to Reg: 0x02 Val: 0x00000002
In clock cycle: 2
Register Write to Reg: 0x03 Val: 0x00000004
In clock cycle: 3
Register Write to Reg: 0x04 Val: 0x00000008
In clock cycle: 4
Register Write to Reg: 0x05 Val: 0x00000010
In clock cycle: 5
Register Write to Reg: 0x06 Val: 0x00000020
In clock cycle: 6
Register Write to Reg: 0x07 Val: 0x00000040
In clock cycle: 7
Register Write to Reg: 0x08 Val: 0x00000080
In clock cycle: 8
Register Write to Reg: 0x09 Val: 0x00000100
In clock cycle: 9
Register Write to Reg: 0x0A Val: 0x00000200
In clock cycle: 10
Register Write to Reg: 0x0B Val: 0x00000400
In clock cycle: 11
Register Write to Reg: 0x0C Val: 0x00000800
In clock cycle: 12
Register Write to Reg: 0x0D Val: 0x00001000
In clock cycle: 13
Register Write to Reg: 0x0E Val: 0x00002000
In clock cycle: 14
Register Write to Reg: 0x0F Val: 0x00004000
In clock cycle: 15
Register Write to Reg: 0x10 Val: 0x00008000
Execution is stopping! Clock Cycle: 16
