[inst #1] addi $1,$0,0
Register Write to Reg: 0x01 Val: 0x00000000
[inst #2] addi $2,$0,0
Register Write to Reg: 0x02 Val: 0x00000000
[inst #3] addi $3,$0,0
Register Write to Reg: 0x03 Val: 0x00000000
[inst #4] addi $4,$0,0
Register Write to Reg: 0x04 Val: 0x00000000
[inst #5] addi $5,$0,0
Register Write to Reg: 0x05 Val: 0x00000000
[inst #6] addi $6,$0,0
Register Write to Reg: 0x06 Val: 0x00000000
[inst #7] addi $7,$0,0
Register Write to Reg: 0x07 Val: 0x00000000
[inst #8] addi $8,$0,0
Register Write to Reg: 0x08 Val: 0x00000000
[inst #9] addi $9,$0,0
Register Write to Reg: 0x09 Val: 0x00000000
[inst #10] addi $10,$0,0
Register Write to Reg: 0x0A Val: 0x00000000
[inst #11] slti $11,$1,0
Register Write to Reg: 0x0B Val: 0x00000000
[inst #12] slti $12,$2,0
Register Write to Reg: 0x0C Val: 0x00000000
[inst #13] slti $13,$3,0
Register Write to Reg: 0x0D Val: 0x00000000
[inst #14] slti $14,$4,0
Register Write to Reg: 0x0E Val: 0x00000000
[inst #15] slti $15,$5,0
Register Write to Reg: 0x0F Val: 0x00000000
[inst #16] slti $16,$6,0
Register Write to Reg: 0x10 Val: 0x00000000
[inst #17] slti $17,$7,0
Register Write to Reg: 0x11 Val: 0x00000000
[inst #18] slti $18,$8,0
Register Write to Reg: 0x12 Val: 0x00000000
[inst #19] slti $19,$9,0
Register Write to Reg: 0x13 Val: 0x00000000
[inst #20] slti $20,$10,0
Register Write to Reg: 0x14 Val: 0x00000000
[inst #21] halt 

