In clock cycle: 0
Register Write to Reg: 0x10 Val: 0x00000001
In clock cycle: 1
Register Write to Reg: 0x10 Val: 0x00000002
In clock cycle: 2
Register Write to Reg: 0x10 Val: 0x00000003
In clock cycle: 3
Register Write to Reg: 0x10 Val: 0x00000004
In clock cycle: 4
Register Write to Reg: 0x10 Val: 0x00000005
In clock cycle: 5
Register Write to Reg: 0x10 Val: 0x00000006
In clock cycle: 6
Register Write to Reg: 0x10 Val: 0x00000007
In clock cycle: 7
Register Write to Reg: 0x10 Val: 0x00000008
In clock cycle: 8
Register Write to Reg: 0x10 Val: 0x00000009
In clock cycle: 9
Register Write to Reg: 0x10 Val: 0x0000000A
In clock cycle: 10
Register Write to Reg: 0x10 Val: 0x0000000B
In clock cycle: 11
Register Write to Reg: 0x10 Val: 0x0000000C
In clock cycle: 12
Register Write to Reg: 0x10 Val: 0x0000000D
In clock cycle: 13
Register Write to Reg: 0x10 Val: 0x0000000E
In clock cycle: 14
Register Write to Reg: 0x10 Val: 0x0000000F
In clock cycle: 15
Register Write to Reg: 0x10 Val: 0x0000001F
In clock cycle: 16
Register Write to Reg: 0x10 Val: 0x0000002F
In clock cycle: 17
Register Write to Reg: 0x10 Val: 0x0000003F
In clock cycle: 18
Register Write to Reg: 0x10 Val: 0x0000004F
In clock cycle: 19
Register Write to Reg: 0x10 Val: 0x0000005F
In clock cycle: 20
Register Write to Reg: 0x10 Val: 0x0000006F
In clock cycle: 21
Register Write to Reg: 0x10 Val: 0x0000007F
In clock cycle: 22
Register Write to Reg: 0x10 Val: 0x0000008F
In clock cycle: 23
Register Write to Reg: 0x10 Val: 0x0000009F
In clock cycle: 24
Register Write to Reg: 0x10 Val: 0x000000AF
In clock cycle: 25
Register Write to Reg: 0x10 Val: 0x000000BF
In clock cycle: 26
Register Write to Reg: 0x10 Val: 0x000000CF
In clock cycle: 27
Register Write to Reg: 0x10 Val: 0x000000DF
In clock cycle: 28
Register Write to Reg: 0x10 Val: 0x000000EF
In clock cycle: 29
Register Write to Reg: 0x10 Val: 0x000000FF
In clock cycle: 30
Register Write to Reg: 0x10 Val: 0x000001FF
In clock cycle: 31
Register Write to Reg: 0x10 Val: 0x000002FF
In clock cycle: 32
Register Write to Reg: 0x10 Val: 0x000003FF
In clock cycle: 33
Register Write to Reg: 0x10 Val: 0x000004FF
In clock cycle: 34
Register Write to Reg: 0x10 Val: 0x000005FF
In clock cycle: 35
Register Write to Reg: 0x10 Val: 0x000006FF
In clock cycle: 36
Register Write to Reg: 0x10 Val: 0x000007FF
In clock cycle: 37
Register Write to Reg: 0x10 Val: 0x000008FF
In clock cycle: 38
Register Write to Reg: 0x10 Val: 0x000009FF
In clock cycle: 39
Register Write to Reg: 0x10 Val: 0x00000AFF
In clock cycle: 40
Register Write to Reg: 0x10 Val: 0x00000BFF
In clock cycle: 41
Register Write to Reg: 0x10 Val: 0x00000CFF
In clock cycle: 42
Register Write to Reg: 0x10 Val: 0x00000DFF
In clock cycle: 43
Register Write to Reg: 0x10 Val: 0x00000EFF
In clock cycle: 44
Register Write to Reg: 0x10 Val: 0x00000FFF
In clock cycle: 45
Register Write to Reg: 0x10 Val: 0x00001FFF
In clock cycle: 46
Register Write to Reg: 0x10 Val: 0x00002FFF
In clock cycle: 47
Register Write to Reg: 0x10 Val: 0x00003FFF
In clock cycle: 48
Register Write to Reg: 0x10 Val: 0x00004FFF
In clock cycle: 49
Register Write to Reg: 0x10 Val: 0x00005FFF
In clock cycle: 50
Register Write to Reg: 0x10 Val: 0x00006FFF
In clock cycle: 51
Register Write to Reg: 0x10 Val: 0x00007FFF
In clock cycle: 52
Register Write to Reg: 0x10 Val: 0x00008FFF
In clock cycle: 53
Register Write to Reg: 0x10 Val: 0x00009FFF
In clock cycle: 54
Register Write to Reg: 0x10 Val: 0x0000AFFF
In clock cycle: 55
Register Write to Reg: 0x10 Val: 0x0000BFFF
In clock cycle: 56
Register Write to Reg: 0x10 Val: 0x0000CFFF
In clock cycle: 57
Register Write to Reg: 0x10 Val: 0x0000DFFF
In clock cycle: 58
Register Write to Reg: 0x10 Val: 0x0000EFFF
In clock cycle: 59
Register Write to Reg: 0x10 Val: 0x0000FFFF
In clock cycle: 60
Register Write to Reg: 0x01 Val: 0x00010000
In clock cycle: 61
Register Write to Reg: 0x01 Val: 0x00010000
In clock cycle: 62
Register Write to Reg: 0x10 Val: 0x0001FFFF
In clock cycle: 63
Register Write to Reg: 0x01 Val: 0x00010000
In clock cycle: 64
Register Write to Reg: 0x01 Val: 0x00010000
In clock cycle: 65
Register Write to Reg: 0x10 Val: 0x0002FFFF
In clock cycle: 66
Register Write to Reg: 0x01 Val: 0x00010000
In clock cycle: 67
Register Write to Reg: 0x01 Val: 0x00010000
In clock cycle: 68
Register Write to Reg: 0x10 Val: 0x0003FFFF
In clock cycle: 69
Register Write to Reg: 0x01 Val: 0x00010000
In clock cycle: 70
Register Write to Reg: 0x01 Val: 0x00010000
In clock cycle: 71
Register Write to Reg: 0x10 Val: 0x0004FFFF
In clock cycle: 72
Register Write to Reg: 0x01 Val: 0x00010000
In clock cycle: 73
Register Write to Reg: 0x01 Val: 0x00010000
In clock cycle: 74
Register Write to Reg: 0x10 Val: 0x0005FFFF
In clock cycle: 75
Register Write to Reg: 0x01 Val: 0x00010000
In clock cycle: 76
Register Write to Reg: 0x01 Val: 0x00010000
In clock cycle: 77
Register Write to Reg: 0x10 Val: 0x0006FFFF
In clock cycle: 78
Register Write to Reg: 0x01 Val: 0x00010000
In clock cycle: 79
Register Write to Reg: 0x01 Val: 0x00010000
In clock cycle: 80
Register Write to Reg: 0x10 Val: 0x0007FFFF
In clock cycle: 81
Register Write to Reg: 0x01 Val: 0x00010000
In clock cycle: 82
Register Write to Reg: 0x01 Val: 0x00010000
In clock cycle: 83
Register Write to Reg: 0x10 Val: 0x0008FFFF
In clock cycle: 84
Register Write to Reg: 0x01 Val: 0x00010000
In clock cycle: 85
Register Write to Reg: 0x01 Val: 0x00010000
In clock cycle: 86
Register Write to Reg: 0x10 Val: 0x0009FFFF
In clock cycle: 87
Register Write to Reg: 0x01 Val: 0x00010000
In clock cycle: 88
Register Write to Reg: 0x01 Val: 0x00010000
In clock cycle: 89
Register Write to Reg: 0x10 Val: 0x000AFFFF
In clock cycle: 90
Register Write to Reg: 0x01 Val: 0x00010000
In clock cycle: 91
Register Write to Reg: 0x01 Val: 0x00010000
In clock cycle: 92
Register Write to Reg: 0x10 Val: 0x000BFFFF
In clock cycle: 93
Register Write to Reg: 0x01 Val: 0x00010000
In clock cycle: 94
Register Write to Reg: 0x01 Val: 0x00010000
In clock cycle: 95
Register Write to Reg: 0x10 Val: 0x000CFFFF
In clock cycle: 96
Register Write to Reg: 0x01 Val: 0x00010000
In clock cycle: 97
Register Write to Reg: 0x01 Val: 0x00010000
In clock cycle: 98
Register Write to Reg: 0x10 Val: 0x000DFFFF
In clock cycle: 99
Register Write to Reg: 0x01 Val: 0x00010000
In clock cycle: 100
Register Write to Reg: 0x01 Val: 0x00010000
In clock cycle: 101
Register Write to Reg: 0x10 Val: 0x000EFFFF
In clock cycle: 102
Register Write to Reg: 0x01 Val: 0x00010000
In clock cycle: 103
Register Write to Reg: 0x01 Val: 0x00010000
In clock cycle: 104
Register Write to Reg: 0x10 Val: 0x000FFFFF
In clock cycle: 105
Register Write to Reg: 0x01 Val: 0x00100000
In clock cycle: 106
Register Write to Reg: 0x01 Val: 0x00100000
In clock cycle: 107
Register Write to Reg: 0x10 Val: 0x001FFFFF
In clock cycle: 108
Register Write to Reg: 0x01 Val: 0x00100000
In clock cycle: 109
Register Write to Reg: 0x01 Val: 0x00100000
In clock cycle: 110
Register Write to Reg: 0x10 Val: 0x002FFFFF
In clock cycle: 111
Register Write to Reg: 0x01 Val: 0x00100000
In clock cycle: 112
Register Write to Reg: 0x01 Val: 0x00100000
In clock cycle: 113
Register Write to Reg: 0x10 Val: 0x003FFFFF
In clock cycle: 114
Register Write to Reg: 0x01 Val: 0x00100000
In clock cycle: 115
Register Write to Reg: 0x01 Val: 0x00100000
In clock cycle: 116
Register Write to Reg: 0x10 Val: 0x004FFFFF
In clock cycle: 117
Register Write to Reg: 0x01 Val: 0x00100000
In clock cycle: 118
Register Write to Reg: 0x01 Val: 0x00100000
In clock cycle: 119
Register Write to Reg: 0x10 Val: 0x005FFFFF
In clock cycle: 120
Register Write to Reg: 0x01 Val: 0x00100000
In clock cycle: 121
Register Write to Reg: 0x01 Val: 0x00100000
In clock cycle: 122
Register Write to Reg: 0x10 Val: 0x006FFFFF
In clock cycle: 123
Register Write to Reg: 0x01 Val: 0x00100000
In clock cycle: 124
Register Write to Reg: 0x01 Val: 0x00100000
In clock cycle: 125
Register Write to Reg: 0x10 Val: 0x007FFFFF
In clock cycle: 126
Register Write to Reg: 0x01 Val: 0x00100000
In clock cycle: 127
Register Write to Reg: 0x01 Val: 0x00100000
In clock cycle: 128
Register Write to Reg: 0x10 Val: 0x008FFFFF
In clock cycle: 129
Register Write to Reg: 0x01 Val: 0x00100000
In clock cycle: 130
Register Write to Reg: 0x01 Val: 0x00100000
In clock cycle: 131
Register Write to Reg: 0x10 Val: 0x009FFFFF
In clock cycle: 132
Register Write to Reg: 0x01 Val: 0x00100000
In clock cycle: 133
Register Write to Reg: 0x01 Val: 0x00100000
In clock cycle: 134
Register Write to Reg: 0x10 Val: 0x00AFFFFF
In clock cycle: 135
Register Write to Reg: 0x01 Val: 0x00100000
In clock cycle: 136
Register Write to Reg: 0x01 Val: 0x00100000
In clock cycle: 137
Register Write to Reg: 0x10 Val: 0x00BFFFFF
In clock cycle: 138
Register Write to Reg: 0x01 Val: 0x00100000
In clock cycle: 139
Register Write to Reg: 0x01 Val: 0x00100000
In clock cycle: 140
Register Write to Reg: 0x10 Val: 0x00CFFFFF
In clock cycle: 141
Register Write to Reg: 0x01 Val: 0x00100000
In clock cycle: 142
Register Write to Reg: 0x01 Val: 0x00100000
In clock cycle: 143
Register Write to Reg: 0x10 Val: 0x00DFFFFF
In clock cycle: 144
Register Write to Reg: 0x01 Val: 0x00100000
In clock cycle: 145
Register Write to Reg: 0x01 Val: 0x00100000
In clock cycle: 146
Register Write to Reg: 0x10 Val: 0x00EFFFFF
In clock cycle: 147
Register Write to Reg: 0x01 Val: 0x00100000
In clock cycle: 148
Register Write to Reg: 0x01 Val: 0x00100000
In clock cycle: 149
Register Write to Reg: 0x10 Val: 0x00FFFFFF
In clock cycle: 150
Register Write to Reg: 0x01 Val: 0x01000000
In clock cycle: 151
Register Write to Reg: 0x01 Val: 0x01000000
In clock cycle: 152
Register Write to Reg: 0x10 Val: 0x01FFFFFF
In clock cycle: 153
Register Write to Reg: 0x01 Val: 0x01000000
In clock cycle: 154
Register Write to Reg: 0x01 Val: 0x01000000
In clock cycle: 155
Register Write to Reg: 0x10 Val: 0x02FFFFFF
In clock cycle: 156
Register Write to Reg: 0x01 Val: 0x01000000
In clock cycle: 157
Register Write to Reg: 0x01 Val: 0x01000000
In clock cycle: 158
Register Write to Reg: 0x10 Val: 0x03FFFFFF
In clock cycle: 159
Register Write to Reg: 0x01 Val: 0x01000000
In clock cycle: 160
Register Write to Reg: 0x01 Val: 0x01000000
In clock cycle: 161
Register Write to Reg: 0x10 Val: 0x04FFFFFF
In clock cycle: 162
Register Write to Reg: 0x01 Val: 0x01000000
In clock cycle: 163
Register Write to Reg: 0x01 Val: 0x01000000
In clock cycle: 164
Register Write to Reg: 0x10 Val: 0x05FFFFFF
In clock cycle: 165
Register Write to Reg: 0x01 Val: 0x01000000
In clock cycle: 166
Register Write to Reg: 0x01 Val: 0x01000000
In clock cycle: 167
Register Write to Reg: 0x10 Val: 0x06FFFFFF
In clock cycle: 168
Register Write to Reg: 0x01 Val: 0x01000000
In clock cycle: 169
Register Write to Reg: 0x01 Val: 0x01000000
In clock cycle: 170
Register Write to Reg: 0x10 Val: 0x07FFFFFF
In clock cycle: 171
Register Write to Reg: 0x01 Val: 0x01000000
In clock cycle: 172
Register Write to Reg: 0x01 Val: 0x01000000
In clock cycle: 173
Register Write to Reg: 0x10 Val: 0x08FFFFFF
In clock cycle: 174
Register Write to Reg: 0x01 Val: 0x01000000
In clock cycle: 175
Register Write to Reg: 0x01 Val: 0x01000000
In clock cycle: 176
Register Write to Reg: 0x10 Val: 0x09FFFFFF
In clock cycle: 177
Register Write to Reg: 0x01 Val: 0x01000000
In clock cycle: 178
Register Write to Reg: 0x01 Val: 0x01000000
In clock cycle: 179
Register Write to Reg: 0x10 Val: 0x0AFFFFFF
In clock cycle: 180
Register Write to Reg: 0x01 Val: 0x01000000
In clock cycle: 181
Register Write to Reg: 0x01 Val: 0x01000000
In clock cycle: 182
Register Write to Reg: 0x10 Val: 0x0BFFFFFF
In clock cycle: 183
Register Write to Reg: 0x01 Val: 0x01000000
In clock cycle: 184
Register Write to Reg: 0x01 Val: 0x01000000
In clock cycle: 185
Register Write to Reg: 0x10 Val: 0x0CFFFFFF
In clock cycle: 186
Register Write to Reg: 0x01 Val: 0x01000000
In clock cycle: 187
Register Write to Reg: 0x01 Val: 0x01000000
In clock cycle: 188
Register Write to Reg: 0x10 Val: 0x0DFFFFFF
In clock cycle: 189
Register Write to Reg: 0x01 Val: 0x01000000
In clock cycle: 190
Register Write to Reg: 0x01 Val: 0x01000000
In clock cycle: 191
Register Write to Reg: 0x10 Val: 0x0EFFFFFF
In clock cycle: 192
Register Write to Reg: 0x01 Val: 0x01000000
In clock cycle: 193
Register Write to Reg: 0x01 Val: 0x01000000
In clock cycle: 194
Register Write to Reg: 0x10 Val: 0x0FFFFFFF
In clock cycle: 195
Register Write to Reg: 0x01 Val: 0x10000000
In clock cycle: 196
Register Write to Reg: 0x01 Val: 0x10000000
In clock cycle: 197
Register Write to Reg: 0x10 Val: 0x1FFFFFFF
In clock cycle: 198
Register Write to Reg: 0x01 Val: 0x10000000
In clock cycle: 199
Register Write to Reg: 0x01 Val: 0x10000000
In clock cycle: 200
Register Write to Reg: 0x10 Val: 0x2FFFFFFF
In clock cycle: 201
Register Write to Reg: 0x01 Val: 0x10000000
In clock cycle: 202
Register Write to Reg: 0x01 Val: 0x10000000
In clock cycle: 203
Register Write to Reg: 0x10 Val: 0x3FFFFFFF
In clock cycle: 204
Register Write to Reg: 0x01 Val: 0x10000000
In clock cycle: 205
Register Write to Reg: 0x01 Val: 0x10000000
In clock cycle: 206
Register Write to Reg: 0x10 Val: 0x4FFFFFFF
In clock cycle: 207
Register Write to Reg: 0x01 Val: 0x10000000
In clock cycle: 208
Register Write to Reg: 0x01 Val: 0x10000000
In clock cycle: 209
Register Write to Reg: 0x10 Val: 0x5FFFFFFF
In clock cycle: 210
Register Write to Reg: 0x01 Val: 0x10000000
In clock cycle: 211
Register Write to Reg: 0x01 Val: 0x10000000
In clock cycle: 212
Register Write to Reg: 0x10 Val: 0x6FFFFFFF
In clock cycle: 213
Register Write to Reg: 0x01 Val: 0x10000000
In clock cycle: 214
Register Write to Reg: 0x01 Val: 0x10000000
In clock cycle: 215
Register Write to Reg: 0x10 Val: 0x7FFFFFFF
In clock cycle: 216
Register Write to Reg: 0x01 Val: 0x10000000
In clock cycle: 217
Register Write to Reg: 0x01 Val: 0x10000000
In clock cycle: 218
Register Write to Reg: 0x10 Val: 0x8FFFFFFF
In clock cycle: 219
Register Write to Reg: 0x01 Val: 0x10000000
In clock cycle: 220
Register Write to Reg: 0x01 Val: 0x10000000
In clock cycle: 221
Register Write to Reg: 0x10 Val: 0x9FFFFFFF
In clock cycle: 222
Register Write to Reg: 0x01 Val: 0x10000000
In clock cycle: 223
Register Write to Reg: 0x01 Val: 0x10000000
In clock cycle: 224
Register Write to Reg: 0x10 Val: 0xAFFFFFFF
In clock cycle: 225
Register Write to Reg: 0x01 Val: 0x10000000
In clock cycle: 226
Register Write to Reg: 0x01 Val: 0x10000000
In clock cycle: 227
Register Write to Reg: 0x10 Val: 0xBFFFFFFF
In clock cycle: 228
Register Write to Reg: 0x01 Val: 0x10000000
In clock cycle: 229
Register Write to Reg: 0x01 Val: 0x10000000
In clock cycle: 230
Register Write to Reg: 0x10 Val: 0xCFFFFFFF
In clock cycle: 231
Register Write to Reg: 0x01 Val: 0x10000000
In clock cycle: 232
Register Write to Reg: 0x01 Val: 0x10000000
In clock cycle: 233
Register Write to Reg: 0x10 Val: 0xDFFFFFFF
In clock cycle: 234
Register Write to Reg: 0x01 Val: 0x10000000
In clock cycle: 235
Register Write to Reg: 0x01 Val: 0x10000000
In clock cycle: 236
Register Write to Reg: 0x10 Val: 0xEFFFFFFF
In clock cycle: 237
Register Write to Reg: 0x01 Val: 0x10000000
In clock cycle: 238
Register Write to Reg: 0x01 Val: 0x10000000
In clock cycle: 239
Register Write to Reg: 0x10 Val: 0xFFFFFFFF
Execution is stopping! Clock Cycle: 240
