[inst #1] NOP 
[inst #2] addi $16,$17,4
Register Write to Reg: 0x10 Val: 0x00000004
[inst #3] NOP 
[inst #4] NOP 
[inst #5] NOP 
[inst #6] add $18,$16,$0
Register Write to Reg: 0x12 Val: 0x00000004
[inst #7] NOP 
[inst #8] NOP 
[inst #9] NOP 
[inst #10] addu $19,$18,$16
Register Write to Reg: 0x13 Val: 0x00000008
[inst #11] NOP 
[inst #12] NOP 
[inst #13] NOP 
[inst #14] addiu $20,$18,2
Register Write to Reg: 0x14 Val: 0x00000006
[inst #15] NOP 
[inst #16] NOP 
[inst #17] NOP 
[inst #18] and $21,$20,$18
Register Write to Reg: 0x15 Val: 0x00000004
[inst #19] NOP 
[inst #20] NOP 
[inst #21] NOP 
[inst #22] andi $21,$21,0
Register Write to Reg: 0x15 Val: 0x00000000
[inst #23] NOP 
[inst #24] NOP 
[inst #25] NOP 
[inst #26] lui $4,4096
Register Write to Reg: 0x04 Val: 0x10000000
[inst #27] NOP 
[inst #28] NOP 
[inst #29] NOP 
[inst #30] sw $4,0($4)
Memory Write to Addr: 0x10000000 Val: 0x10000000
[inst #31] NOP 
[inst #32] NOP 
[inst #33] NOP 
[inst #34] lw $4,0($4)
Register Write to Reg: 0x04 Val: 0x10000000
[inst #35] NOP 
[inst #36] NOP 
[inst #37] NOP 
[inst #38] nor $8,$20,$0
Register Write to Reg: 0x08 Val: 0xFFFFFFF9
[inst #39] xor $9,$20,$18
Register Write to Reg: 0x09 Val: 0x00000002
[inst #40] NOP 
[inst #41] NOP 
[inst #42] NOP 
[inst #43] xori $10,$9,3855
Register Write to Reg: 0x0A Val: 0x00000F0D
[inst #44] NOP 
[inst #45] NOP 
[inst #46] NOP 
[inst #47] beq $0,$0,0
[inst #48] NOP 
[inst #49] NOP 
[inst #50] or $11,$0,$10
Register Write to Reg: 0x0B Val: 0x00000F0D
[inst #51] ori $12,$0,65535
Register Write to Reg: 0x0C Val: 0x0000FFFF
[inst #52] slt $1,$18,$20
Register Write to Reg: 0x01 Val: 0x00000001
[inst #53] slti $16,$18,3840
Register Write to Reg: 0x10 Val: 0x00000001
[inst #54] sll $13,$20,7
Register Write to Reg: 0x0D Val: 0x00000300
[inst #55] NOP 
[inst #56] NOP 
[inst #57] NOP 
[inst #58] j 4194536
[inst #59] NOP 
[inst #60] NOP 
[inst #61] srl $13,$13,7
Register Write to Reg: 0x0D Val: 0x00000006
[inst #62] sra $12,$12,9
Register Write to Reg: 0x0C Val: 0x0000007F
[inst #63] sub $18,$18,$19
Register Write to Reg: 0x12 Val: 0xFFFFFFFC
[inst #64] NOP 
[inst #65] NOP 
[inst #66] NOP 
[inst #67] subu $18,$18,$19
Register Write to Reg: 0x12 Val: 0xFFFFFFF4
[inst #68] halt 

