[inst #1] lui $1,0
Register Write to Reg: 0x01 Val: 0x00000000
[inst #2] ori $1,$1,65535
Register Write to Reg: 0x01 Val: 0x0000FFFF
[inst #3] add $9,$0,$1
Register Write to Reg: 0x09 Val: 0x0000FFFF
[inst #4] addi $10,$0,0
Register Write to Reg: 0x0A Val: 0x00000000
[inst #5] or $17,$9,$10
Register Write to Reg: 0x11 Val: 0x0000FFFF
[inst #6] lui $1,0
Register Write to Reg: 0x01 Val: 0x00000000
[inst #7] ori $1,$1,65535
Register Write to Reg: 0x01 Val: 0x0000FFFF
[inst #8] addu $9,$0,$1
Register Write to Reg: 0x09 Val: 0x0000FFFF
[inst #9] lui $1,0
Register Write to Reg: 0x01 Val: 0x00000000
[inst #10] ori $1,$1,65535
Register Write to Reg: 0x01 Val: 0x0000FFFF
[inst #11] addu $10,$0,$1
Register Write to Reg: 0x0A Val: 0x0000FFFF
[inst #12] or $19,$9,$10
Register Write to Reg: 0x13 Val: 0x0000FFFF
[inst #13] or $20,$0,$10
Register Write to Reg: 0x14 Val: 0x0000FFFF
[inst #14] halt 

